Length of dataset:  36837
2021-06-12 00:55:16.720441
Cuda enabled:  True
{'root_dir': 'data/test/', 'save_dir': 'data/test/results_1/0/', 'disable_cuda': False, 'workers': 0, 'epochs': 10, 'start_epoch': 0, 'batch_size': 256, 'lr': 0.01, 'lr_milestones': [200, 400, 600, 800], 'momentum': 0.9, 'weight_decay': 0, 'print_freq': 10, 'resume': '', 'train_size': 22102, 'val_size': 7367, 'test_size': 7368, 'optimizer': 'Adam', 'atom_fea_len': 64, 'h_fea_len': 32, 'n_conv': 1, 'n_hp': 1, 'scheduler': 'MultiStepLR', 'metric': 'mae', 'seed': 887, 'weights': None, 'dropout': 0, 'cuda': True}
Loading datasets...
Predicting  2  properties!!
Epoch: [0][0/87]	Time 18.994 (18.994)	Data 18.874 (18.874)	Loss 1.1732 (1.1732)	ERR 1.249 (1.249)
Epoch: [0][10/87]	Time 23.874 (26.494)	Data 23.757 (26.377)	Loss 0.5851 (0.8582)	ERR 0.973 (1.099)
Epoch: [0][20/87]	Time 21.352 (24.030)	Data 21.236 (23.914)	Loss 0.4752 (0.6842)	ERR 0.756 (0.958)
Epoch: [0][30/87]	Time 21.745 (23.005)	Data 21.628 (22.889)	Loss 0.3786 (0.5958)	ERR 0.695 (0.882)
Epoch: [0][40/87]	Time 22.716 (23.631)	Data 22.601 (23.516)	Loss 0.3149 (0.5420)	ERR 0.616 (0.837)
Epoch: [0][50/87]	Time 21.930 (23.481)	Data 21.817 (23.366)	Loss 0.2835 (0.5010)	ERR 0.595 (0.797)
Epoch: [0][60/87]	Time 22.915 (23.697)	Data 22.801 (23.582)	Loss 0.2472 (0.4646)	ERR 0.537 (0.762)
Epoch: [0][70/87]	Time 23.469 (23.514)	Data 23.354 (23.399)	Loss 0.2632 (0.4377)	ERR 0.546 (0.735)
Epoch: [0][80/87]	Time 22.048 (23.305)	Data 21.935 (23.190)	Loss 0.2263 (0.4144)	ERR 0.491 (0.710)
Training Error: 0.699  Loss: 0.404
Test: [0/29]	Time 24.505 (24.505)	Loss 0.2700 (0.2700)	ERR 0.527 (0.527)
Test: [10/29]	Time 20.846 (22.081)	Loss 0.3468 (0.2946)	ERR 0.601 (0.559)
Test: [20/29]	Time 23.785 (22.096)	Loss 0.2636 (0.2911)	ERR 0.530 (0.554)
 * ERR 0.551 LOSS 0.288
Saving best parameters...
Epoch: [1][0/87]	Time 0.161 (0.161)	Data 0.047 (0.047)	Loss 0.2853 (0.2853)	ERR 0.591 (0.591)
Epoch: [1][10/87]	Time 0.122 (0.132)	Data 0.023 (0.026)	Loss 0.3116 (0.2724)	ERR 0.613 (0.559)
Epoch: [1][20/87]	Time 0.119 (0.128)	Data 0.022 (0.025)	Loss 0.2204 (0.2595)	ERR 0.493 (0.547)
Epoch: [1][30/87]	Time 0.135 (0.126)	Data 0.024 (0.024)	Loss 0.2272 (0.2474)	ERR 0.486 (0.531)
Epoch: [1][40/87]	Time 0.125 (0.126)	Data 0.024 (0.024)	Loss 0.2472 (0.2419)	ERR 0.517 (0.522)
Epoch: [1][50/87]	Time 0.125 (0.126)	Data 0.024 (0.024)	Loss 0.2144 (0.2374)	ERR 0.455 (0.516)
Epoch: [1][60/87]	Time 0.122 (0.126)	Data 0.022 (0.024)	Loss 0.1936 (0.2333)	ERR 0.475 (0.509)
Epoch: [1][70/87]	Time 0.121 (0.126)	Data 0.022 (0.024)	Loss 0.2447 (0.2290)	ERR 0.509 (0.503)
Epoch: [1][80/87]	Time 0.125 (0.126)	Data 0.023 (0.024)	Loss 0.1885 (0.2259)	ERR 0.421 (0.497)
Training Error: 0.496  Loss: 0.225
Test: [0/29]	Time 0.050 (0.050)	Loss 0.2350 (0.2350)	ERR 0.474 (0.474)
Test: [10/29]	Time 0.039 (0.040)	Loss 0.1909 (0.1838)	ERR 0.441 (0.430)
Test: [20/29]	Time 0.040 (0.040)	Loss 0.2268 (0.1940)	ERR 0.480 (0.440)
 * ERR 0.435 LOSS 0.192
Saving best parameters...
Epoch: [2][0/87]	Time 0.141 (0.141)	Data 0.035 (0.035)	Loss 0.1686 (0.1686)	ERR 0.398 (0.398)
Epoch: [2][10/87]	Time 0.128 (0.126)	Data 0.024 (0.024)	Loss 0.1958 (0.1950)	ERR 0.461 (0.452)
Epoch: [2][20/87]	Time 0.121 (0.126)	Data 0.022 (0.024)	Loss 0.1618 (0.1874)	ERR 0.425 (0.441)
Epoch: [2][30/87]	Time 0.125 (0.125)	Data 0.023 (0.024)	Loss 0.1992 (0.1859)	ERR 0.471 (0.439)
Epoch: [2][40/87]	Time 0.123 (0.125)	Data 0.023 (0.024)	Loss 0.2665 (0.1862)	ERR 0.465 (0.438)
Epoch: [2][50/87]	Time 0.124 (0.125)	Data 0.023 (0.024)	Loss 0.1745 (0.1880)	ERR 0.470 (0.441)
Epoch: [2][60/87]	Time 0.123 (0.125)	Data 0.023 (0.024)	Loss 0.1766 (0.1893)	ERR 0.434 (0.446)
Epoch: [2][70/87]	Time 0.124 (0.125)	Data 0.023 (0.023)	Loss 0.2110 (0.1900)	ERR 0.465 (0.447)
Epoch: [2][80/87]	Time 0.126 (0.125)	Data 0.023 (0.023)	Loss 0.2262 (0.1911)	ERR 0.520 (0.448)
Training Error: 0.447  Loss: 0.190
Test: [0/29]	Time 0.049 (0.049)	Loss 0.2226 (0.2226)	ERR 0.444 (0.444)
Test: [10/29]	Time 0.037 (0.039)	Loss 0.1852 (0.1926)	ERR 0.417 (0.429)
Test: [20/29]	Time 0.038 (0.038)	Loss 0.1650 (0.1880)	ERR 0.415 (0.423)
 * ERR 0.427 LOSS 0.191
Saving best parameters...
Epoch: [3][0/87]	Time 0.142 (0.142)	Data 0.036 (0.036)	Loss 0.2392 (0.2392)	ERR 0.465 (0.465)
Epoch: [3][10/87]	Time 0.121 (0.125)	Data 0.022 (0.024)	Loss 0.2154 (0.2006)	ERR 0.526 (0.467)
Epoch: [3][20/87]	Time 0.120 (0.124)	Data 0.023 (0.024)	Loss 0.2091 (0.1957)	ERR 0.494 (0.464)
Epoch: [3][30/87]	Time 0.120 (0.125)	Data 0.022 (0.024)	Loss 0.1691 (0.1869)	ERR 0.411 (0.450)
Epoch: [3][40/87]	Time 0.123 (0.125)	Data 0.023 (0.023)	Loss 0.1642 (0.1846)	ERR 0.378 (0.443)
Epoch: [3][50/87]	Time 0.125 (0.125)	Data 0.023 (0.023)	Loss 0.1655 (0.1824)	ERR 0.428 (0.439)
Epoch: [3][60/87]	Time 0.121 (0.125)	Data 0.023 (0.023)	Loss 0.1558 (0.1812)	ERR 0.369 (0.437)
Epoch: [3][70/87]	Time 0.123 (0.125)	Data 0.022 (0.023)	Loss 0.1520 (0.1796)	ERR 0.414 (0.434)
Epoch: [3][80/87]	Time 0.133 (0.125)	Data 0.031 (0.023)	Loss 0.1571 (0.1780)	ERR 0.391 (0.431)
Training Error: 0.428  Loss: 0.176
Test: [0/29]	Time 0.051 (0.051)	Loss 0.1542 (0.1542)	ERR 0.384 (0.384)
Test: [10/29]	Time 0.038 (0.039)	Loss 0.1434 (0.1541)	ERR 0.374 (0.393)
Test: [20/29]	Time 0.038 (0.039)	Loss 0.1418 (0.1564)	ERR 0.383 (0.390)
 * ERR 0.390 LOSS 0.156
Saving best parameters...
Epoch: [4][0/87]	Time 0.255 (0.255)	Data 0.152 (0.152)	Loss 0.1587 (0.1587)	ERR 0.413 (0.413)
Epoch: [4][10/87]	Time 0.123 (0.137)	Data 0.023 (0.035)	Loss 0.1530 (0.1646)	ERR 0.406 (0.401)
Epoch: [4][20/87]	Time 0.140 (0.132)	Data 0.034 (0.030)	Loss 0.1991 (0.1642)	ERR 0.491 (0.409)
Epoch: [4][30/87]	Time 0.126 (0.129)	Data 0.023 (0.028)	Loss 0.1868 (0.1642)	ERR 0.409 (0.403)
Epoch: [4][40/87]	Time 0.121 (0.128)	Data 0.023 (0.026)	Loss 0.2032 (0.1637)	ERR 0.420 (0.403)
Epoch: [4][50/87]	Time 0.127 (0.127)	Data 0.024 (0.026)	Loss 0.1704 (0.1640)	ERR 0.417 (0.404)
Epoch: [4][60/87]	Time 0.128 (0.127)	Data 0.024 (0.025)	Loss 0.1599 (0.1645)	ERR 0.422 (0.406)
Epoch: [4][70/87]	Time 0.121 (0.126)	Data 0.022 (0.025)	Loss 0.2107 (0.1633)	ERR 0.460 (0.404)
Epoch: [4][80/87]	Time 0.124 (0.126)	Data 0.023 (0.025)	Loss 0.1250 (0.1619)	ERR 0.366 (0.403)
Training Error: 0.403  Loss: 0.162
Test: [0/29]	Time 0.051 (0.051)	Loss 0.1973 (0.1973)	ERR 0.460 (0.460)
Test: [10/29]	Time 0.039 (0.040)	Loss 0.1670 (0.1680)	ERR 0.409 (0.426)
Test: [20/29]	Time 0.039 (0.039)	Loss 0.2023 (0.1702)	ERR 0.463 (0.429)
 * ERR 0.424 LOSS 0.165
Epoch: [5][0/87]	Time 0.140 (0.140)	Data 0.036 (0.036)	Loss 0.1747 (0.1747)	ERR 0.411 (0.411)
Epoch: [5][10/87]	Time 0.124 (0.126)	Data 0.023 (0.024)	Loss 0.1597 (0.1504)	ERR 0.402 (0.387)
Epoch: [5][20/87]	Time 0.122 (0.125)	Data 0.023 (0.024)	Loss 0.1724 (0.1535)	ERR 0.419 (0.390)
Epoch: [5][30/87]	Time 0.120 (0.125)	Data 0.022 (0.024)	Loss 0.1453 (0.1533)	ERR 0.393 (0.391)
Epoch: [5][40/87]	Time 0.127 (0.125)	Data 0.024 (0.023)	Loss 0.1714 (0.1528)	ERR 0.374 (0.387)
Epoch: [5][50/87]	Time 0.122 (0.125)	Data 0.022 (0.023)	Loss 0.1860 (0.1531)	ERR 0.438 (0.389)
Epoch: [5][60/87]	Time 0.134 (0.125)	Data 0.026 (0.023)	Loss 0.1398 (0.1548)	ERR 0.386 (0.394)
Epoch: [5][70/87]	Time 0.124 (0.125)	Data 0.024 (0.023)	Loss 0.1763 (0.1555)	ERR 0.390 (0.394)
Epoch: [5][80/87]	Time 0.123 (0.125)	Data 0.023 (0.023)	Loss 0.1489 (0.1543)	ERR 0.394 (0.392)
Training Error: 0.392  Loss: 0.154
Test: [0/29]	Time 0.062 (0.062)	Loss 0.1627 (0.1627)	ERR 0.391 (0.391)
Test: [10/29]	Time 0.039 (0.042)	Loss 0.1625 (0.1662)	ERR 0.401 (0.402)
Test: [20/29]	Time 0.039 (0.041)	Loss 0.1378 (0.1678)	ERR 0.381 (0.402)
 * ERR 0.401 LOSS 0.168
Epoch: [6][0/87]	Time 0.142 (0.142)	Data 0.036 (0.036)	Loss 0.1711 (0.1711)	ERR 0.401 (0.401)
Epoch: [6][10/87]	Time 0.126 (0.126)	Data 0.024 (0.024)	Loss 0.1378 (0.1498)	ERR 0.382 (0.385)
Epoch: [6][20/87]	Time 0.123 (0.125)	Data 0.023 (0.024)	Loss 0.1540 (0.1510)	ERR 0.404 (0.389)
Epoch: [6][30/87]	Time 0.124 (0.126)	Data 0.023 (0.024)	Loss 0.1346 (0.1462)	ERR 0.352 (0.379)
Epoch: [6][40/87]	Time 0.120 (0.125)	Data 0.021 (0.023)	Loss 0.1258 (0.1459)	ERR 0.333 (0.376)
Epoch: [6][50/87]	Time 0.125 (0.125)	Data 0.024 (0.023)	Loss 0.1887 (0.1453)	ERR 0.411 (0.376)
Epoch: [6][60/87]	Time 0.146 (0.126)	Data 0.024 (0.023)	Loss 0.1423 (0.1431)	ERR 0.370 (0.372)
Epoch: [6][70/87]	Time 0.128 (0.125)	Data 0.024 (0.023)	Loss 0.1187 (0.1435)	ERR 0.354 (0.374)
Epoch: [6][80/87]	Time 0.124 (0.125)	Data 0.023 (0.023)	Loss 0.2333 (0.1455)	ERR 0.530 (0.378)
Training Error: 0.379  Loss: 0.145
Test: [0/29]	Time 0.050 (0.050)	Loss 0.1195 (0.1195)	ERR 0.321 (0.321)
Test: [10/29]	Time 0.038 (0.039)	Loss 0.1139 (0.1392)	ERR 0.323 (0.348)
Test: [20/29]	Time 0.039 (0.039)	Loss 0.1720 (0.1408)	ERR 0.380 (0.351)
 * ERR 0.353 LOSS 0.143
Saving best parameters...
Epoch: [7][0/87]	Time 0.141 (0.141)	Data 0.036 (0.036)	Loss 0.1522 (0.1522)	ERR 0.356 (0.356)
Epoch: [7][10/87]	Time 0.124 (0.125)	Data 0.023 (0.024)	Loss 0.1561 (0.1478)	ERR 0.388 (0.386)
Epoch: [7][20/87]	Time 0.124 (0.125)	Data 0.023 (0.024)	Loss 0.1956 (0.1484)	ERR 0.456 (0.386)
Epoch: [7][30/87]	Time 0.125 (0.125)	Data 0.024 (0.023)	Loss 0.1342 (0.1452)	ERR 0.361 (0.382)
Epoch: [7][40/87]	Time 0.125 (0.125)	Data 0.023 (0.023)	Loss 0.1245 (0.1438)	ERR 0.348 (0.377)
Epoch: [7][50/87]	Time 0.125 (0.125)	Data 0.023 (0.023)	Loss 0.1217 (0.1421)	ERR 0.347 (0.375)
Epoch: [7][60/87]	Time 0.127 (0.126)	Data 0.025 (0.023)	Loss 0.1232 (0.1399)	ERR 0.347 (0.371)
Epoch: [7][70/87]	Time 0.125 (0.126)	Data 0.024 (0.023)	Loss 0.1262 (0.1397)	ERR 0.356 (0.370)
Epoch: [7][80/87]	Time 0.123 (0.126)	Data 0.023 (0.023)	Loss 0.1335 (0.1398)	ERR 0.344 (0.369)
Training Error: 0.369  Loss: 0.139
Test: [0/29]	Time 0.050 (0.050)	Loss 0.1369 (0.1369)	ERR 0.383 (0.383)
Test: [10/29]	Time 0.039 (0.040)	Loss 0.1261 (0.1286)	ERR 0.351 (0.360)
Test: [20/29]	Time 0.038 (0.039)	Loss 0.1350 (0.1340)	ERR 0.356 (0.366)
 * ERR 0.364 LOSS 0.133
Epoch: [8][0/87]	Time 0.137 (0.137)	Data 0.035 (0.035)	Loss 0.1188 (0.1188)	ERR 0.343 (0.343)
Epoch: [8][10/87]	Time 0.146 (0.128)	Data 0.023 (0.024)	Loss 0.1195 (0.1353)	ERR 0.345 (0.369)
Epoch: [8][20/87]	Time 0.125 (0.126)	Data 0.023 (0.024)	Loss 0.1560 (0.1326)	ERR 0.383 (0.362)
Epoch: [8][30/87]	Time 0.119 (0.126)	Data 0.022 (0.024)	Loss 0.1370 (0.1314)	ERR 0.364 (0.358)
Epoch: [8][40/87]	Time 0.134 (0.129)	Data 0.023 (0.024)	Loss 0.1492 (0.1325)	ERR 0.367 (0.357)
Epoch: [8][50/87]	Time 0.121 (0.128)	Data 0.023 (0.024)	Loss 0.1418 (0.1325)	ERR 0.377 (0.359)
Epoch: [8][60/87]	Time 0.144 (0.128)	Data 0.024 (0.024)	Loss 0.2110 (0.1343)	ERR 0.465 (0.361)
Epoch: [8][70/87]	Time 0.123 (0.128)	Data 0.022 (0.024)	Loss 0.1394 (0.1365)	ERR 0.359 (0.363)
Epoch: [8][80/87]	Time 0.137 (0.128)	Data 0.036 (0.024)	Loss 0.1281 (0.1364)	ERR 0.357 (0.363)
Training Error: 0.363  Loss: 0.136
Test: [0/29]	Time 0.047 (0.047)	Loss 0.1467 (0.1467)	ERR 0.405 (0.405)
Test: [10/29]	Time 0.038 (0.039)	Loss 0.1222 (0.1389)	ERR 0.376 (0.385)
Test: [20/29]	Time 0.038 (0.039)	Loss 0.1271 (0.1427)	ERR 0.368 (0.389)
 * ERR 0.392 LOSS 0.145
Epoch: [9][0/87]	Time 0.141 (0.141)	Data 0.036 (0.036)	Loss 0.1534 (0.1534)	ERR 0.405 (0.405)
Epoch: [9][10/87]	Time 0.122 (0.127)	Data 0.022 (0.024)	Loss 0.1317 (0.1393)	ERR 0.354 (0.371)
Epoch: [9][20/87]	Time 0.125 (0.126)	Data 0.024 (0.024)	Loss 0.1437 (0.1349)	ERR 0.352 (0.361)
Epoch: [9][30/87]	Time 0.124 (0.125)	Data 0.022 (0.024)	Loss 0.1068 (0.1328)	ERR 0.315 (0.361)
Epoch: [9][40/87]	Time 0.125 (0.125)	Data 0.024 (0.023)	Loss 0.1147 (0.1328)	ERR 0.328 (0.359)
Epoch: [9][50/87]	Time 0.121 (0.125)	Data 0.022 (0.023)	Loss 0.1084 (0.1324)	ERR 0.317 (0.360)
Epoch: [9][60/87]	Time 0.128 (0.125)	Data 0.024 (0.023)	Loss 0.1414 (0.1316)	ERR 0.368 (0.359)
Epoch: [9][70/87]	Time 0.125 (0.125)	Data 0.023 (0.023)	Loss 0.1278 (0.1306)	ERR 0.366 (0.357)
Epoch: [9][80/87]	Time 0.139 (0.125)	Data 0.022 (0.023)	Loss 0.1163 (0.1296)	ERR 0.339 (0.355)
Training Error: 0.354  Loss: 0.129
Test: [0/29]	Time 0.199 (0.199)	Loss 0.1474 (0.1474)	ERR 0.356 (0.356)
Test: [10/29]	Time 0.039 (0.053)	Loss 0.1614 (0.1583)	ERR 0.396 (0.367)
Test: [20/29]	Time 0.034 (0.046)	Loss 0.1717 (0.1624)	ERR 0.399 (0.372)
 * ERR 0.371 LOSS 0.161
---------Evaluate Model on Test Set---------------
Test: [0/29]	Time 22.087 (22.087)	Loss 0.1484 (0.1484)	ERR 0.358 (0.358)
Test: [10/29]	Time 18.978 (20.892)	Loss 0.1772 (0.1558)	ERR 0.376 (0.362)
Test: [20/29]	Time 22.561 (25.375)	Loss 0.1376 (0.1511)	ERR 0.366 (0.358)
Test error per property: [0.14277871 0.57503754]
Test loss per property: [0.04013602 0.2611428 ]
 ** ERR 0.359 LOSS 0.151
Best Error is:  0.352644681930542
2021-06-12 01:56:57.373567
Time taken  3700.653130531311
