Length of dataset:  36837
2021-06-12 14:12:11.029474
Cuda enabled:  True
{'root_dir': 'data/test/', 'save_dir': 'data/test/results_3_prop/0/', 'disable_cuda': False, 'workers': 0, 'epochs': 2, 'start_epoch': 0, 'batch_size': 10, 'lr': 0.01, 'lr_milestones': [200, 400, 600, 800], 'momentum': 0.9, 'weight_decay': 0, 'print_freq': 10, 'resume': '', 'train_size': 22102, 'val_size': 7367, 'test_size': 7368, 'optimizer': 'Adam', 'atom_fea_len': 64, 'h_fea_len': 32, 'n_conv': 1, 'n_hp': 1, 'scheduler': 'MultiStepLR', 'metric': 'rmse', 'seed': 887, 'weights': None, 'dropout': 0, 'cuda': True}
Loading datasets...
Predicting  3  properties!!
Epoch: [0][0/2211]	Time 1.221 (1.221)	Data 1.195 (1.195)	Loss 1.2940 (1.2940)	ERR 1.136 (1.136)
Epoch: [0][10/2211]	Time 1.039 (0.901)	Data 1.026 (0.888)	Loss 1.9067 (0.7962)	ERR 1.371 (0.853)
Epoch: [0][20/2211]	Time 1.328 (0.891)	Data 1.316 (0.877)	Loss 0.3541 (0.6750)	ERR 0.572 (0.784)
Epoch: [0][30/2211]	Time 0.733 (0.873)	Data 0.718 (0.859)	Loss 0.5139 (0.6521)	ERR 0.716 (0.768)
Epoch: [0][40/2211]	Time 1.066 (0.885)	Data 1.048 (0.871)	Loss 0.3579 (0.6349)	ERR 0.597 (0.761)
Epoch: [0][50/2211]	Time 1.021 (0.900)	Data 1.008 (0.885)	Loss 0.5612 (0.5964)	ERR 0.748 (0.739)
Epoch: [0][60/2211]	Time 0.922 (0.910)	Data 0.907 (0.895)	Loss 0.4583 (0.5871)	ERR 0.653 (0.732)
Epoch: [0][70/2211]	Time 0.862 (0.905)	Data 0.850 (0.891)	Loss 0.3663 (0.5751)	ERR 0.604 (0.727)
Epoch: [0][80/2211]	Time 1.025 (0.902)	Data 1.014 (0.888)	Loss 0.4830 (0.5713)	ERR 0.678 (0.723)
Epoch: [0][90/2211]	Time 0.969 (0.925)	Data 0.957 (0.911)	Loss 0.8334 (0.5686)	ERR 0.911 (0.721)
Epoch: [0][100/2211]	Time 0.812 (0.986)	Data 0.795 (0.972)	Loss 0.3961 (0.5674)	ERR 0.627 (0.721)
Epoch: [0][110/2211]	Time 0.901 (0.977)	Data 0.888 (0.963)	Loss 0.4455 (0.5632)	ERR 0.665 (0.718)
Epoch: [0][120/2211]	Time 0.774 (0.973)	Data 0.761 (0.959)	Loss 0.4076 (0.5597)	ERR 0.621 (0.717)
Epoch: [0][130/2211]	Time 1.131 (0.962)	Data 1.117 (0.948)	Loss 0.8249 (0.5590)	ERR 0.857 (0.715)
Epoch: [0][140/2211]	Time 0.799 (0.953)	Data 0.785 (0.939)	Loss 0.5725 (0.5516)	ERR 0.707 (0.710)
Epoch: [0][150/2211]	Time 0.922 (0.945)	Data 0.905 (0.931)	Loss 0.4375 (0.5461)	ERR 0.651 (0.706)
Epoch: [0][160/2211]	Time 0.716 (0.949)	Data 0.699 (0.935)	Loss 0.3147 (0.5407)	ERR 0.476 (0.702)
Epoch: [0][170/2211]	Time 1.157 (0.944)	Data 1.140 (0.930)	Loss 0.7199 (0.5328)	ERR 0.770 (0.696)
Epoch: [0][180/2211]	Time 1.021 (0.942)	Data 1.009 (0.928)	Loss 0.3681 (0.5244)	ERR 0.607 (0.690)
Epoch: [0][190/2211]	Time 0.901 (0.941)	Data 0.884 (0.927)	Loss 0.3727 (0.5171)	ERR 0.605 (0.685)
Epoch: [0][200/2211]	Time 0.665 (0.932)	Data 0.652 (0.918)	Loss 0.4799 (0.5187)	ERR 0.692 (0.687)
Epoch: [0][210/2211]	Time 0.936 (0.930)	Data 0.923 (0.916)	Loss 0.2770 (0.5106)	ERR 0.518 (0.680)
Epoch: [0][220/2211]	Time 0.933 (0.924)	Data 0.917 (0.910)	Loss 0.2970 (0.5022)	ERR 0.522 (0.673)
Epoch: [0][230/2211]	Time 1.117 (0.919)	Data 1.103 (0.905)	Loss 0.6094 (0.4962)	ERR 0.762 (0.669)
Epoch: [0][240/2211]	Time 1.206 (0.917)	Data 1.192 (0.903)	Loss 0.3088 (0.4906)	ERR 0.529 (0.664)
Epoch: [0][250/2211]	Time 0.367 (0.915)	Data 0.355 (0.901)	Loss 0.2424 (0.4831)	ERR 0.450 (0.659)
Epoch: [0][260/2211]	Time 0.851 (0.911)	Data 0.836 (0.897)	Loss 0.2575 (0.4793)	ERR 0.507 (0.656)
Epoch: [0][270/2211]	Time 0.580 (0.908)	Data 0.564 (0.894)	Loss 0.1877 (0.4714)	ERR 0.427 (0.650)
Epoch: [0][280/2211]	Time 0.759 (0.909)	Data 0.748 (0.895)	Loss 0.5093 (0.4655)	ERR 0.688 (0.646)
Epoch: [0][290/2211]	Time 0.616 (0.906)	Data 0.600 (0.892)	Loss 0.1368 (0.4584)	ERR 0.367 (0.640)
Epoch: [0][300/2211]	Time 0.836 (0.903)	Data 0.819 (0.889)	Loss 0.2572 (0.4540)	ERR 0.496 (0.636)
Epoch: [0][310/2211]	Time 1.627 (0.906)	Data 1.614 (0.892)	Loss 0.2960 (0.4502)	ERR 0.544 (0.633)
Epoch: [0][320/2211]	Time 0.737 (0.907)	Data 0.725 (0.893)	Loss 0.3837 (0.4481)	ERR 0.616 (0.631)
Epoch: [0][330/2211]	Time 1.081 (0.914)	Data 1.065 (0.900)	Loss 0.4049 (0.4455)	ERR 0.634 (0.628)
Epoch: [0][340/2211]	Time 2.285 (0.940)	Data 2.268 (0.926)	Loss 0.1724 (0.4391)	ERR 0.394 (0.623)
Epoch: [0][350/2211]	Time 2.048 (0.965)	Data 2.031 (0.951)	Loss 0.1076 (0.4368)	ERR 0.327 (0.621)
Epoch: [0][360/2211]	Time 2.106 (0.995)	Data 2.092 (0.981)	Loss 0.1270 (0.4330)	ERR 0.353 (0.618)
Epoch: [0][370/2211]	Time 1.337 (1.010)	Data 1.325 (0.997)	Loss 0.2102 (0.4282)	ERR 0.421 (0.614)
Epoch: [0][380/2211]	Time 1.035 (1.008)	Data 1.024 (0.994)	Loss 0.3454 (0.4247)	ERR 0.586 (0.611)
Epoch: [0][390/2211]	Time 1.627 (1.010)	Data 1.612 (0.996)	Loss 0.3513 (0.4219)	ERR 0.531 (0.608)
Epoch: [0][400/2211]	Time 0.894 (1.010)	Data 0.880 (0.996)	Loss 0.1260 (0.4187)	ERR 0.327 (0.606)
Epoch: [0][410/2211]	Time 0.788 (1.007)	Data 0.776 (0.993)	Loss 0.4616 (0.4157)	ERR 0.635 (0.603)
Epoch: [0][420/2211]	Time 1.201 (1.006)	Data 1.187 (0.992)	Loss 0.2817 (0.4128)	ERR 0.516 (0.601)
Epoch: [0][430/2211]	Time 0.886 (1.000)	Data 0.869 (0.986)	Loss 0.3672 (0.4089)	ERR 0.582 (0.598)
Epoch: [0][440/2211]	Time 0.691 (0.997)	Data 0.679 (0.983)	Loss 0.0831 (0.4051)	ERR 0.286 (0.594)
Epoch: [0][450/2211]	Time 0.704 (0.996)	Data 0.690 (0.982)	Loss 0.2147 (0.4023)	ERR 0.411 (0.592)
Epoch: [0][460/2211]	Time 0.784 (0.995)	Data 0.771 (0.981)	Loss 0.5742 (0.4021)	ERR 0.723 (0.592)
Epoch: [0][470/2211]	Time 1.036 (0.995)	Data 1.022 (0.981)	Loss 0.1891 (0.4014)	ERR 0.401 (0.590)
Epoch: [0][480/2211]	Time 1.045 (0.992)	Data 1.028 (0.978)	Loss 0.2639 (0.3983)	ERR 0.510 (0.588)
Epoch: [0][490/2211]	Time 0.566 (0.990)	Data 0.552 (0.977)	Loss 0.4978 (0.3994)	ERR 0.669 (0.588)
Epoch: [0][500/2211]	Time 0.806 (0.986)	Data 0.790 (0.972)	Loss 0.2817 (0.3978)	ERR 0.496 (0.587)
Epoch: [0][510/2211]	Time 0.713 (0.984)	Data 0.702 (0.970)	Loss 0.2439 (0.3946)	ERR 0.482 (0.584)
Epoch: [0][520/2211]	Time 0.867 (0.981)	Data 0.855 (0.967)	Loss 0.4396 (0.3916)	ERR 0.663 (0.582)
Epoch: [0][530/2211]	Time 0.515 (0.979)	Data 0.500 (0.966)	Loss 0.1318 (0.3896)	ERR 0.362 (0.580)
Epoch: [0][540/2211]	Time 1.444 (0.979)	Data 1.433 (0.965)	Loss 0.1892 (0.3879)	ERR 0.395 (0.578)
Epoch: [0][550/2211]	Time 0.615 (0.978)	Data 0.600 (0.965)	Loss 0.2001 (0.3866)	ERR 0.433 (0.577)
Epoch: [0][560/2211]	Time 1.102 (0.976)	Data 1.090 (0.963)	Loss 0.2294 (0.3849)	ERR 0.425 (0.576)
Epoch: [0][570/2211]	Time 0.550 (0.975)	Data 0.537 (0.961)	Loss 0.1012 (0.3836)	ERR 0.311 (0.575)
Epoch: [0][580/2211]	Time 0.899 (0.972)	Data 0.887 (0.958)	Loss 0.2947 (0.3809)	ERR 0.500 (0.573)
Epoch: [0][590/2211]	Time 0.961 (0.969)	Data 0.948 (0.955)	Loss 0.1771 (0.3791)	ERR 0.405 (0.571)
Epoch: [0][600/2211]	Time 0.828 (0.967)	Data 0.811 (0.953)	Loss 0.2026 (0.3779)	ERR 0.446 (0.570)
Epoch: [0][610/2211]	Time 0.895 (0.966)	Data 0.882 (0.952)	Loss 0.1011 (0.3756)	ERR 0.314 (0.568)
Epoch: [0][620/2211]	Time 0.839 (0.963)	Data 0.826 (0.949)	Loss 0.1437 (0.3731)	ERR 0.356 (0.565)
Epoch: [0][630/2211]	Time 0.958 (0.961)	Data 0.946 (0.947)	Loss 0.2353 (0.3704)	ERR 0.424 (0.563)
Epoch: [0][640/2211]	Time 1.310 (0.960)	Data 1.298 (0.946)	Loss 0.4809 (0.3691)	ERR 0.623 (0.562)
Epoch: [0][650/2211]	Time 0.795 (0.960)	Data 0.782 (0.946)	Loss 0.1178 (0.3682)	ERR 0.343 (0.561)
Epoch: [0][660/2211]	Time 0.981 (0.963)	Data 0.968 (0.949)	Loss 0.4476 (0.3675)	ERR 0.666 (0.560)
Epoch: [0][670/2211]	Time 0.909 (0.962)	Data 0.898 (0.948)	Loss 0.1852 (0.3664)	ERR 0.395 (0.559)
Epoch: [0][680/2211]	Time 0.649 (0.959)	Data 0.637 (0.945)	Loss 0.1228 (0.3650)	ERR 0.327 (0.558)
Epoch: [0][690/2211]	Time 0.928 (0.957)	Data 0.915 (0.943)	Loss 0.1816 (0.3638)	ERR 0.426 (0.557)
Epoch: [0][700/2211]	Time 1.120 (0.955)	Data 1.102 (0.941)	Loss 0.7510 (0.3632)	ERR 0.763 (0.556)
Epoch: [0][710/2211]	Time 0.814 (0.954)	Data 0.800 (0.940)	Loss 0.2216 (0.3612)	ERR 0.450 (0.555)
Epoch: [0][720/2211]	Time 0.551 (0.952)	Data 0.537 (0.939)	Loss 0.0976 (0.3590)	ERR 0.303 (0.553)
Epoch: [0][730/2211]	Time 0.588 (0.952)	Data 0.574 (0.938)	Loss 0.1884 (0.3572)	ERR 0.427 (0.551)
Epoch: [0][740/2211]	Time 1.098 (0.953)	Data 1.085 (0.939)	Loss 0.2228 (0.3573)	ERR 0.401 (0.551)
Epoch: [0][750/2211]	Time 0.746 (0.951)	Data 0.734 (0.937)	Loss 0.5897 (0.3560)	ERR 0.766 (0.550)
Epoch: [0][760/2211]	Time 0.567 (0.949)	Data 0.555 (0.935)	Loss 0.2344 (0.3554)	ERR 0.482 (0.550)
Epoch: [0][770/2211]	Time 0.956 (0.948)	Data 0.942 (0.934)	Loss 0.1663 (0.3539)	ERR 0.384 (0.548)
Epoch: [0][780/2211]	Time 0.843 (0.947)	Data 0.828 (0.933)	Loss 0.6305 (0.3533)	ERR 0.794 (0.548)
Epoch: [0][790/2211]	Time 1.153 (0.945)	Data 1.140 (0.931)	Loss 0.3947 (0.3524)	ERR 0.597 (0.547)
Epoch: [0][800/2211]	Time 1.004 (0.944)	Data 0.991 (0.931)	Loss 0.2865 (0.3510)	ERR 0.529 (0.546)
Epoch: [0][810/2211]	Time 0.600 (0.944)	Data 0.586 (0.930)	Loss 0.1089 (0.3496)	ERR 0.330 (0.545)
Epoch: [0][820/2211]	Time 0.878 (0.943)	Data 0.864 (0.929)	Loss 0.2350 (0.3495)	ERR 0.480 (0.545)
Epoch: [0][830/2211]	Time 1.459 (0.943)	Data 1.443 (0.930)	Loss 0.1647 (0.3477)	ERR 0.404 (0.543)
Epoch: [0][840/2211]	Time 0.664 (0.942)	Data 0.650 (0.928)	Loss 0.2011 (0.3473)	ERR 0.417 (0.543)
Epoch: [0][850/2211]	Time 0.815 (0.941)	Data 0.801 (0.927)	Loss 0.1317 (0.3464)	ERR 0.338 (0.542)
Epoch: [0][860/2211]	Time 0.676 (0.938)	Data 0.661 (0.925)	Loss 0.1401 (0.3451)	ERR 0.340 (0.541)
Epoch: [0][870/2211]	Time 0.905 (0.939)	Data 0.893 (0.925)	Loss 0.1632 (0.3435)	ERR 0.387 (0.540)
Epoch: [0][880/2211]	Time 0.935 (0.938)	Data 0.923 (0.924)	Loss 0.2312 (0.3424)	ERR 0.471 (0.539)
Epoch: [0][890/2211]	Time 0.805 (0.937)	Data 0.793 (0.924)	Loss 0.6106 (0.3415)	ERR 0.653 (0.538)
Epoch: [0][900/2211]	Time 0.839 (0.936)	Data 0.825 (0.922)	Loss 0.2841 (0.3397)	ERR 0.479 (0.536)
Epoch: [0][910/2211]	Time 0.720 (0.936)	Data 0.706 (0.922)	Loss 0.4421 (0.3394)	ERR 0.548 (0.536)
Epoch: [0][920/2211]	Time 0.835 (0.935)	Data 0.823 (0.921)	Loss 0.1215 (0.3394)	ERR 0.341 (0.535)
Epoch: [0][930/2211]	Time 0.578 (0.934)	Data 0.564 (0.921)	Loss 0.2117 (0.3383)	ERR 0.417 (0.534)
Epoch: [0][940/2211]	Time 0.707 (0.932)	Data 0.692 (0.918)	Loss 0.1163 (0.3368)	ERR 0.338 (0.533)
Epoch: [0][950/2211]	Time 1.474 (0.933)	Data 1.459 (0.919)	Loss 0.4708 (0.3361)	ERR 0.626 (0.532)
Epoch: [0][960/2211]	Time 0.963 (0.935)	Data 0.949 (0.921)	Loss 0.4096 (0.3352)	ERR 0.587 (0.532)
Epoch: [0][970/2211]	Time 4.196 (0.954)	Data 4.181 (0.940)	Loss 0.2442 (0.3347)	ERR 0.488 (0.531)
Epoch: [0][980/2211]	Time 1.782 (0.971)	Data 1.771 (0.957)	Loss 0.1500 (0.3338)	ERR 0.382 (0.531)
Epoch: [0][990/2211]	Time 0.909 (0.974)	Data 0.895 (0.960)	Loss 0.1296 (0.3325)	ERR 0.338 (0.529)
Epoch: [0][1000/2211]	Time 1.197 (0.974)	Data 1.184 (0.960)	Loss 0.3106 (0.3320)	ERR 0.469 (0.529)
Epoch: [0][1010/2211]	Time 1.486 (0.975)	Data 1.472 (0.962)	Loss 0.2252 (0.3318)	ERR 0.472 (0.529)
Epoch: [0][1020/2211]	Time 1.013 (0.975)	Data 1.000 (0.961)	Loss 0.1365 (0.3303)	ERR 0.365 (0.527)
Epoch: [0][1030/2211]	Time 1.096 (0.974)	Data 1.082 (0.960)	Loss 0.1027 (0.3291)	ERR 0.305 (0.526)
Epoch: [0][1040/2211]	Time 0.602 (0.973)	Data 0.587 (0.960)	Loss 0.1800 (0.3282)	ERR 0.396 (0.525)
Epoch: [0][1050/2211]	Time 0.949 (0.972)	Data 0.935 (0.959)	Loss 0.2318 (0.3270)	ERR 0.478 (0.524)
Epoch: [0][1060/2211]	Time 0.877 (0.971)	Data 0.860 (0.957)	Loss 0.2150 (0.3264)	ERR 0.449 (0.524)
Epoch: [0][1070/2211]	Time 0.484 (0.969)	Data 0.468 (0.955)	Loss 0.0619 (0.3248)	ERR 0.249 (0.522)
Epoch: [0][1080/2211]	Time 1.350 (0.970)	Data 1.333 (0.956)	Loss 0.0937 (0.3236)	ERR 0.306 (0.521)
Epoch: [0][1090/2211]	Time 1.192 (0.970)	Data 1.179 (0.956)	Loss 0.2456 (0.3230)	ERR 0.442 (0.521)
Epoch: [0][1100/2211]	Time 0.918 (0.969)	Data 0.906 (0.955)	Loss 0.3152 (0.3220)	ERR 0.523 (0.520)
Epoch: [0][1110/2211]	Time 0.950 (0.969)	Data 0.937 (0.956)	Loss 0.0751 (0.3211)	ERR 0.252 (0.519)
Epoch: [0][1120/2211]	Time 0.776 (0.968)	Data 0.762 (0.955)	Loss 0.2253 (0.3204)	ERR 0.475 (0.518)
Epoch: [0][1130/2211]	Time 0.875 (0.967)	Data 0.860 (0.953)	Loss 0.0882 (0.3196)	ERR 0.270 (0.518)
Epoch: [0][1140/2211]	Time 1.167 (0.966)	Data 1.150 (0.952)	Loss 0.4162 (0.3192)	ERR 0.590 (0.517)
Epoch: [0][1150/2211]	Time 1.494 (0.967)	Data 1.479 (0.953)	Loss 0.3385 (0.3188)	ERR 0.568 (0.517)
Epoch: [0][1160/2211]	Time 1.200 (0.967)	Data 1.187 (0.953)	Loss 0.1283 (0.3179)	ERR 0.340 (0.516)
Epoch: [0][1170/2211]	Time 0.677 (0.966)	Data 0.664 (0.952)	Loss 0.0783 (0.3169)	ERR 0.261 (0.515)
Epoch: [0][1180/2211]	Time 0.755 (0.965)	Data 0.741 (0.951)	Loss 0.1298 (0.3164)	ERR 0.343 (0.515)
Epoch: [0][1190/2211]	Time 0.860 (0.964)	Data 0.847 (0.950)	Loss 0.4757 (0.3162)	ERR 0.592 (0.515)
Epoch: [0][1200/2211]	Time 1.079 (0.964)	Data 1.064 (0.951)	Loss 0.5281 (0.3157)	ERR 0.627 (0.514)
Epoch: [0][1210/2211]	Time 0.710 (0.963)	Data 0.698 (0.950)	Loss 0.2152 (0.3145)	ERR 0.415 (0.513)
Epoch: [0][1220/2211]	Time 0.897 (0.964)	Data 0.882 (0.950)	Loss 0.4004 (0.3143)	ERR 0.542 (0.513)
Epoch: [0][1230/2211]	Time 0.748 (0.964)	Data 0.735 (0.950)	Loss 0.1764 (0.3135)	ERR 0.375 (0.512)
Epoch: [0][1240/2211]	Time 0.645 (0.964)	Data 0.633 (0.950)	Loss 0.1673 (0.3132)	ERR 0.403 (0.512)
Epoch: [0][1250/2211]	Time 1.239 (0.964)	Data 1.227 (0.950)	Loss 0.2122 (0.3130)	ERR 0.413 (0.511)
Epoch: [0][1260/2211]	Time 0.616 (0.963)	Data 0.600 (0.949)	Loss 0.3389 (0.3125)	ERR 0.547 (0.511)
Epoch: [0][1270/2211]	Time 0.975 (0.963)	Data 0.963 (0.949)	Loss 0.2191 (0.3115)	ERR 0.462 (0.510)
Epoch: [0][1280/2211]	Time 0.692 (0.961)	Data 0.676 (0.948)	Loss 0.3606 (0.3110)	ERR 0.556 (0.510)
Epoch: [0][1290/2211]	Time 0.724 (0.960)	Data 0.709 (0.946)	Loss 0.0824 (0.3101)	ERR 0.273 (0.509)
Epoch: [0][1300/2211]	Time 0.965 (0.960)	Data 0.952 (0.946)	Loss 0.1236 (0.3098)	ERR 0.298 (0.509)
Epoch: [0][1310/2211]	Time 0.788 (0.959)	Data 0.776 (0.945)	Loss 0.2271 (0.3093)	ERR 0.451 (0.508)
Epoch: [0][1320/2211]	Time 0.812 (0.958)	Data 0.799 (0.945)	Loss 0.1734 (0.3085)	ERR 0.388 (0.507)
Epoch: [0][1330/2211]	Time 0.742 (0.957)	Data 0.730 (0.943)	Loss 0.1984 (0.3082)	ERR 0.390 (0.507)
Epoch: [0][1340/2211]	Time 0.683 (0.956)	Data 0.671 (0.943)	Loss 0.1428 (0.3074)	ERR 0.378 (0.506)
Epoch: [0][1350/2211]	Time 0.804 (0.955)	Data 0.792 (0.941)	Loss 0.3527 (0.3069)	ERR 0.546 (0.506)
Epoch: [0][1360/2211]	Time 1.302 (0.955)	Data 1.289 (0.941)	Loss 0.2483 (0.3068)	ERR 0.489 (0.506)
Epoch: [0][1370/2211]	Time 0.482 (0.954)	Data 0.469 (0.940)	Loss 0.4476 (0.3068)	ERR 0.606 (0.506)
Epoch: [0][1380/2211]	Time 0.958 (0.954)	Data 0.945 (0.940)	Loss 0.2605 (0.3062)	ERR 0.451 (0.505)
Epoch: [0][1390/2211]	Time 0.674 (0.953)	Data 0.659 (0.939)	Loss 0.2420 (0.3053)	ERR 0.433 (0.504)
Epoch: [0][1400/2211]	Time 0.835 (0.952)	Data 0.823 (0.938)	Loss 0.1522 (0.3045)	ERR 0.390 (0.504)
Epoch: [0][1410/2211]	Time 0.999 (0.951)	Data 0.987 (0.938)	Loss 0.4791 (0.3039)	ERR 0.583 (0.503)
Epoch: [0][1420/2211]	Time 0.491 (0.951)	Data 0.476 (0.937)	Loss 0.2115 (0.3031)	ERR 0.447 (0.502)
Epoch: [0][1430/2211]	Time 0.774 (0.949)	Data 0.763 (0.936)	Loss 0.1333 (0.3023)	ERR 0.347 (0.501)
Epoch: [0][1440/2211]	Time 0.845 (0.949)	Data 0.833 (0.935)	Loss 0.1804 (0.3020)	ERR 0.362 (0.501)
Epoch: [0][1450/2211]	Time 0.828 (0.948)	Data 0.816 (0.934)	Loss 0.1800 (0.3018)	ERR 0.385 (0.501)
Epoch: [0][1460/2211]	Time 0.798 (0.947)	Data 0.785 (0.934)	Loss 0.2906 (0.3011)	ERR 0.485 (0.500)
Epoch: [0][1470/2211]	Time 0.816 (0.946)	Data 0.804 (0.933)	Loss 0.1451 (0.3006)	ERR 0.351 (0.500)
Epoch: [0][1480/2211]	Time 1.080 (0.945)	Data 1.066 (0.931)	Loss 0.1826 (0.3000)	ERR 0.410 (0.499)
Epoch: [0][1490/2211]	Time 0.531 (0.944)	Data 0.519 (0.931)	Loss 0.4084 (0.2992)	ERR 0.550 (0.498)
Epoch: [0][1500/2211]	Time 0.477 (0.943)	Data 0.465 (0.929)	Loss 0.1887 (0.2988)	ERR 0.385 (0.498)
Epoch: [0][1510/2211]	Time 0.981 (0.943)	Data 0.968 (0.929)	Loss 0.1493 (0.2982)	ERR 0.365 (0.497)
Epoch: [0][1520/2211]	Time 0.630 (0.942)	Data 0.615 (0.929)	Loss 0.1729 (0.2975)	ERR 0.385 (0.496)
Epoch: [0][1530/2211]	Time 0.680 (0.942)	Data 0.663 (0.928)	Loss 0.2584 (0.2970)	ERR 0.448 (0.496)
Epoch: [0][1540/2211]	Time 0.875 (0.941)	Data 0.862 (0.927)	Loss 0.2790 (0.2971)	ERR 0.469 (0.496)
Epoch: [0][1550/2211]	Time 0.839 (0.941)	Data 0.826 (0.927)	Loss 0.1235 (0.2966)	ERR 0.351 (0.496)
Epoch: [0][1560/2211]	Time 0.943 (0.941)	Data 0.931 (0.927)	Loss 0.3447 (0.2961)	ERR 0.492 (0.495)
Epoch: [0][1570/2211]	Time 0.731 (0.940)	Data 0.718 (0.926)	Loss 0.2206 (0.2958)	ERR 0.463 (0.495)
Epoch: [0][1580/2211]	Time 0.897 (0.941)	Data 0.880 (0.927)	Loss 0.1884 (0.2955)	ERR 0.424 (0.494)
Epoch: [0][1590/2211]	Time 0.801 (0.941)	Data 0.788 (0.927)	Loss 0.1746 (0.2948)	ERR 0.380 (0.494)
Epoch: [0][1600/2211]	Time 3.377 (0.951)	Data 3.360 (0.937)	Loss 0.0724 (0.2944)	ERR 0.253 (0.493)
Epoch: [0][1610/2211]	Time 2.038 (0.964)	Data 2.024 (0.950)	Loss 0.1180 (0.2939)	ERR 0.318 (0.493)
Epoch: [0][1620/2211]	Time 1.998 (0.971)	Data 1.983 (0.957)	Loss 0.1599 (0.2939)	ERR 0.353 (0.493)
Epoch: [0][1630/2211]	Time 1.393 (0.973)	Data 1.379 (0.960)	Loss 0.2324 (0.2938)	ERR 0.466 (0.493)
Epoch: [0][1640/2211]	Time 0.756 (0.975)	Data 0.739 (0.961)	Loss 0.1217 (0.2932)	ERR 0.344 (0.492)
Epoch: [0][1650/2211]	Time 1.181 (0.976)	Data 1.169 (0.962)	Loss 0.2811 (0.2926)	ERR 0.470 (0.491)
Epoch: [0][1660/2211]	Time 0.964 (0.976)	Data 0.952 (0.962)	Loss 0.3224 (0.2923)	ERR 0.467 (0.491)
Epoch: [0][1670/2211]	Time 1.096 (0.975)	Data 1.084 (0.961)	Loss 0.1439 (0.2917)	ERR 0.361 (0.491)
Epoch: [0][1680/2211]	Time 1.202 (0.975)	Data 1.190 (0.962)	Loss 0.2346 (0.2914)	ERR 0.446 (0.490)
Epoch: [0][1690/2211]	Time 1.406 (0.977)	Data 1.394 (0.963)	Loss 0.2091 (0.2909)	ERR 0.399 (0.490)
Epoch: [0][1700/2211]	Time 0.478 (0.976)	Data 0.466 (0.963)	Loss 0.2042 (0.2902)	ERR 0.448 (0.489)
Epoch: [0][1710/2211]	Time 1.465 (0.977)	Data 1.451 (0.963)	Loss 0.1873 (0.2895)	ERR 0.378 (0.489)
Epoch: [0][1720/2211]	Time 0.814 (0.978)	Data 0.800 (0.965)	Loss 0.1174 (0.2892)	ERR 0.338 (0.488)
Epoch: [0][1730/2211]	Time 1.045 (0.979)	Data 1.033 (0.965)	Loss 0.1240 (0.2888)	ERR 0.317 (0.488)
Epoch: [0][1740/2211]	Time 0.885 (0.978)	Data 0.871 (0.964)	Loss 0.1167 (0.2882)	ERR 0.334 (0.487)
Epoch: [0][1750/2211]	Time 1.094 (0.978)	Data 1.082 (0.964)	Loss 0.1556 (0.2877)	ERR 0.374 (0.487)
Epoch: [0][1760/2211]	Time 0.463 (0.977)	Data 0.448 (0.964)	Loss 0.7331 (0.2872)	ERR 0.812 (0.487)
Epoch: [0][1770/2211]	Time 1.101 (0.978)	Data 1.087 (0.964)	Loss 0.0572 (0.2866)	ERR 0.218 (0.486)
Epoch: [0][1780/2211]	Time 0.569 (0.978)	Data 0.556 (0.964)	Loss 0.2501 (0.2860)	ERR 0.464 (0.485)
Epoch: [0][1790/2211]	Time 0.802 (0.977)	Data 0.790 (0.963)	Loss 0.1110 (0.2855)	ERR 0.326 (0.485)
Epoch: [0][1800/2211]	Time 0.696 (0.977)	Data 0.684 (0.963)	Loss 0.1162 (0.2851)	ERR 0.327 (0.485)
Epoch: [0][1810/2211]	Time 0.950 (0.976)	Data 0.936 (0.963)	Loss 0.0951 (0.2847)	ERR 0.298 (0.484)
Epoch: [0][1820/2211]	Time 0.924 (0.976)	Data 0.909 (0.962)	Loss 0.2305 (0.2842)	ERR 0.447 (0.484)
Epoch: [0][1830/2211]	Time 0.872 (0.975)	Data 0.860 (0.962)	Loss 0.1720 (0.2840)	ERR 0.399 (0.483)
Epoch: [0][1840/2211]	Time 0.587 (0.975)	Data 0.575 (0.961)	Loss 0.1560 (0.2835)	ERR 0.368 (0.483)
Epoch: [0][1850/2211]	Time 0.661 (0.974)	Data 0.649 (0.960)	Loss 0.1747 (0.2830)	ERR 0.385 (0.482)
Epoch: [0][1860/2211]	Time 1.077 (0.974)	Data 1.065 (0.960)	Loss 0.1607 (0.2823)	ERR 0.363 (0.482)
Epoch: [0][1870/2211]	Time 0.482 (0.973)	Data 0.466 (0.959)	Loss 0.1683 (0.2822)	ERR 0.394 (0.481)
Epoch: [0][1880/2211]	Time 0.945 (0.972)	Data 0.930 (0.958)	Loss 0.1461 (0.2819)	ERR 0.378 (0.481)
Epoch: [0][1890/2211]	Time 1.095 (0.971)	Data 1.082 (0.957)	Loss 0.2933 (0.2818)	ERR 0.478 (0.481)
Epoch: [0][1900/2211]	Time 1.034 (0.971)	Data 1.021 (0.957)	Loss 0.4155 (0.2821)	ERR 0.572 (0.481)
Epoch: [0][1910/2211]	Time 0.933 (0.971)	Data 0.921 (0.957)	Loss 0.1382 (0.2818)	ERR 0.369 (0.481)
Epoch: [0][1920/2211]	Time 0.537 (0.970)	Data 0.524 (0.956)	Loss 0.1277 (0.2813)	ERR 0.345 (0.481)
Epoch: [0][1930/2211]	Time 1.218 (0.970)	Data 1.205 (0.956)	Loss 0.2075 (0.2807)	ERR 0.445 (0.480)
Epoch: [0][1940/2211]	Time 0.705 (0.970)	Data 0.693 (0.956)	Loss 0.0762 (0.2805)	ERR 0.270 (0.480)
Epoch: [0][1950/2211]	Time 0.714 (0.969)	Data 0.702 (0.955)	Loss 0.0395 (0.2799)	ERR 0.197 (0.479)
Epoch: [0][1960/2211]	Time 1.656 (0.969)	Data 1.643 (0.955)	Loss 0.1645 (0.2794)	ERR 0.361 (0.479)
Epoch: [0][1970/2211]	Time 1.945 (0.969)	Data 1.931 (0.955)	Loss 0.4608 (0.2793)	ERR 0.625 (0.479)
Epoch: [0][1980/2211]	Time 0.764 (0.968)	Data 0.748 (0.954)	Loss 0.1449 (0.2789)	ERR 0.357 (0.478)
Epoch: [0][1990/2211]	Time 0.865 (0.968)	Data 0.851 (0.954)	Loss 0.1140 (0.2783)	ERR 0.327 (0.478)
Epoch: [0][2000/2211]	Time 1.355 (0.968)	Data 1.340 (0.954)	Loss 0.2207 (0.2781)	ERR 0.435 (0.478)
Epoch: [0][2010/2211]	Time 1.132 (0.968)	Data 1.120 (0.954)	Loss 0.2683 (0.2778)	ERR 0.474 (0.477)
Epoch: [0][2020/2211]	Time 0.903 (0.968)	Data 0.893 (0.955)	Loss 0.1918 (0.2772)	ERR 0.384 (0.477)
Epoch: [0][2030/2211]	Time 1.577 (0.969)	Data 1.564 (0.955)	Loss 0.0852 (0.2767)	ERR 0.269 (0.476)
Epoch: [0][2040/2211]	Time 0.992 (0.968)	Data 0.979 (0.955)	Loss 0.1930 (0.2767)	ERR 0.383 (0.476)
Epoch: [0][2050/2211]	Time 0.766 (0.967)	Data 0.752 (0.953)	Loss 0.2140 (0.2762)	ERR 0.388 (0.476)
Epoch: [0][2060/2211]	Time 0.794 (0.967)	Data 0.781 (0.953)	Loss 0.1826 (0.2759)	ERR 0.378 (0.475)
Epoch: [0][2070/2211]	Time 0.421 (0.965)	Data 0.410 (0.952)	Loss 0.1734 (0.2761)	ERR 0.357 (0.475)
Epoch: [0][2080/2211]	Time 0.441 (0.964)	Data 0.429 (0.950)	Loss 0.0924 (0.2755)	ERR 0.276 (0.475)
Epoch: [0][2090/2211]	Time 0.673 (0.963)	Data 0.663 (0.950)	Loss 0.1945 (0.2751)	ERR 0.418 (0.474)
Epoch: [0][2100/2211]	Time 0.782 (0.962)	Data 0.770 (0.948)	Loss 0.1371 (0.2748)	ERR 0.344 (0.474)
Epoch: [0][2110/2211]	Time 0.828 (0.961)	Data 0.818 (0.947)	Loss 0.0992 (0.2742)	ERR 0.298 (0.473)
Epoch: [0][2120/2211]	Time 0.917 (0.960)	Data 0.905 (0.946)	Loss 0.1227 (0.2739)	ERR 0.321 (0.473)
Epoch: [0][2130/2211]	Time 0.875 (0.959)	Data 0.863 (0.945)	Loss 0.1398 (0.2733)	ERR 0.336 (0.473)
Epoch: [0][2140/2211]	Time 0.364 (0.958)	Data 0.353 (0.944)	Loss 0.0406 (0.2732)	ERR 0.193 (0.472)
Epoch: [0][2150/2211]	Time 0.690 (0.957)	Data 0.679 (0.943)	Loss 0.2260 (0.2730)	ERR 0.475 (0.472)
Epoch: [0][2160/2211]	Time 0.346 (0.955)	Data 0.336 (0.942)	Loss 0.2854 (0.2724)	ERR 0.531 (0.472)
Epoch: [0][2170/2211]	Time 0.755 (0.955)	Data 0.743 (0.941)	Loss 0.3173 (0.2726)	ERR 0.526 (0.472)
Epoch: [0][2180/2211]	Time 0.994 (0.954)	Data 0.982 (0.941)	Loss 0.0795 (0.2723)	ERR 0.274 (0.472)
Epoch: [0][2190/2211]	Time 0.954 (0.954)	Data 0.941 (0.941)	Loss 0.0649 (0.2721)	ERR 0.253 (0.471)
Epoch: [0][2200/2211]	Time 1.265 (0.954)	Data 1.252 (0.941)	Loss 0.3372 (0.2719)	ERR 0.481 (0.471)
Epoch: [0][2210/2211]	Time 0.613 (0.962)	Data 0.602 (0.948)	Loss 0.0503 (0.2714)	ERR 0.206 (0.471)
Training Error: 0.471  Loss: 0.271
Test: [0/737]	Time 3.090 (3.090)	Loss 0.2649 (0.2649)	ERR 0.443 (0.443)
Test: [10/737]	Time 1.978 (2.226)	Loss 0.2284 (0.1834)	ERR 0.419 (0.374)
Test: [20/737]	Time 2.011 (2.084)	Loss 0.1660 (0.1874)	ERR 0.358 (0.377)
Test: [30/737]	Time 1.205 (1.783)	Loss 0.2680 (0.1914)	ERR 0.503 (0.386)
Test: [40/737]	Time 1.486 (1.595)	Loss 0.1839 (0.2094)	ERR 0.398 (0.401)
Test: [50/737]	Time 0.699 (1.500)	Loss 0.1341 (0.1960)	ERR 0.321 (0.388)
Test: [60/737]	Time 0.697 (1.421)	Loss 0.1124 (0.1861)	ERR 0.305 (0.379)
Test: [70/737]	Time 1.558 (1.354)	Loss 0.2993 (0.1918)	ERR 0.489 (0.383)
Test: [80/737]	Time 0.954 (1.318)	Loss 0.3745 (0.1891)	ERR 0.514 (0.379)
Test: [90/737]	Time 0.952 (1.272)	Loss 0.0446 (0.1872)	ERR 0.207 (0.378)
Test: [100/737]	Time 0.578 (1.228)	Loss 0.1751 (0.1831)	ERR 0.386 (0.375)
Test: [110/737]	Time 0.837 (1.217)	Loss 0.2832 (0.1817)	ERR 0.469 (0.375)
Test: [120/737]	Time 1.462 (1.213)	Loss 0.2459 (0.1823)	ERR 0.421 (0.375)
Test: [130/737]	Time 1.336 (1.199)	Loss 0.3745 (0.1838)	ERR 0.489 (0.377)
Test: [140/737]	Time 1.415 (1.196)	Loss 0.0943 (0.1832)	ERR 0.275 (0.377)
Test: [150/737]	Time 2.419 (1.201)	Loss 0.0732 (0.1828)	ERR 0.257 (0.376)
Test: [160/737]	Time 0.922 (1.192)	Loss 0.4160 (0.1856)	ERR 0.533 (0.378)
Test: [170/737]	Time 0.659 (1.175)	Loss 0.7429 (0.1879)	ERR 0.704 (0.379)
Test: [180/737]	Time 1.319 (1.172)	Loss 0.2081 (0.1894)	ERR 0.392 (0.380)
Test: [190/737]	Time 0.984 (1.158)	Loss 0.1500 (0.1892)	ERR 0.367 (0.380)
Test: [200/737]	Time 1.655 (1.150)	Loss 0.1203 (0.1909)	ERR 0.339 (0.382)
Test: [210/737]	Time 0.850 (1.137)	Loss 0.0749 (0.1900)	ERR 0.268 (0.381)
Test: [220/737]	Time 0.839 (1.133)	Loss 0.1347 (0.1905)	ERR 0.335 (0.380)
Test: [230/737]	Time 1.200 (1.135)	Loss 0.0890 (0.1884)	ERR 0.277 (0.379)
Test: [240/737]	Time 0.992 (1.131)	Loss 0.0862 (0.1848)	ERR 0.264 (0.375)
Test: [250/737]	Time 1.048 (1.126)	Loss 0.1182 (0.1838)	ERR 0.323 (0.375)
Test: [260/737]	Time 0.637 (1.119)	Loss 0.1266 (0.1826)	ERR 0.319 (0.374)
Test: [270/737]	Time 0.803 (1.120)	Loss 0.1368 (0.1840)	ERR 0.350 (0.375)
Test: [280/737]	Time 1.025 (1.120)	Loss 0.1027 (0.1828)	ERR 0.306 (0.375)
Test: [290/737]	Time 1.100 (1.119)	Loss 0.3169 (0.1824)	ERR 0.524 (0.374)
Test: [300/737]	Time 0.611 (1.112)	Loss 0.1607 (0.1827)	ERR 0.382 (0.374)
Test: [310/737]	Time 1.031 (1.107)	Loss 0.2134 (0.1824)	ERR 0.382 (0.374)
Test: [320/737]	Time 0.537 (1.099)	Loss 0.0871 (0.1809)	ERR 0.281 (0.372)
Test: [330/737]	Time 0.931 (1.094)	Loss 0.2026 (0.1817)	ERR 0.421 (0.373)
Test: [340/737]	Time 0.962 (1.095)	Loss 0.1956 (0.1822)	ERR 0.374 (0.374)
Test: [350/737]	Time 0.798 (1.093)	Loss 0.0936 (0.1845)	ERR 0.259 (0.376)
Test: [360/737]	Time 0.950 (1.090)	Loss 0.0854 (0.1854)	ERR 0.262 (0.376)
Test: [370/737]	Time 0.768 (1.087)	Loss 0.0949 (0.1845)	ERR 0.278 (0.376)
Test: [380/737]	Time 0.766 (1.084)	Loss 0.1656 (0.1831)	ERR 0.374 (0.374)
Test: [390/737]	Time 1.273 (1.082)	Loss 0.1774 (0.1837)	ERR 0.386 (0.375)
Test: [400/737]	Time 1.400 (1.079)	Loss 0.1708 (0.1827)	ERR 0.353 (0.374)
Test: [410/737]	Time 0.724 (1.074)	Loss 0.1398 (0.1825)	ERR 0.365 (0.374)
Test: [420/737]	Time 0.574 (1.073)	Loss 0.4825 (0.1841)	ERR 0.674 (0.375)
Test: [430/737]	Time 0.965 (1.069)	Loss 0.1469 (0.1842)	ERR 0.336 (0.376)
Test: [440/737]	Time 0.671 (1.065)	Loss 0.1258 (0.1832)	ERR 0.349 (0.375)
Test: [450/737]	Time 0.829 (1.061)	Loss 0.0783 (0.1842)	ERR 0.255 (0.376)
Test: [460/737]	Time 0.941 (1.065)	Loss 0.1322 (0.1834)	ERR 0.329 (0.375)
Test: [470/737]	Time 0.800 (1.068)	Loss 0.1902 (0.1827)	ERR 0.394 (0.374)
Test: [480/737]	Time 1.724 (1.069)	Loss 0.1600 (0.1829)	ERR 0.354 (0.375)
Test: [490/737]	Time 0.976 (1.069)	Loss 0.2065 (0.1848)	ERR 0.392 (0.376)
Test: [500/737]	Time 0.956 (1.067)	Loss 0.1457 (0.1847)	ERR 0.361 (0.376)
Test: [510/737]	Time 0.899 (1.069)	Loss 0.2823 (0.1856)	ERR 0.426 (0.377)
Test: [520/737]	Time 1.604 (1.068)	Loss 0.2009 (0.1855)	ERR 0.398 (0.377)
Test: [530/737]	Time 2.324 (1.073)	Loss 0.1803 (0.1856)	ERR 0.364 (0.377)
Test: [540/737]	Time 4.267 (1.091)	Loss 0.3131 (0.1864)	ERR 0.447 (0.378)
Test: [550/737]	Time 2.650 (1.128)	Loss 0.1916 (0.1875)	ERR 0.378 (0.379)
Test: [560/737]	Time 1.335 (1.144)	Loss 0.1830 (0.1883)	ERR 0.373 (0.379)
Test: [570/737]	Time 2.220 (1.144)	Loss 0.1530 (0.1885)	ERR 0.344 (0.379)
Test: [580/737]	Time 0.978 (1.143)	Loss 0.1878 (0.1886)	ERR 0.404 (0.379)
Test: [590/737]	Time 0.645 (1.144)	Loss 0.3715 (0.1886)	ERR 0.533 (0.379)
Test: [600/737]	Time 1.206 (1.141)	Loss 0.0861 (0.1886)	ERR 0.269 (0.380)
Test: [610/737]	Time 0.666 (1.136)	Loss 0.2613 (0.1885)	ERR 0.463 (0.380)
Test: [620/737]	Time 1.181 (1.134)	Loss 0.3320 (0.1882)	ERR 0.537 (0.380)
Test: [630/737]	Time 0.620 (1.132)	Loss 0.2400 (0.1879)	ERR 0.433 (0.379)
Test: [640/737]	Time 0.945 (1.131)	Loss 0.2349 (0.1875)	ERR 0.416 (0.379)
Test: [650/737]	Time 0.524 (1.129)	Loss 0.1323 (0.1873)	ERR 0.364 (0.379)
Test: [660/737]	Time 0.555 (1.125)	Loss 0.1496 (0.1866)	ERR 0.340 (0.378)
Test: [670/737]	Time 1.264 (1.123)	Loss 0.1019 (0.1861)	ERR 0.274 (0.378)
Test: [680/737]	Time 0.954 (1.121)	Loss 0.2120 (0.1860)	ERR 0.381 (0.378)
Test: [690/737]	Time 1.352 (1.120)	Loss 0.1498 (0.1868)	ERR 0.364 (0.379)
Test: [700/737]	Time 0.449 (1.116)	Loss 0.0941 (0.1873)	ERR 0.277 (0.379)
Test: [710/737]	Time 1.305 (1.113)	Loss 0.2043 (0.1873)	ERR 0.419 (0.379)
Test: [720/737]	Time 1.045 (1.111)	Loss 0.2110 (0.1872)	ERR 0.400 (0.379)
Test: [730/737]	Time 1.285 (1.110)	Loss 0.0878 (0.1873)	ERR 0.290 (0.379)
 * ERR 0.379 LOSS 0.187
Saving best parameters...
Epoch: [1][0/2211]	Time 0.044 (0.044)	Data 0.032 (0.032)	Loss 0.0970 (0.0970)	ERR 0.297 (0.297)
Epoch: [1][10/2211]	Time 0.013 (0.016)	Data 0.001 (0.004)	Loss 0.2173 (0.1683)	ERR 0.430 (0.366)
Epoch: [1][20/2211]	Time 0.013 (0.014)	Data 0.001 (0.003)	Loss 0.1620 (0.2045)	ERR 0.393 (0.400)
Epoch: [1][30/2211]	Time 0.013 (0.014)	Data 0.001 (0.002)	Loss 0.1405 (0.1922)	ERR 0.369 (0.390)
Epoch: [1][40/2211]	Time 0.012 (0.013)	Data 0.001 (0.002)	Loss 0.1461 (0.1908)	ERR 0.376 (0.391)
Epoch: [1][50/2211]	Time 0.012 (0.013)	Data 0.001 (0.002)	Loss 0.0915 (0.1882)	ERR 0.302 (0.388)
Epoch: [1][60/2211]	Time 0.010 (0.013)	Data 0.001 (0.002)	Loss 0.2782 (0.1954)	ERR 0.475 (0.393)
Epoch: [1][70/2211]	Time 0.010 (0.012)	Data 0.001 (0.001)	Loss 0.1532 (0.1948)	ERR 0.363 (0.393)
Epoch: [1][80/2211]	Time 0.010 (0.012)	Data 0.001 (0.001)	Loss 0.0753 (0.1967)	ERR 0.273 (0.395)
Epoch: [1][90/2211]	Time 0.010 (0.012)	Data 0.001 (0.001)	Loss 0.1069 (0.1926)	ERR 0.327 (0.391)
Epoch: [1][100/2211]	Time 0.010 (0.012)	Data 0.001 (0.001)	Loss 0.3331 (0.1902)	ERR 0.484 (0.388)
Epoch: [1][110/2211]	Time 0.010 (0.012)	Data 0.001 (0.001)	Loss 0.3021 (0.1890)	ERR 0.492 (0.387)
Epoch: [1][120/2211]	Time 0.010 (0.012)	Data 0.001 (0.001)	Loss 0.2024 (0.1935)	ERR 0.416 (0.391)
Epoch: [1][130/2211]	Time 0.010 (0.011)	Data 0.001 (0.001)	Loss 0.1368 (0.1914)	ERR 0.369 (0.390)
Epoch: [1][140/2211]	Time 0.010 (0.011)	Data 0.001 (0.001)	Loss 0.1802 (0.1929)	ERR 0.382 (0.390)
Epoch: [1][150/2211]	Time 0.010 (0.011)	Data 0.001 (0.001)	Loss 0.1538 (0.1952)	ERR 0.386 (0.392)
Epoch: [1][160/2211]	Time 0.010 (0.011)	Data 0.001 (0.001)	Loss 0.2374 (0.1956)	ERR 0.401 (0.393)
Epoch: [1][170/2211]	Time 0.010 (0.011)	Data 0.001 (0.001)	Loss 0.1424 (0.1931)	ERR 0.364 (0.391)
Epoch: [1][180/2211]	Time 0.010 (0.011)	Data 0.001 (0.001)	Loss 0.1435 (0.1915)	ERR 0.375 (0.390)
Epoch: [1][190/2211]	Time 0.010 (0.011)	Data 0.001 (0.001)	Loss 0.0797 (0.1907)	ERR 0.278 (0.389)
Epoch: [1][200/2211]	Time 0.010 (0.011)	Data 0.001 (0.001)	Loss 0.1188 (0.1904)	ERR 0.314 (0.389)
Epoch: [1][210/2211]	Time 0.010 (0.011)	Data 0.001 (0.001)	Loss 0.3267 (0.1970)	ERR 0.528 (0.394)
Epoch: [1][220/2211]	Time 0.010 (0.011)	Data 0.001 (0.001)	Loss 0.2918 (0.1972)	ERR 0.524 (0.395)
Epoch: [1][230/2211]	Time 0.010 (0.011)	Data 0.001 (0.001)	Loss 0.3027 (0.1998)	ERR 0.478 (0.398)
Epoch: [1][240/2211]	Time 0.010 (0.011)	Data 0.001 (0.001)	Loss 0.2165 (0.1995)	ERR 0.450 (0.398)
Epoch: [1][250/2211]	Time 0.011 (0.011)	Data 0.001 (0.001)	Loss 0.0657 (0.2007)	ERR 0.245 (0.399)
Epoch: [1][260/2211]	Time 0.010 (0.011)	Data 0.001 (0.001)	Loss 0.1664 (0.2023)	ERR 0.346 (0.400)
Epoch: [1][270/2211]	Time 0.010 (0.011)	Data 0.001 (0.001)	Loss 0.3440 (0.2055)	ERR 0.559 (0.401)
Epoch: [1][280/2211]	Time 0.010 (0.011)	Data 0.001 (0.001)	Loss 0.4832 (0.2045)	ERR 0.583 (0.400)
Epoch: [1][290/2211]	Time 0.010 (0.011)	Data 0.001 (0.001)	Loss 0.1569 (0.2062)	ERR 0.384 (0.402)
Epoch: [1][300/2211]	Time 0.010 (0.011)	Data 0.001 (0.001)	Loss 0.0433 (0.2046)	ERR 0.207 (0.400)
Epoch: [1][310/2211]	Time 0.011 (0.011)	Data 0.001 (0.001)	Loss 0.1367 (0.2028)	ERR 0.345 (0.398)
Epoch: [1][320/2211]	Time 0.010 (0.011)	Data 0.001 (0.001)	Loss 0.3005 (0.2041)	ERR 0.504 (0.400)
Epoch: [1][330/2211]	Time 0.010 (0.011)	Data 0.001 (0.001)	Loss 0.1064 (0.2037)	ERR 0.324 (0.400)
Epoch: [1][340/2211]	Time 0.010 (0.011)	Data 0.001 (0.001)	Loss 0.3435 (0.2050)	ERR 0.585 (0.401)
Epoch: [1][350/2211]	Time 0.011 (0.011)	Data 0.001 (0.001)	Loss 0.1926 (0.2042)	ERR 0.375 (0.400)
Epoch: [1][360/2211]	Time 0.010 (0.011)	Data 0.001 (0.001)	Loss 0.0462 (0.2026)	ERR 0.215 (0.398)
Epoch: [1][370/2211]	Time 0.010 (0.011)	Data 0.001 (0.001)	Loss 0.0613 (0.2013)	ERR 0.243 (0.397)
Epoch: [1][380/2211]	Time 0.010 (0.011)	Data 0.001 (0.001)	Loss 0.3296 (0.2021)	ERR 0.512 (0.398)
Epoch: [1][390/2211]	Time 0.010 (0.011)	Data 0.001 (0.001)	Loss 0.2194 (0.2017)	ERR 0.420 (0.398)
Epoch: [1][400/2211]	Time 0.010 (0.011)	Data 0.001 (0.001)	Loss 0.1722 (0.2010)	ERR 0.394 (0.397)
Epoch: [1][410/2211]	Time 0.010 (0.011)	Data 0.001 (0.001)	Loss 0.1459 (0.2013)	ERR 0.357 (0.397)
Epoch: [1][420/2211]	Time 0.010 (0.011)	Data 0.001 (0.001)	Loss 0.1425 (0.2005)	ERR 0.328 (0.397)
Epoch: [1][430/2211]	Time 0.010 (0.011)	Data 0.001 (0.001)	Loss 0.6572 (0.2009)	ERR 0.811 (0.397)
Epoch: [1][440/2211]	Time 0.010 (0.011)	Data 0.001 (0.001)	Loss 0.2346 (0.2004)	ERR 0.483 (0.397)
Epoch: [1][450/2211]	Time 0.010 (0.011)	Data 0.001 (0.001)	Loss 0.2199 (0.2001)	ERR 0.440 (0.397)
Epoch: [1][460/2211]	Time 0.010 (0.011)	Data 0.001 (0.001)	Loss 0.4271 (0.2007)	ERR 0.615 (0.398)
Epoch: [1][470/2211]	Time 0.010 (0.011)	Data 0.001 (0.001)	Loss 0.1754 (0.2010)	ERR 0.394 (0.398)
Epoch: [1][480/2211]	Time 0.011 (0.011)	Data 0.001 (0.001)	Loss 0.1873 (0.2013)	ERR 0.431 (0.398)
Epoch: [1][490/2211]	Time 0.010 (0.011)	Data 0.001 (0.001)	Loss 0.1262 (0.1998)	ERR 0.312 (0.397)
Epoch: [1][500/2211]	Time 0.011 (0.011)	Data 0.001 (0.001)	Loss 0.2094 (0.2010)	ERR 0.448 (0.398)
Epoch: [1][510/2211]	Time 0.011 (0.011)	Data 0.001 (0.001)	Loss 0.2054 (0.2020)	ERR 0.413 (0.399)
Epoch: [1][520/2211]	Time 0.010 (0.011)	Data 0.001 (0.001)	Loss 0.1351 (0.2016)	ERR 0.295 (0.399)
Epoch: [1][530/2211]	Time 0.010 (0.011)	Data 0.001 (0.001)	Loss 0.1836 (0.2006)	ERR 0.359 (0.397)
Epoch: [1][540/2211]	Time 0.010 (0.011)	Data 0.001 (0.001)	Loss 0.2176 (0.2008)	ERR 0.415 (0.398)
Epoch: [1][550/2211]	Time 0.011 (0.011)	Data 0.001 (0.001)	Loss 0.4351 (0.2012)	ERR 0.553 (0.398)
Epoch: [1][560/2211]	Time 0.010 (0.011)	Data 0.001 (0.001)	Loss 0.4431 (0.2014)	ERR 0.542 (0.398)
Epoch: [1][570/2211]	Time 0.010 (0.011)	Data 0.001 (0.001)	Loss 0.1314 (0.2000)	ERR 0.351 (0.397)
Epoch: [1][580/2211]	Time 0.011 (0.011)	Data 0.001 (0.001)	Loss 0.1921 (0.1986)	ERR 0.396 (0.395)
Epoch: [1][590/2211]	Time 0.011 (0.011)	Data 0.001 (0.001)	Loss 0.1266 (0.1982)	ERR 0.355 (0.395)
Epoch: [1][600/2211]	Time 0.011 (0.011)	Data 0.001 (0.001)	Loss 0.2128 (0.1983)	ERR 0.430 (0.395)
Epoch: [1][610/2211]	Time 0.011 (0.011)	Data 0.001 (0.001)	Loss 0.3160 (0.1992)	ERR 0.447 (0.396)
Epoch: [1][620/2211]	Time 0.010 (0.011)	Data 0.001 (0.001)	Loss 0.2066 (0.1986)	ERR 0.428 (0.396)
Epoch: [1][630/2211]	Time 0.010 (0.011)	Data 0.001 (0.001)	Loss 0.1292 (0.1988)	ERR 0.341 (0.396)
Epoch: [1][640/2211]	Time 0.011 (0.011)	Data 0.001 (0.001)	Loss 0.2595 (0.1987)	ERR 0.462 (0.396)
Epoch: [1][650/2211]	Time 0.010 (0.011)	Data 0.001 (0.001)	Loss 0.2036 (0.1985)	ERR 0.410 (0.396)
Epoch: [1][660/2211]	Time 0.010 (0.011)	Data 0.001 (0.001)	Loss 0.2929 (0.1982)	ERR 0.499 (0.395)
Epoch: [1][670/2211]	Time 0.010 (0.011)	Data 0.001 (0.001)	Loss 0.0941 (0.1990)	ERR 0.300 (0.396)
Epoch: [1][680/2211]	Time 0.011 (0.011)	Data 0.001 (0.001)	Loss 0.1571 (0.1993)	ERR 0.333 (0.396)
Epoch: [1][690/2211]	Time 0.010 (0.011)	Data 0.001 (0.001)	Loss 0.1506 (0.1984)	ERR 0.375 (0.395)
Epoch: [1][700/2211]	Time 0.011 (0.011)	Data 0.001 (0.001)	Loss 0.2432 (0.1985)	ERR 0.459 (0.395)
Epoch: [1][710/2211]	Time 0.011 (0.011)	Data 0.001 (0.001)	Loss 0.1570 (0.1984)	ERR 0.337 (0.395)
Epoch: [1][720/2211]	Time 0.011 (0.011)	Data 0.001 (0.001)	Loss 0.1710 (0.1977)	ERR 0.350 (0.394)
Epoch: [1][730/2211]	Time 0.010 (0.011)	Data 0.001 (0.001)	Loss 0.2170 (0.1973)	ERR 0.458 (0.394)
Epoch: [1][740/2211]	Time 0.010 (0.011)	Data 0.001 (0.001)	Loss 0.6305 (0.1981)	ERR 0.658 (0.394)
Epoch: [1][750/2211]	Time 0.011 (0.011)	Data 0.001 (0.001)	Loss 0.1458 (0.1981)	ERR 0.359 (0.394)
Epoch: [1][760/2211]	Time 0.011 (0.011)	Data 0.001 (0.001)	Loss 0.1581 (0.1975)	ERR 0.377 (0.394)
Epoch: [1][770/2211]	Time 0.011 (0.011)	Data 0.001 (0.001)	Loss 0.1185 (0.1967)	ERR 0.315 (0.393)
Epoch: [1][780/2211]	Time 0.011 (0.011)	Data 0.001 (0.001)	Loss 0.0900 (0.1963)	ERR 0.270 (0.393)
Epoch: [1][790/2211]	Time 0.010 (0.011)	Data 0.001 (0.001)	Loss 0.0651 (0.1965)	ERR 0.255 (0.393)
Epoch: [1][800/2211]	Time 0.011 (0.011)	Data 0.001 (0.001)	Loss 0.2273 (0.1965)	ERR 0.427 (0.393)
Epoch: [1][810/2211]	Time 0.011 (0.011)	Data 0.001 (0.001)	Loss 0.2741 (0.1970)	ERR 0.512 (0.393)
Epoch: [1][820/2211]	Time 0.010 (0.011)	Data 0.001 (0.001)	Loss 0.2810 (0.1975)	ERR 0.468 (0.394)
Epoch: [1][830/2211]	Time 0.010 (0.011)	Data 0.001 (0.001)	Loss 0.1058 (0.1980)	ERR 0.325 (0.394)
Epoch: [1][840/2211]	Time 0.010 (0.011)	Data 0.001 (0.001)	Loss 0.2431 (0.1986)	ERR 0.405 (0.395)
Epoch: [1][850/2211]	Time 0.011 (0.011)	Data 0.001 (0.001)	Loss 0.3175 (0.1984)	ERR 0.494 (0.394)
Epoch: [1][860/2211]	Time 0.010 (0.011)	Data 0.001 (0.001)	Loss 0.1106 (0.1982)	ERR 0.332 (0.394)
Epoch: [1][870/2211]	Time 0.010 (0.011)	Data 0.001 (0.001)	Loss 0.4840 (0.1981)	ERR 0.689 (0.394)
Epoch: [1][880/2211]	Time 0.011 (0.011)	Data 0.001 (0.001)	Loss 0.1387 (0.1979)	ERR 0.338 (0.394)
Epoch: [1][890/2211]	Time 0.010 (0.011)	Data 0.001 (0.001)	Loss 0.2996 (0.1973)	ERR 0.488 (0.393)
Epoch: [1][900/2211]	Time 0.011 (0.011)	Data 0.001 (0.001)	Loss 0.6251 (0.1979)	ERR 0.641 (0.393)
Epoch: [1][910/2211]	Time 0.011 (0.011)	Data 0.001 (0.001)	Loss 0.2481 (0.1977)	ERR 0.430 (0.393)
Epoch: [1][920/2211]	Time 0.010 (0.011)	Data 0.001 (0.001)	Loss 0.1939 (0.1983)	ERR 0.388 (0.394)
Epoch: [1][930/2211]	Time 0.010 (0.011)	Data 0.001 (0.001)	Loss 0.1936 (0.1979)	ERR 0.364 (0.393)
Epoch: [1][940/2211]	Time 0.011 (0.011)	Data 0.001 (0.001)	Loss 0.7357 (0.1984)	ERR 0.803 (0.393)
Epoch: [1][950/2211]	Time 0.011 (0.011)	Data 0.001 (0.001)	Loss 0.3992 (0.1985)	ERR 0.548 (0.394)
Epoch: [1][960/2211]	Time 0.010 (0.011)	Data 0.001 (0.001)	Loss 0.2889 (0.1989)	ERR 0.500 (0.394)
Epoch: [1][970/2211]	Time 0.010 (0.011)	Data 0.001 (0.001)	Loss 0.2717 (0.1984)	ERR 0.516 (0.393)
Epoch: [1][980/2211]	Time 0.011 (0.011)	Data 0.001 (0.001)	Loss 0.1999 (0.1982)	ERR 0.366 (0.393)
Epoch: [1][990/2211]	Time 0.010 (0.011)	Data 0.001 (0.001)	Loss 0.0859 (0.1981)	ERR 0.264 (0.393)
Epoch: [1][1000/2211]	Time 0.011 (0.011)	Data 0.001 (0.001)	Loss 0.1476 (0.1988)	ERR 0.324 (0.394)
Epoch: [1][1010/2211]	Time 0.010 (0.011)	Data 0.001 (0.001)	Loss 0.0648 (0.1988)	ERR 0.243 (0.394)
Epoch: [1][1020/2211]	Time 0.010 (0.011)	Data 0.001 (0.001)	Loss 0.1407 (0.1983)	ERR 0.362 (0.393)
Epoch: [1][1030/2211]	Time 0.012 (0.011)	Data 0.001 (0.001)	Loss 0.3141 (0.1983)	ERR 0.507 (0.393)
Epoch: [1][1040/2211]	Time 0.011 (0.011)	Data 0.001 (0.001)	Loss 0.0993 (0.1983)	ERR 0.282 (0.393)
Epoch: [1][1050/2211]	Time 0.010 (0.011)	Data 0.001 (0.001)	Loss 0.2053 (0.1979)	ERR 0.376 (0.393)
Epoch: [1][1060/2211]	Time 0.010 (0.011)	Data 0.001 (0.001)	Loss 0.2023 (0.1975)	ERR 0.371 (0.392)
Epoch: [1][1070/2211]	Time 0.010 (0.011)	Data 0.001 (0.001)	Loss 0.1318 (0.1978)	ERR 0.357 (0.393)
Epoch: [1][1080/2211]	Time 0.011 (0.011)	Data 0.001 (0.001)	Loss 0.1979 (0.1972)	ERR 0.445 (0.392)
Epoch: [1][1090/2211]	Time 0.011 (0.011)	Data 0.001 (0.001)	Loss 0.1471 (0.1967)	ERR 0.347 (0.392)
Epoch: [1][1100/2211]	Time 0.010 (0.011)	Data 0.001 (0.001)	Loss 0.0652 (0.1963)	ERR 0.233 (0.391)
Epoch: [1][1110/2211]	Time 0.010 (0.011)	Data 0.001 (0.001)	Loss 0.2940 (0.1961)	ERR 0.540 (0.391)
Epoch: [1][1120/2211]	Time 0.011 (0.011)	Data 0.001 (0.001)	Loss 0.2681 (0.1959)	ERR 0.509 (0.391)
Epoch: [1][1130/2211]	Time 0.010 (0.011)	Data 0.001 (0.001)	Loss 0.1943 (0.1962)	ERR 0.363 (0.391)
Epoch: [1][1140/2211]	Time 0.010 (0.011)	Data 0.001 (0.001)	Loss 0.0444 (0.1967)	ERR 0.197 (0.391)
Epoch: [1][1150/2211]	Time 0.010 (0.011)	Data 0.001 (0.001)	Loss 0.4960 (0.1966)	ERR 0.702 (0.391)
Epoch: [1][1160/2211]	Time 0.010 (0.011)	Data 0.001 (0.001)	Loss 0.1223 (0.1964)	ERR 0.350 (0.391)
Epoch: [1][1170/2211]	Time 0.010 (0.011)	Data 0.001 (0.001)	Loss 0.1677 (0.1962)	ERR 0.399 (0.391)
Epoch: [1][1180/2211]	Time 0.011 (0.011)	Data 0.001 (0.001)	Loss 0.0848 (0.1959)	ERR 0.262 (0.391)
Epoch: [1][1190/2211]	Time 0.010 (0.011)	Data 0.001 (0.001)	Loss 0.4211 (0.1965)	ERR 0.539 (0.391)
Epoch: [1][1200/2211]	Time 0.010 (0.011)	Data 0.001 (0.001)	Loss 0.1019 (0.1959)	ERR 0.316 (0.391)
Epoch: [1][1210/2211]	Time 0.011 (0.011)	Data 0.001 (0.001)	Loss 0.2217 (0.1964)	ERR 0.450 (0.391)
Epoch: [1][1220/2211]	Time 0.010 (0.011)	Data 0.001 (0.001)	Loss 0.1814 (0.1960)	ERR 0.379 (0.391)
Epoch: [1][1230/2211]	Time 0.010 (0.011)	Data 0.001 (0.001)	Loss 0.0895 (0.1960)	ERR 0.297 (0.391)
Epoch: [1][1240/2211]	Time 0.011 (0.011)	Data 0.001 (0.001)	Loss 0.3646 (0.1961)	ERR 0.519 (0.391)
Epoch: [1][1250/2211]	Time 0.010 (0.011)	Data 0.001 (0.001)	Loss 0.1280 (0.1964)	ERR 0.344 (0.391)
Epoch: [1][1260/2211]	Time 0.010 (0.011)	Data 0.001 (0.001)	Loss 0.1261 (0.1961)	ERR 0.343 (0.391)
Epoch: [1][1270/2211]	Time 0.011 (0.011)	Data 0.001 (0.001)	Loss 0.1393 (0.1960)	ERR 0.335 (0.391)
Epoch: [1][1280/2211]	Time 0.010 (0.011)	Data 0.001 (0.001)	Loss 0.1368 (0.1960)	ERR 0.369 (0.391)
Epoch: [1][1290/2211]	Time 0.011 (0.011)	Data 0.001 (0.001)	Loss 0.1196 (0.1964)	ERR 0.311 (0.391)
Epoch: [1][1300/2211]	Time 0.010 (0.011)	Data 0.001 (0.001)	Loss 0.1537 (0.1964)	ERR 0.391 (0.391)
Epoch: [1][1310/2211]	Time 0.010 (0.011)	Data 0.001 (0.001)	Loss 0.1326 (0.1964)	ERR 0.358 (0.391)
Epoch: [1][1320/2211]	Time 0.010 (0.011)	Data 0.001 (0.001)	Loss 0.1572 (0.1966)	ERR 0.377 (0.391)
Epoch: [1][1330/2211]	Time 0.010 (0.011)	Data 0.001 (0.001)	Loss 0.1073 (0.1964)	ERR 0.308 (0.391)
Epoch: [1][1340/2211]	Time 0.010 (0.011)	Data 0.001 (0.001)	Loss 0.1283 (0.1970)	ERR 0.348 (0.392)
Epoch: [1][1350/2211]	Time 0.010 (0.011)	Data 0.001 (0.001)	Loss 0.3931 (0.1973)	ERR 0.536 (0.392)
Epoch: [1][1360/2211]	Time 0.011 (0.011)	Data 0.001 (0.001)	Loss 0.2860 (0.1975)	ERR 0.472 (0.392)
Epoch: [1][1370/2211]	Time 0.011 (0.011)	Data 0.001 (0.001)	Loss 0.1316 (0.1973)	ERR 0.312 (0.392)
Epoch: [1][1380/2211]	Time 0.010 (0.011)	Data 0.001 (0.001)	Loss 0.0997 (0.1973)	ERR 0.298 (0.392)
Epoch: [1][1390/2211]	Time 0.011 (0.011)	Data 0.001 (0.001)	Loss 0.3234 (0.1974)	ERR 0.521 (0.392)
Epoch: [1][1400/2211]	Time 0.012 (0.011)	Data 0.001 (0.001)	Loss 0.1304 (0.1976)	ERR 0.340 (0.392)
Epoch: [1][1410/2211]	Time 0.011 (0.011)	Data 0.001 (0.001)	Loss 0.1461 (0.1974)	ERR 0.378 (0.392)
Epoch: [1][1420/2211]	Time 0.010 (0.011)	Data 0.001 (0.001)	Loss 0.0918 (0.1970)	ERR 0.291 (0.392)
Epoch: [1][1430/2211]	Time 0.010 (0.011)	Data 0.001 (0.001)	Loss 0.2081 (0.1967)	ERR 0.413 (0.391)
Epoch: [1][1440/2211]	Time 0.011 (0.011)	Data 0.001 (0.001)	Loss 0.1709 (0.1964)	ERR 0.377 (0.391)
Epoch: [1][1450/2211]	Time 0.011 (0.011)	Data 0.001 (0.001)	Loss 0.0735 (0.1960)	ERR 0.252 (0.391)
Epoch: [1][1460/2211]	Time 0.010 (0.011)	Data 0.001 (0.001)	Loss 0.1405 (0.1958)	ERR 0.359 (0.390)
Epoch: [1][1470/2211]	Time 0.010 (0.011)	Data 0.001 (0.001)	Loss 0.2780 (0.1962)	ERR 0.492 (0.391)
Epoch: [1][1480/2211]	Time 0.011 (0.011)	Data 0.001 (0.001)	Loss 0.3358 (0.1960)	ERR 0.475 (0.390)
Epoch: [1][1490/2211]	Time 0.011 (0.011)	Data 0.001 (0.001)	Loss 0.0913 (0.1958)	ERR 0.273 (0.390)
Epoch: [1][1500/2211]	Time 0.011 (0.011)	Data 0.001 (0.001)	Loss 0.0839 (0.1958)	ERR 0.271 (0.390)
Epoch: [1][1510/2211]	Time 0.011 (0.011)	Data 0.001 (0.001)	Loss 0.1119 (0.1954)	ERR 0.333 (0.390)
Epoch: [1][1520/2211]	Time 0.010 (0.011)	Data 0.001 (0.001)	Loss 0.1452 (0.1951)	ERR 0.381 (0.390)
Epoch: [1][1530/2211]	Time 0.010 (0.011)	Data 0.001 (0.001)	Loss 0.2279 (0.1949)	ERR 0.434 (0.390)
Epoch: [1][1540/2211]	Time 0.010 (0.011)	Data 0.001 (0.001)	Loss 0.2077 (0.1953)	ERR 0.446 (0.390)
Epoch: [1][1550/2211]	Time 0.011 (0.011)	Data 0.001 (0.001)	Loss 0.3368 (0.1961)	ERR 0.508 (0.390)
Epoch: [1][1560/2211]	Time 0.010 (0.011)	Data 0.001 (0.001)	Loss 0.2321 (0.1962)	ERR 0.440 (0.391)
Epoch: [1][1570/2211]	Time 0.011 (0.011)	Data 0.001 (0.001)	Loss 0.1848 (0.1968)	ERR 0.367 (0.391)
Epoch: [1][1580/2211]	Time 0.011 (0.011)	Data 0.001 (0.001)	Loss 0.3874 (0.1969)	ERR 0.549 (0.391)
Epoch: [1][1590/2211]	Time 0.011 (0.011)	Data 0.001 (0.001)	Loss 0.3850 (0.1968)	ERR 0.508 (0.391)
Epoch: [1][1600/2211]	Time 0.010 (0.011)	Data 0.001 (0.001)	Loss 0.0560 (0.1965)	ERR 0.233 (0.391)
Epoch: [1][1610/2211]	Time 0.010 (0.011)	Data 0.001 (0.001)	Loss 0.0943 (0.1966)	ERR 0.277 (0.391)
Epoch: [1][1620/2211]	Time 0.010 (0.011)	Data 0.001 (0.001)	Loss 0.1298 (0.1964)	ERR 0.345 (0.391)
Epoch: [1][1630/2211]	Time 0.010 (0.011)	Data 0.001 (0.001)	Loss 0.5461 (0.1962)	ERR 0.588 (0.390)
Epoch: [1][1640/2211]	Time 0.010 (0.011)	Data 0.001 (0.001)	Loss 0.1765 (0.1960)	ERR 0.354 (0.390)
Epoch: [1][1650/2211]	Time 0.010 (0.011)	Data 0.001 (0.001)	Loss 0.1086 (0.1959)	ERR 0.291 (0.390)
Epoch: [1][1660/2211]	Time 0.010 (0.011)	Data 0.001 (0.001)	Loss 0.3064 (0.1959)	ERR 0.495 (0.390)
Epoch: [1][1670/2211]	Time 0.010 (0.011)	Data 0.001 (0.001)	Loss 0.2611 (0.1958)	ERR 0.454 (0.390)
Epoch: [1][1680/2211]	Time 0.010 (0.011)	Data 0.001 (0.001)	Loss 0.3349 (0.1957)	ERR 0.496 (0.390)
Epoch: [1][1690/2211]	Time 0.010 (0.011)	Data 0.001 (0.001)	Loss 0.1156 (0.1953)	ERR 0.299 (0.389)
Epoch: [1][1700/2211]	Time 0.011 (0.011)	Data 0.001 (0.001)	Loss 0.0640 (0.1957)	ERR 0.240 (0.390)
Epoch: [1][1710/2211]	Time 0.011 (0.011)	Data 0.001 (0.001)	Loss 0.0957 (0.1956)	ERR 0.289 (0.390)
Epoch: [1][1720/2211]	Time 0.011 (0.011)	Data 0.001 (0.001)	Loss 0.2628 (0.1955)	ERR 0.482 (0.390)
Epoch: [1][1730/2211]	Time 0.010 (0.011)	Data 0.001 (0.001)	Loss 0.2173 (0.1956)	ERR 0.435 (0.390)
Epoch: [1][1740/2211]	Time 0.010 (0.011)	Data 0.001 (0.001)	Loss 0.1913 (0.1956)	ERR 0.414 (0.390)
Epoch: [1][1750/2211]	Time 0.011 (0.011)	Data 0.001 (0.001)	Loss 0.4098 (0.1956)	ERR 0.525 (0.390)
Epoch: [1][1760/2211]	Time 0.011 (0.011)	Data 0.001 (0.001)	Loss 0.1238 (0.1962)	ERR 0.350 (0.390)
Epoch: [1][1770/2211]	Time 0.011 (0.011)	Data 0.001 (0.001)	Loss 0.0806 (0.1962)	ERR 0.270 (0.390)
Epoch: [1][1780/2211]	Time 0.011 (0.011)	Data 0.001 (0.001)	Loss 0.1668 (0.1964)	ERR 0.349 (0.390)
Epoch: [1][1790/2211]	Time 0.010 (0.011)	Data 0.001 (0.001)	Loss 0.1503 (0.1963)	ERR 0.380 (0.390)
Epoch: [1][1800/2211]	Time 0.011 (0.011)	Data 0.001 (0.001)	Loss 0.1659 (0.1962)	ERR 0.335 (0.390)
Epoch: [1][1810/2211]	Time 0.010 (0.011)	Data 0.001 (0.001)	Loss 0.1344 (0.1959)	ERR 0.341 (0.390)
Epoch: [1][1820/2211]	Time 0.011 (0.011)	Data 0.001 (0.001)	Loss 0.1621 (0.1960)	ERR 0.343 (0.390)
Epoch: [1][1830/2211]	Time 0.010 (0.011)	Data 0.001 (0.001)	Loss 0.1296 (0.1958)	ERR 0.341 (0.390)
Epoch: [1][1840/2211]	Time 0.011 (0.011)	Data 0.001 (0.001)	Loss 0.1076 (0.1955)	ERR 0.277 (0.389)
Epoch: [1][1850/2211]	Time 0.011 (0.011)	Data 0.001 (0.001)	Loss 0.1174 (0.1951)	ERR 0.317 (0.389)
Epoch: [1][1860/2211]	Time 0.011 (0.011)	Data 0.001 (0.001)	Loss 0.0851 (0.1952)	ERR 0.263 (0.389)
Epoch: [1][1870/2211]	Time 0.010 (0.011)	Data 0.001 (0.001)	Loss 0.1465 (0.1955)	ERR 0.333 (0.389)
Epoch: [1][1880/2211]	Time 0.010 (0.011)	Data 0.001 (0.001)	Loss 0.2270 (0.1956)	ERR 0.469 (0.389)
Epoch: [1][1890/2211]	Time 0.010 (0.011)	Data 0.001 (0.001)	Loss 0.2018 (0.1959)	ERR 0.416 (0.390)
Epoch: [1][1900/2211]	Time 0.011 (0.011)	Data 0.001 (0.001)	Loss 0.2947 (0.1958)	ERR 0.478 (0.389)
Epoch: [1][1910/2211]	Time 0.010 (0.011)	Data 0.001 (0.001)	Loss 0.2423 (0.1959)	ERR 0.485 (0.390)
Epoch: [1][1920/2211]	Time 0.011 (0.011)	Data 0.001 (0.001)	Loss 0.0904 (0.1958)	ERR 0.284 (0.389)
Epoch: [1][1930/2211]	Time 0.011 (0.011)	Data 0.001 (0.001)	Loss 0.0654 (0.1959)	ERR 0.250 (0.390)
Epoch: [1][1940/2211]	Time 0.010 (0.011)	Data 0.001 (0.001)	Loss 0.2403 (0.1964)	ERR 0.395 (0.390)
Epoch: [1][1950/2211]	Time 0.010 (0.011)	Data 0.001 (0.001)	Loss 0.1989 (0.1964)	ERR 0.435 (0.390)
Epoch: [1][1960/2211]	Time 0.010 (0.011)	Data 0.001 (0.001)	Loss 0.1293 (0.1961)	ERR 0.328 (0.390)
Epoch: [1][1970/2211]	Time 0.011 (0.011)	Data 0.001 (0.001)	Loss 0.1840 (0.1963)	ERR 0.424 (0.390)
Epoch: [1][1980/2211]	Time 0.010 (0.011)	Data 0.001 (0.001)	Loss 0.1449 (0.1965)	ERR 0.337 (0.390)
Epoch: [1][1990/2211]	Time 0.011 (0.011)	Data 0.001 (0.001)	Loss 0.2631 (0.1968)	ERR 0.444 (0.390)
Epoch: [1][2000/2211]	Time 0.010 (0.011)	Data 0.001 (0.001)	Loss 0.2565 (0.1969)	ERR 0.477 (0.391)
Epoch: [1][2010/2211]	Time 0.010 (0.011)	Data 0.001 (0.001)	Loss 0.1655 (0.1969)	ERR 0.380 (0.391)
Epoch: [1][2020/2211]	Time 0.010 (0.011)	Data 0.001 (0.001)	Loss 0.1559 (0.1966)	ERR 0.358 (0.390)
Epoch: [1][2030/2211]	Time 0.010 (0.011)	Data 0.001 (0.001)	Loss 0.1167 (0.1964)	ERR 0.319 (0.390)
Epoch: [1][2040/2211]	Time 0.011 (0.011)	Data 0.001 (0.001)	Loss 0.2678 (0.1964)	ERR 0.428 (0.390)
Epoch: [1][2050/2211]	Time 0.010 (0.011)	Data 0.001 (0.001)	Loss 0.0754 (0.1964)	ERR 0.247 (0.390)
Epoch: [1][2060/2211]	Time 0.011 (0.011)	Data 0.001 (0.001)	Loss 0.0702 (0.1966)	ERR 0.253 (0.390)
Epoch: [1][2070/2211]	Time 0.010 (0.011)	Data 0.001 (0.001)	Loss 0.0732 (0.1966)	ERR 0.269 (0.390)
Epoch: [1][2080/2211]	Time 0.011 (0.011)	Data 0.001 (0.001)	Loss 0.0445 (0.1964)	ERR 0.204 (0.390)
Epoch: [1][2090/2211]	Time 0.011 (0.011)	Data 0.001 (0.001)	Loss 0.0997 (0.1962)	ERR 0.313 (0.390)
Epoch: [1][2100/2211]	Time 0.011 (0.011)	Data 0.001 (0.001)	Loss 0.3172 (0.1959)	ERR 0.550 (0.390)
Epoch: [1][2110/2211]	Time 0.011 (0.011)	Data 0.001 (0.001)	Loss 0.1538 (0.1956)	ERR 0.356 (0.390)
Epoch: [1][2120/2211]	Time 0.011 (0.011)	Data 0.001 (0.001)	Loss 0.1399 (0.1956)	ERR 0.316 (0.390)
Epoch: [1][2130/2211]	Time 0.011 (0.011)	Data 0.001 (0.001)	Loss 0.4595 (0.1954)	ERR 0.608 (0.389)
Epoch: [1][2140/2211]	Time 0.010 (0.011)	Data 0.001 (0.001)	Loss 0.3705 (0.1956)	ERR 0.539 (0.389)
Epoch: [1][2150/2211]	Time 0.010 (0.011)	Data 0.001 (0.001)	Loss 0.4909 (0.1956)	ERR 0.647 (0.389)
Epoch: [1][2160/2211]	Time 0.010 (0.011)	Data 0.001 (0.001)	Loss 0.2601 (0.1956)	ERR 0.471 (0.389)
Epoch: [1][2170/2211]	Time 0.010 (0.011)	Data 0.001 (0.001)	Loss 0.6397 (0.1957)	ERR 0.696 (0.390)
Epoch: [1][2180/2211]	Time 0.011 (0.011)	Data 0.001 (0.001)	Loss 0.1510 (0.1955)	ERR 0.379 (0.389)
Epoch: [1][2190/2211]	Time 0.010 (0.011)	Data 0.001 (0.001)	Loss 0.1962 (0.1956)	ERR 0.377 (0.390)
Epoch: [1][2200/2211]	Time 0.010 (0.011)	Data 0.001 (0.001)	Loss 0.1106 (0.1954)	ERR 0.321 (0.389)
Epoch: [1][2210/2211]	Time 0.016 (0.011)	Data 0.009 (0.001)	Loss 0.0405 (0.1956)	ERR 0.194 (0.389)
Training Error: 0.389  Loss: 0.196
Test: [0/737]	Time 0.014 (0.014)	Loss 0.1309 (0.1309)	ERR 0.361 (0.361)
Test: [10/737]	Time 0.004 (0.005)	Loss 0.1317 (0.1468)	ERR 0.354 (0.336)
Test: [20/737]	Time 0.004 (0.005)	Loss 0.1990 (0.1464)	ERR 0.367 (0.335)
Test: [30/737]	Time 0.004 (0.004)	Loss 0.3987 (0.1561)	ERR 0.612 (0.341)
Test: [40/737]	Time 0.004 (0.004)	Loss 0.2006 (0.1685)	ERR 0.373 (0.352)
Test: [50/737]	Time 0.004 (0.004)	Loss 0.1192 (0.1755)	ERR 0.337 (0.361)
Test: [60/737]	Time 0.004 (0.004)	Loss 0.0625 (0.1670)	ERR 0.237 (0.352)
Test: [70/737]	Time 0.004 (0.004)	Loss 0.2921 (0.1562)	ERR 0.450 (0.339)
Test: [80/737]	Time 0.004 (0.004)	Loss 0.0686 (0.1603)	ERR 0.250 (0.343)
Test: [90/737]	Time 0.004 (0.004)	Loss 0.0987 (0.1565)	ERR 0.281 (0.342)
Test: [100/737]	Time 0.004 (0.004)	Loss 0.0835 (0.1565)	ERR 0.258 (0.343)
Test: [110/737]	Time 0.004 (0.004)	Loss 0.0968 (0.1543)	ERR 0.297 (0.342)
Test: [120/737]	Time 0.004 (0.004)	Loss 0.4849 (0.1631)	ERR 0.666 (0.350)
Test: [130/737]	Time 0.004 (0.004)	Loss 0.2812 (0.1660)	ERR 0.492 (0.352)
Test: [140/737]	Time 0.004 (0.004)	Loss 0.0327 (0.1634)	ERR 0.164 (0.348)
Test: [150/737]	Time 0.004 (0.004)	Loss 0.1086 (0.1627)	ERR 0.284 (0.347)
Test: [160/737]	Time 0.004 (0.004)	Loss 0.0757 (0.1624)	ERR 0.252 (0.347)
Test: [170/737]	Time 0.004 (0.004)	Loss 0.1014 (0.1607)	ERR 0.306 (0.345)
Test: [180/737]	Time 0.004 (0.004)	Loss 0.2913 (0.1616)	ERR 0.459 (0.346)
Test: [190/737]	Time 0.004 (0.004)	Loss 0.2077 (0.1599)	ERR 0.378 (0.345)
Test: [200/737]	Time 0.004 (0.004)	Loss 0.1018 (0.1591)	ERR 0.294 (0.344)
Test: [210/737]	Time 0.004 (0.004)	Loss 0.2353 (0.1618)	ERR 0.479 (0.347)
Test: [220/737]	Time 0.004 (0.004)	Loss 0.0736 (0.1619)	ERR 0.249 (0.347)
Test: [230/737]	Time 0.004 (0.004)	Loss 0.2032 (0.1612)	ERR 0.367 (0.346)
Test: [240/737]	Time 0.004 (0.004)	Loss 0.0617 (0.1592)	ERR 0.233 (0.344)
Test: [250/737]	Time 0.004 (0.004)	Loss 0.0648 (0.1588)	ERR 0.247 (0.344)
Test: [260/737]	Time 0.004 (0.004)	Loss 0.0939 (0.1626)	ERR 0.289 (0.347)
Test: [270/737]	Time 0.004 (0.004)	Loss 0.1867 (0.1606)	ERR 0.389 (0.345)
Test: [280/737]	Time 0.004 (0.004)	Loss 0.1474 (0.1606)	ERR 0.348 (0.345)
Test: [290/737]	Time 0.004 (0.004)	Loss 0.2158 (0.1607)	ERR 0.385 (0.346)
Test: [300/737]	Time 0.004 (0.004)	Loss 0.1432 (0.1608)	ERR 0.349 (0.345)
Test: [310/737]	Time 0.004 (0.004)	Loss 0.0470 (0.1627)	ERR 0.210 (0.347)
Test: [320/737]	Time 0.004 (0.004)	Loss 0.0790 (0.1634)	ERR 0.264 (0.348)
Test: [330/737]	Time 0.004 (0.004)	Loss 0.3667 (0.1649)	ERR 0.539 (0.349)
Test: [340/737]	Time 0.004 (0.004)	Loss 0.2003 (0.1649)	ERR 0.394 (0.350)
Test: [350/737]	Time 0.004 (0.004)	Loss 0.1140 (0.1638)	ERR 0.338 (0.348)
Test: [360/737]	Time 0.004 (0.004)	Loss 0.2456 (0.1655)	ERR 0.437 (0.350)
Test: [370/737]	Time 0.004 (0.004)	Loss 0.2718 (0.1673)	ERR 0.444 (0.351)
Test: [380/737]	Time 0.004 (0.004)	Loss 0.1324 (0.1676)	ERR 0.331 (0.351)
Test: [390/737]	Time 0.004 (0.004)	Loss 0.0881 (0.1665)	ERR 0.296 (0.350)
Test: [400/737]	Time 0.016 (0.004)	Loss 0.6284 (0.1660)	ERR 0.680 (0.349)
Test: [410/737]	Time 0.004 (0.004)	Loss 0.0606 (0.1659)	ERR 0.236 (0.349)
Test: [420/737]	Time 0.004 (0.004)	Loss 0.0961 (0.1662)	ERR 0.310 (0.349)
Test: [430/737]	Time 0.004 (0.004)	Loss 0.1335 (0.1660)	ERR 0.323 (0.349)
Test: [440/737]	Time 0.004 (0.004)	Loss 0.2068 (0.1653)	ERR 0.419 (0.349)
Test: [450/737]	Time 0.004 (0.004)	Loss 0.1033 (0.1652)	ERR 0.300 (0.349)
Test: [460/737]	Time 0.004 (0.004)	Loss 0.2900 (0.1653)	ERR 0.425 (0.349)
Test: [470/737]	Time 0.004 (0.004)	Loss 0.1640 (0.1656)	ERR 0.345 (0.349)
Test: [480/737]	Time 0.004 (0.004)	Loss 0.0757 (0.1648)	ERR 0.247 (0.348)
Test: [490/737]	Time 0.004 (0.004)	Loss 0.0909 (0.1641)	ERR 0.301 (0.348)
Test: [500/737]	Time 0.004 (0.004)	Loss 0.0852 (0.1639)	ERR 0.271 (0.347)
Test: [510/737]	Time 0.004 (0.004)	Loss 0.2064 (0.1640)	ERR 0.446 (0.348)
Test: [520/737]	Time 0.004 (0.004)	Loss 0.1116 (0.1647)	ERR 0.325 (0.348)
Test: [530/737]	Time 0.004 (0.004)	Loss 0.1114 (0.1654)	ERR 0.284 (0.349)
Test: [540/737]	Time 0.004 (0.004)	Loss 0.0646 (0.1665)	ERR 0.248 (0.350)
Test: [550/737]	Time 0.004 (0.004)	Loss 0.0955 (0.1658)	ERR 0.284 (0.349)
Test: [560/737]	Time 0.004 (0.004)	Loss 0.2693 (0.1660)	ERR 0.444 (0.350)
Test: [570/737]	Time 0.004 (0.004)	Loss 0.1081 (0.1666)	ERR 0.298 (0.350)
Test: [580/737]	Time 0.004 (0.004)	Loss 0.1186 (0.1654)	ERR 0.304 (0.348)
Test: [590/737]	Time 0.004 (0.004)	Loss 0.0835 (0.1657)	ERR 0.257 (0.349)
Test: [600/737]	Time 0.004 (0.004)	Loss 0.2094 (0.1659)	ERR 0.387 (0.349)
Test: [610/737]	Time 0.004 (0.004)	Loss 0.4852 (0.1664)	ERR 0.657 (0.350)
Test: [620/737]	Time 0.004 (0.004)	Loss 0.2594 (0.1663)	ERR 0.438 (0.349)
Test: [630/737]	Time 0.004 (0.004)	Loss 0.0785 (0.1659)	ERR 0.242 (0.349)
Test: [640/737]	Time 0.004 (0.004)	Loss 0.1335 (0.1660)	ERR 0.365 (0.349)
Test: [650/737]	Time 0.004 (0.004)	Loss 0.6015 (0.1668)	ERR 0.634 (0.350)
Test: [660/737]	Time 0.004 (0.004)	Loss 0.0982 (0.1673)	ERR 0.283 (0.350)
Test: [670/737]	Time 0.004 (0.004)	Loss 0.4309 (0.1678)	ERR 0.570 (0.351)
Test: [680/737]	Time 0.004 (0.004)	Loss 0.2568 (0.1675)	ERR 0.463 (0.350)
Test: [690/737]	Time 0.004 (0.004)	Loss 0.1870 (0.1671)	ERR 0.379 (0.350)
Test: [700/737]	Time 0.004 (0.004)	Loss 0.1205 (0.1669)	ERR 0.314 (0.350)
Test: [710/737]	Time 0.004 (0.004)	Loss 0.0418 (0.1675)	ERR 0.186 (0.350)
Test: [720/737]	Time 0.004 (0.004)	Loss 0.1226 (0.1676)	ERR 0.337 (0.350)
Test: [730/737]	Time 0.004 (0.004)	Loss 0.1271 (0.1675)	ERR 0.319 (0.350)
 * ERR 0.350 LOSS 0.168
Saving best parameters...
---------Evaluate Model on Test Set---------------
Test: [0/737]	Time 0.898 (0.898)	Loss 0.0905 (0.0905)	ERR 0.299 (0.299)
Test: [10/737]	Time 0.875 (1.107)	Loss 0.0690 (0.1045)	ERR 0.250 (0.282)
Test: [20/737]	Time 0.837 (0.986)	Loss 0.3028 (0.1289)	ERR 0.459 (0.315)
Test: [30/737]	Time 0.821 (0.946)	Loss 0.1972 (0.1640)	ERR 0.406 (0.348)
Test: [40/737]	Time 0.828 (0.981)	Loss 0.0905 (0.1667)	ERR 0.296 (0.350)
Test: [50/737]	Time 1.227 (0.971)	Loss 0.0628 (0.1551)	ERR 0.248 (0.339)
Test: [60/737]	Time 1.136 (0.960)	Loss 0.1883 (0.1554)	ERR 0.363 (0.340)
Test: [70/737]	Time 0.894 (0.968)	Loss 0.6487 (0.1646)	ERR 0.671 (0.348)
Test: [80/737]	Time 1.077 (0.990)	Loss 0.0812 (0.1654)	ERR 0.257 (0.348)
Test: [90/737]	Time 1.034 (0.983)	Loss 0.1341 (0.1663)	ERR 0.313 (0.351)
Test: [100/737]	Time 1.007 (0.976)	Loss 0.0347 (0.1689)	ERR 0.177 (0.352)
Test: [110/737]	Time 0.763 (0.956)	Loss 0.1246 (0.1644)	ERR 0.327 (0.348)
Test: [120/737]	Time 0.606 (0.961)	Loss 0.1357 (0.1640)	ERR 0.321 (0.348)
Test: [130/737]	Time 0.441 (0.955)	Loss 0.0737 (0.1635)	ERR 0.256 (0.349)
Test: [140/737]	Time 0.792 (0.950)	Loss 0.0700 (0.1618)	ERR 0.245 (0.347)
Test: [150/737]	Time 0.957 (0.948)	Loss 0.2104 (0.1609)	ERR 0.368 (0.346)
Test: [160/737]	Time 0.858 (0.945)	Loss 0.2300 (0.1671)	ERR 0.425 (0.352)
Test: [170/737]	Time 1.055 (0.933)	Loss 0.7157 (0.1694)	ERR 0.709 (0.352)
Test: [180/737]	Time 0.727 (0.929)	Loss 0.2000 (0.1691)	ERR 0.397 (0.353)
Test: [190/737]	Time 0.721 (0.919)	Loss 0.0254 (0.1679)	ERR 0.155 (0.352)
Test: [200/737]	Time 0.634 (0.902)	Loss 0.2720 (0.1684)	ERR 0.514 (0.352)
Test: [210/737]	Time 0.815 (0.889)	Loss 0.2242 (0.1695)	ERR 0.385 (0.353)
Test: [220/737]	Time 0.360 (0.874)	Loss 0.0746 (0.1686)	ERR 0.271 (0.352)
Test: [230/737]	Time 0.830 (0.861)	Loss 0.0366 (0.1663)	ERR 0.191 (0.350)
Test: [240/737]	Time 0.251 (0.850)	Loss 0.1001 (0.1629)	ERR 0.313 (0.347)
Test: [250/737]	Time 0.691 (0.842)	Loss 0.1033 (0.1631)	ERR 0.304 (0.347)
Test: [260/737]	Time 0.478 (0.836)	Loss 0.1348 (0.1634)	ERR 0.332 (0.347)
Test: [270/737]	Time 0.586 (0.828)	Loss 0.2877 (0.1655)	ERR 0.435 (0.350)
Test: [280/737]	Time 0.742 (0.818)	Loss 0.3938 (0.1663)	ERR 0.551 (0.351)
Test: [290/737]	Time 0.821 (0.815)	Loss 0.1043 (0.1660)	ERR 0.312 (0.350)
Test: [300/737]	Time 0.472 (0.805)	Loss 0.1122 (0.1652)	ERR 0.286 (0.350)
Test: [310/737]	Time 0.602 (0.800)	Loss 0.0726 (0.1645)	ERR 0.231 (0.350)
Test: [320/737]	Time 0.646 (0.798)	Loss 0.1989 (0.1628)	ERR 0.372 (0.347)
Test: [330/737]	Time 0.641 (0.791)	Loss 0.0899 (0.1631)	ERR 0.273 (0.347)
Test: [340/737]	Time 0.368 (0.787)	Loss 0.1174 (0.1623)	ERR 0.325 (0.347)
Test: [350/737]	Time 0.485 (0.782)	Loss 0.3217 (0.1638)	ERR 0.487 (0.348)
Test: [360/737]	Time 0.384 (0.776)	Loss 0.3161 (0.1625)	ERR 0.483 (0.347)
Test: [370/737]	Time 0.744 (0.771)	Loss 0.3333 (0.1698)	ERR 0.477 (0.349)
Test: [380/737]	Time 0.561 (0.770)	Loss 0.2848 (0.1690)	ERR 0.447 (0.348)
Test: [390/737]	Time 0.585 (0.765)	Loss 0.1513 (0.1686)	ERR 0.386 (0.348)
Test: [400/737]	Time 0.384 (0.760)	Loss 0.0847 (0.1684)	ERR 0.257 (0.349)
Test: [410/737]	Time 0.854 (0.760)	Loss 0.0397 (0.1665)	ERR 0.192 (0.347)
Test: [420/737]	Time 1.037 (0.769)	Loss 0.1714 (0.1697)	ERR 0.349 (0.349)
Test: [430/737]	Time 4.601 (0.822)	Loss 0.3649 (0.1715)	ERR 0.566 (0.351)
Test: [440/737]	Time 3.017 (0.879)	Loss 0.1214 (0.1715)	ERR 0.326 (0.351)
Test: [450/737]	Time 1.116 (0.903)	Loss 0.0787 (0.1717)	ERR 0.274 (0.351)
Test: [460/737]	Time 0.865 (0.902)	Loss 0.1371 (0.1713)	ERR 0.330 (0.351)
Test: [470/737]	Time 1.321 (0.903)	Loss 0.1120 (0.1711)	ERR 0.283 (0.351)
Test: [480/737]	Time 0.884 (0.905)	Loss 0.6540 (0.1734)	ERR 0.657 (0.353)
Test: [490/737]	Time 1.109 (0.906)	Loss 0.0714 (0.1728)	ERR 0.251 (0.352)
Test: [500/737]	Time 1.097 (0.910)	Loss 0.2380 (0.1737)	ERR 0.437 (0.353)
Test: [510/737]	Time 0.746 (0.910)	Loss 0.7651 (0.1739)	ERR 0.689 (0.353)
Test: [520/737]	Time 0.765 (0.908)	Loss 0.2268 (0.1743)	ERR 0.398 (0.353)
Test: [530/737]	Time 0.886 (0.908)	Loss 0.0625 (0.1745)	ERR 0.232 (0.353)
Test: [540/737]	Time 0.732 (0.908)	Loss 0.1177 (0.1738)	ERR 0.342 (0.353)
Test: [550/737]	Time 0.849 (0.909)	Loss 0.3067 (0.1743)	ERR 0.491 (0.353)
Test: [560/737]	Time 0.703 (0.906)	Loss 0.1185 (0.1749)	ERR 0.322 (0.354)
Test: [570/737]	Time 0.578 (0.904)	Loss 0.0519 (0.1744)	ERR 0.227 (0.354)
Test: [580/737]	Time 1.066 (0.902)	Loss 0.2793 (0.1738)	ERR 0.437 (0.353)
Test: [590/737]	Time 0.792 (0.902)	Loss 0.1048 (0.1738)	ERR 0.284 (0.353)
Test: [600/737]	Time 0.832 (0.903)	Loss 0.0932 (0.1729)	ERR 0.298 (0.352)
Test: [610/737]	Time 1.020 (0.903)	Loss 0.1126 (0.1726)	ERR 0.290 (0.353)
Test: [620/737]	Time 0.836 (0.902)	Loss 0.1556 (0.1731)	ERR 0.367 (0.353)
Test: [630/737]	Time 0.919 (0.903)	Loss 0.2108 (0.1740)	ERR 0.388 (0.354)
Test: [640/737]	Time 0.670 (0.903)	Loss 0.5893 (0.1737)	ERR 0.753 (0.353)
Test: [650/737]	Time 1.183 (0.901)	Loss 0.3632 (0.1743)	ERR 0.497 (0.354)
Test: [660/737]	Time 0.706 (0.900)	Loss 0.2940 (0.1741)	ERR 0.521 (0.354)
Test: [670/737]	Time 0.862 (0.898)	Loss 0.1109 (0.1734)	ERR 0.333 (0.354)
Test: [680/737]	Time 1.146 (0.898)	Loss 0.0848 (0.1729)	ERR 0.265 (0.353)
Test: [690/737]	Time 0.791 (0.897)	Loss 0.1717 (0.1732)	ERR 0.386 (0.354)
Test: [700/737]	Time 1.015 (0.898)	Loss 0.2295 (0.1739)	ERR 0.414 (0.354)
Test: [710/737]	Time 1.212 (0.897)	Loss 0.1098 (0.1732)	ERR 0.298 (0.354)
Test: [720/737]	Time 0.910 (0.895)	Loss 0.2350 (0.1736)	ERR 0.483 (0.354)
Test: [730/737]	Time 0.522 (0.893)	Loss 0.1170 (0.1733)	ERR 0.317 (0.354)
Test error per property: [0.20154226 0.50653017]
Test loss per property: [0.04961859 0.29681882]
 ** ERR 0.354 LOSS 0.173
Best Error is:  0.35036176443099976
2021-06-12 15:15:52.965433
Time taken  3821.935959339142
