Length of dataset:  208
2021-06-19 06:45:53.372292
Cuda enabled:  False
{'root_dir': 'data/IPR/', 'save_dir': 'data/IPR/results_IPR_old2/0/', 'disable_cuda': False, 'workers': 0, 'epochs': 200, 'start_epoch': 0, 'batch_size': 128, 'lr': 0.05, 'lr_milestones': [200, 400, 600, 800], 'momentum': 0.9, 'weight_decay': 0, 'print_freq': 10, 'resume': '', 'train_size': 166, 'val_size': 20, 'test_size': 22, 'optimizer': 'Adam', 'atom_fea_len': 64, 'h_fea_len': 32, 'n_conv': 1, 'n_hp': 1, 'scheduler': 'MultiStepLR', 'metric': 'mae', 'seed': 887, 'weights': None, 'dropout': 0, 'cuda': False}
Loading datasets...
Predicting  3  properties!!
---pre-trained model loaded---
Length of dataset:  208
2021-06-19 06:46:52.776345
Cuda enabled:  False
{'root_dir': 'data/IPR/', 'save_dir': 'data/IPR/results_IPR_old2/0/', 'disable_cuda': False, 'workers': 0, 'epochs': 200, 'start_epoch': 0, 'batch_size': 128, 'lr': 0.05, 'lr_milestones': [200, 400, 600, 800], 'momentum': 0.9, 'weight_decay': 0, 'print_freq': 10, 'resume': '', 'train_size': 166, 'val_size': 20, 'test_size': 22, 'optimizer': 'Adam', 'atom_fea_len': 64, 'h_fea_len': 32, 'n_conv': 1, 'n_hp': 1, 'scheduler': 'MultiStepLR', 'metric': 'mae', 'seed': 887, 'weights': None, 'dropout': 0, 'cuda': False}
Loading datasets...
Predicting  3  properties!!
---pre-trained model loaded---
Epoch: [0][0/2]	Time 0.503 (0.503)	Data 0.003 (0.003)	Loss 1.0954 (1.0954)	ERR 0.205 (0.205)
Training Error: 0.250  Loss: 1.590
Test: [0/1]	Time 0.008 (0.008)	Loss 54.7086 (54.7086)	ERR 1.723 (1.723)
 * ERR 1.723 LOSS 54.709
Saving best parameters...
Epoch: [1][0/2]	Time 0.485 (0.485)	Data 0.007 (0.007)	Loss 19.8727 (19.8727)	ERR 1.051 (1.051)
Training Error: 0.892  Loss: 15.823
Test: [0/1]	Time 0.008 (0.008)	Loss 1.7085 (1.7085)	ERR 0.310 (0.310)
 * ERR 0.310 LOSS 1.709
Saving best parameters...
Epoch: [2][0/2]	Time 0.465 (0.465)	Data 0.004 (0.004)	Loss 0.9197 (0.9197)	ERR 0.208 (0.208)
Training Error: 0.204  Loss: 0.921
Test: [0/1]	Time 0.008 (0.008)	Loss 2.8000 (2.8000)	ERR 0.332 (0.332)
 * ERR 0.332 LOSS 2.800
Epoch: [3][0/2]	Time 0.506 (0.506)	Data 0.004 (0.004)	Loss 0.8750 (0.8750)	ERR 0.186 (0.186)
Training Error: 0.185  Loss: 0.887
Test: [0/1]	Time 0.008 (0.008)	Loss 3.0158 (3.0158)	ERR 0.329 (0.329)
 * ERR 0.329 LOSS 3.016
Epoch: [4][0/2]	Time 0.472 (0.472)	Data 0.004 (0.004)	Loss 0.8220 (0.8220)	ERR 0.180 (0.180)
Training Error: 0.183  Loss: 0.883
Test: [0/1]	Time 0.008 (0.008)	Loss 2.6876 (2.6876)	ERR 0.309 (0.309)
 * ERR 0.309 LOSS 2.688
Saving best parameters...
Epoch: [5][0/2]	Time 0.501 (0.501)	Data 0.005 (0.005)	Loss 0.8914 (0.8914)	ERR 0.181 (0.181)
Training Error: 0.181  Loss: 0.878
Test: [0/1]	Time 0.008 (0.008)	Loss 2.4656 (2.4656)	ERR 0.295 (0.295)
 * ERR 0.295 LOSS 2.466
Saving best parameters...
Epoch: [6][0/2]	Time 0.476 (0.476)	Data 0.004 (0.004)	Loss 0.8270 (0.8270)	ERR 0.178 (0.178)
Training Error: 0.180  Loss: 0.873
Test: [0/1]	Time 0.008 (0.008)	Loss 2.3409 (2.3409)	ERR 0.286 (0.286)
 * ERR 0.286 LOSS 2.341
Saving best parameters...
Epoch: [7][0/2]	Time 0.507 (0.507)	Data 0.006 (0.006)	Loss 0.8232 (0.8232)	ERR 0.173 (0.173)
Training Error: 0.178  Loss: 0.862
Test: [0/1]	Time 0.008 (0.008)	Loss 2.2417 (2.2417)	ERR 0.283 (0.283)
 * ERR 0.283 LOSS 2.242
Saving best parameters...
Epoch: [8][0/2]	Time 0.492 (0.492)	Data 0.004 (0.004)	Loss 0.9740 (0.9740)	ERR 0.188 (0.188)
Training Error: 0.176  Loss: 0.851
Test: [0/1]	Time 0.008 (0.008)	Loss 2.2317 (2.2317)	ERR 0.288 (0.288)
 * ERR 0.288 LOSS 2.232
Epoch: [9][0/2]	Time 0.474 (0.474)	Data 0.004 (0.004)	Loss 0.9907 (0.9907)	ERR 0.186 (0.186)
Training Error: 0.177  Loss: 0.861
Test: [0/1]	Time 0.008 (0.008)	Loss 2.2120 (2.2120)	ERR 0.286 (0.286)
 * ERR 0.286 LOSS 2.212
Epoch: [10][0/2]	Time 0.490 (0.490)	Data 0.004 (0.004)	Loss 0.8219 (0.8219)	ERR 0.170 (0.170)
Training Error: 0.175  Loss: 0.854
Test: [0/1]	Time 0.008 (0.008)	Loss 2.1599 (2.1599)	ERR 0.279 (0.279)
 * ERR 0.279 LOSS 2.160
Saving best parameters...
Epoch: [11][0/2]	Time 0.507 (0.507)	Data 0.005 (0.005)	Loss 0.8781 (0.8781)	ERR 0.176 (0.176)
Training Error: 0.175  Loss: 0.869
Test: [0/1]	Time 0.008 (0.008)	Loss 2.1463 (2.1463)	ERR 0.278 (0.278)
 * ERR 0.278 LOSS 2.146
Saving best parameters...
Epoch: [12][0/2]	Time 0.489 (0.489)	Data 0.004 (0.004)	Loss 0.8408 (0.8408)	ERR 0.173 (0.173)
Training Error: 0.175  Loss: 0.874
Test: [0/1]	Time 0.008 (0.008)	Loss 2.1560 (2.1560)	ERR 0.279 (0.279)
 * ERR 0.279 LOSS 2.156
Epoch: [13][0/2]	Time 0.510 (0.510)	Data 0.004 (0.004)	Loss 0.8257 (0.8257)	ERR 0.170 (0.170)
Training Error: 0.174  Loss: 0.873
Test: [0/1]	Time 0.008 (0.008)	Loss 2.1809 (2.1809)	ERR 0.285 (0.285)
 * ERR 0.285 LOSS 2.181
Epoch: [14][0/2]	Time 0.496 (0.496)	Data 0.004 (0.004)	Loss 0.9520 (0.9520)	ERR 0.181 (0.181)
Training Error: 0.174  Loss: 0.858
Test: [0/1]	Time 0.008 (0.008)	Loss 2.3212 (2.3212)	ERR 0.299 (0.299)
 * ERR 0.299 LOSS 2.321
Epoch: [15][0/2]	Time 0.495 (0.495)	Data 0.004 (0.004)	Loss 0.8666 (0.8666)	ERR 0.174 (0.174)
Training Error: 0.173  Loss: 0.853
Test: [0/1]	Time 0.008 (0.008)	Loss 2.4509 (2.4509)	ERR 0.307 (0.307)
 * ERR 0.307 LOSS 2.451
Epoch: [16][0/2]	Time 0.466 (0.466)	Data 0.004 (0.004)	Loss 0.9419 (0.9419)	ERR 0.180 (0.180)
Training Error: 0.176  Loss: 0.881
Test: [0/1]	Time 0.008 (0.008)	Loss 2.3240 (2.3240)	ERR 0.298 (0.298)
 * ERR 0.298 LOSS 2.324
Epoch: [17][0/2]	Time 0.507 (0.507)	Data 0.004 (0.004)	Loss 0.8141 (0.8141)	ERR 0.171 (0.171)
Training Error: 0.173  Loss: 0.851
Test: [0/1]	Time 0.008 (0.008)	Loss 2.2068 (2.2068)	ERR 0.289 (0.289)
 * ERR 0.289 LOSS 2.207
Epoch: [18][0/2]	Time 0.488 (0.488)	Data 0.004 (0.004)	Loss 0.8602 (0.8602)	ERR 0.179 (0.179)
Training Error: 0.173  Loss: 0.851
Test: [0/1]	Time 0.008 (0.008)	Loss 2.1587 (2.1587)	ERR 0.285 (0.285)
 * ERR 0.285 LOSS 2.159
Epoch: [19][0/2]	Time 0.487 (0.487)	Data 0.004 (0.004)	Loss 0.8519 (0.8519)	ERR 0.175 (0.175)
Training Error: 0.174  Loss: 0.857
Test: [0/1]	Time 0.008 (0.008)	Loss 2.1387 (2.1387)	ERR 0.285 (0.285)
 * ERR 0.285 LOSS 2.139
Epoch: [20][0/2]	Time 0.470 (0.470)	Data 0.004 (0.004)	Loss 0.8943 (0.8943)	ERR 0.180 (0.180)
Training Error: 0.174  Loss: 0.847
Test: [0/1]	Time 0.008 (0.008)	Loss 2.1483 (2.1483)	ERR 0.287 (0.287)
 * ERR 0.287 LOSS 2.148
Epoch: [21][0/2]	Time 0.477 (0.477)	Data 0.004 (0.004)	Loss 0.8186 (0.8186)	ERR 0.172 (0.172)
Training Error: 0.173  Loss: 0.845
Test: [0/1]	Time 0.008 (0.008)	Loss 2.1817 (2.1817)	ERR 0.291 (0.291)
 * ERR 0.291 LOSS 2.182
Epoch: [22][0/2]	Time 0.493 (0.493)	Data 0.004 (0.004)	Loss 0.8059 (0.8059)	ERR 0.171 (0.171)
Training Error: 0.173  Loss: 0.844
Test: [0/1]	Time 0.008 (0.008)	Loss 2.2662 (2.2662)	ERR 0.299 (0.299)
 * ERR 0.299 LOSS 2.266
Epoch: [23][0/2]	Time 0.502 (0.502)	Data 0.004 (0.004)	Loss 0.8489 (0.8489)	ERR 0.175 (0.175)
Training Error: 0.176  Loss: 0.854
Test: [0/1]	Time 0.008 (0.008)	Loss 2.2935 (2.2935)	ERR 0.301 (0.301)
 * ERR 0.301 LOSS 2.293
Epoch: [24][0/2]	Time 0.614 (0.614)	Data 0.004 (0.004)	Loss 0.8521 (0.8521)	ERR 0.175 (0.175)
Training Error: 0.177  Loss: 0.867
Test: [0/1]	Time 0.009 (0.009)	Loss 2.1575 (2.1575)	ERR 0.289 (0.289)
 * ERR 0.289 LOSS 2.158
Epoch: [25][0/2]	Time 0.520 (0.520)	Data 0.004 (0.004)	Loss 0.8178 (0.8178)	ERR 0.174 (0.174)
Training Error: 0.175  Loss: 0.846
Test: [0/1]	Time 0.008 (0.008)	Loss 2.0356 (2.0356)	ERR 0.279 (0.279)
 * ERR 0.279 LOSS 2.036
Epoch: [26][0/2]	Time 0.511 (0.511)	Data 0.004 (0.004)	Loss 0.7798 (0.7798)	ERR 0.173 (0.173)
Training Error: 0.176  Loss: 0.858
Test: [0/1]	Time 0.008 (0.008)	Loss 2.0670 (2.0670)	ERR 0.279 (0.279)
 * ERR 0.279 LOSS 2.067
Epoch: [27][0/2]	Time 0.496 (0.496)	Data 0.004 (0.004)	Loss 0.7965 (0.7965)	ERR 0.170 (0.170)
Training Error: 0.177  Loss: 0.864
Test: [0/1]	Time 0.008 (0.008)	Loss 2.1031 (2.1031)	ERR 0.281 (0.281)
 * ERR 0.281 LOSS 2.103
Epoch: [28][0/2]	Time 0.454 (0.454)	Data 0.004 (0.004)	Loss 0.8627 (0.8627)	ERR 0.179 (0.179)
Training Error: 0.178  Loss: 0.867
Test: [0/1]	Time 0.008 (0.008)	Loss 2.1219 (2.1219)	ERR 0.281 (0.281)
 * ERR 0.281 LOSS 2.122
Epoch: [29][0/2]	Time 0.489 (0.489)	Data 0.004 (0.004)	Loss 0.9012 (0.9012)	ERR 0.183 (0.183)
Training Error: 0.177  Loss: 0.859
Test: [0/1]	Time 0.008 (0.008)	Loss 2.0859 (2.0859)	ERR 0.280 (0.280)
 * ERR 0.280 LOSS 2.086
Epoch: [30][0/2]	Time 0.471 (0.471)	Data 0.004 (0.004)	Loss 0.5878 (0.5878)	ERR 0.154 (0.154)
Training Error: 0.178  Loss: 0.865
Test: [0/1]	Time 0.008 (0.008)	Loss 2.0358 (2.0358)	ERR 0.278 (0.278)
 * ERR 0.278 LOSS 2.036
Saving best parameters...
Epoch: [31][0/2]	Time 0.518 (0.518)	Data 0.005 (0.005)	Loss 0.7683 (0.7683)	ERR 0.172 (0.172)
Training Error: 0.178  Loss: 0.857
Test: [0/1]	Time 0.008 (0.008)	Loss 1.9848 (1.9848)	ERR 0.276 (0.276)
 * ERR 0.276 LOSS 1.985
Saving best parameters...
Epoch: [32][0/2]	Time 0.475 (0.475)	Data 0.004 (0.004)	Loss 0.8619 (0.8619)	ERR 0.178 (0.178)
Training Error: 0.178  Loss: 0.850
Test: [0/1]	Time 0.008 (0.008)	Loss 1.9577 (1.9577)	ERR 0.274 (0.274)
 * ERR 0.274 LOSS 1.958
Saving best parameters...
Epoch: [33][0/2]	Time 0.483 (0.483)	Data 0.006 (0.006)	Loss 0.8360 (0.8360)	ERR 0.176 (0.176)
Training Error: 0.178  Loss: 0.842
Test: [0/1]	Time 0.008 (0.008)	Loss 1.9669 (1.9669)	ERR 0.276 (0.276)
 * ERR 0.276 LOSS 1.967
Epoch: [34][0/2]	Time 0.515 (0.515)	Data 0.004 (0.004)	Loss 0.9135 (0.9135)	ERR 0.183 (0.183)
Training Error: 0.176  Loss: 0.828
Test: [0/1]	Time 0.008 (0.008)	Loss 2.0244 (2.0244)	ERR 0.283 (0.283)
 * ERR 0.283 LOSS 2.024
Epoch: [35][0/2]	Time 0.473 (0.473)	Data 0.004 (0.004)	Loss 0.8101 (0.8101)	ERR 0.172 (0.172)
Training Error: 0.174  Loss: 0.816
Test: [0/1]	Time 0.009 (0.009)	Loss 2.1681 (2.1681)	ERR 0.295 (0.295)
 * ERR 0.295 LOSS 2.168
Epoch: [36][0/2]	Time 0.505 (0.505)	Data 0.005 (0.005)	Loss 0.8554 (0.8554)	ERR 0.174 (0.174)
Training Error: 0.170  Loss: 0.808
Test: [0/1]	Time 0.008 (0.008)	Loss 2.3754 (2.3754)	ERR 0.305 (0.305)
 * ERR 0.305 LOSS 2.375
Epoch: [37][0/2]	Time 0.504 (0.504)	Data 0.004 (0.004)	Loss 0.7905 (0.7905)	ERR 0.169 (0.169)
Training Error: 0.169  Loss: 0.807
Test: [0/1]	Time 0.008 (0.008)	Loss 2.4209 (2.4209)	ERR 0.306 (0.306)
 * ERR 0.306 LOSS 2.421
Epoch: [38][0/2]	Time 0.501 (0.501)	Data 0.005 (0.005)	Loss 0.7787 (0.7787)	ERR 0.164 (0.164)
Training Error: 0.166  Loss: 0.802
Test: [0/1]	Time 0.008 (0.008)	Loss 2.2529 (2.2529)	ERR 0.287 (0.287)
 * ERR 0.287 LOSS 2.253
Epoch: [39][0/2]	Time 0.552 (0.552)	Data 0.005 (0.005)	Loss 0.7288 (0.7288)	ERR 0.152 (0.152)
Training Error: 0.155  Loss: 0.758
Test: [0/1]	Time 0.008 (0.008)	Loss 2.2574 (2.2574)	ERR 0.272 (0.272)
 * ERR 0.272 LOSS 2.257
Saving best parameters...
Epoch: [40][0/2]	Time 0.487 (0.487)	Data 0.004 (0.004)	Loss 0.7264 (0.7264)	ERR 0.146 (0.146)
Training Error: 0.148  Loss: 0.736
Test: [0/1]	Time 0.008 (0.008)	Loss 2.3875 (2.3875)	ERR 0.277 (0.277)
 * ERR 0.277 LOSS 2.387
Epoch: [41][0/2]	Time 0.529 (0.529)	Data 0.004 (0.004)	Loss 0.7042 (0.7042)	ERR 0.138 (0.138)
Training Error: 0.142  Loss: 0.724
Test: [0/1]	Time 0.008 (0.008)	Loss 2.5234 (2.5234)	ERR 0.281 (0.281)
 * ERR 0.281 LOSS 2.523
Epoch: [42][0/2]	Time 0.494 (0.494)	Data 0.004 (0.004)	Loss 0.7358 (0.7358)	ERR 0.144 (0.144)
Training Error: 0.141  Loss: 0.699
Test: [0/1]	Time 0.008 (0.008)	Loss 2.5266 (2.5266)	ERR 0.280 (0.280)
 * ERR 0.280 LOSS 2.527
Epoch: [43][0/2]	Time 0.527 (0.527)	Data 0.004 (0.004)	Loss 0.6607 (0.6607)	ERR 0.140 (0.140)
Training Error: 0.142  Loss: 0.686
Test: [0/1]	Time 0.008 (0.008)	Loss 2.5161 (2.5161)	ERR 0.286 (0.286)
 * ERR 0.286 LOSS 2.516
Epoch: [44][0/2]	Time 0.497 (0.497)	Data 0.005 (0.005)	Loss 0.5097 (0.5097)	ERR 0.129 (0.129)
Training Error: 0.139  Loss: 0.667
Test: [0/1]	Time 0.008 (0.008)	Loss 2.6110 (2.6110)	ERR 0.294 (0.294)
 * ERR 0.294 LOSS 2.611
Epoch: [45][0/2]	Time 0.515 (0.515)	Data 0.004 (0.004)	Loss 0.6402 (0.6402)	ERR 0.138 (0.138)
Training Error: 0.137  Loss: 0.654
Test: [0/1]	Time 0.008 (0.008)	Loss 2.9380 (2.9380)	ERR 0.317 (0.317)
 * ERR 0.317 LOSS 2.938
Epoch: [46][0/2]	Time 0.482 (0.482)	Data 0.005 (0.005)	Loss 0.5416 (0.5416)	ERR 0.117 (0.117)
Training Error: 0.126  Loss: 0.618
Test: [0/1]	Time 0.009 (0.009)	Loss 3.2982 (3.2982)	ERR 0.340 (0.340)
 * ERR 0.340 LOSS 3.298
Epoch: [47][0/2]	Time 0.504 (0.504)	Data 0.004 (0.004)	Loss 0.5136 (0.5136)	ERR 0.112 (0.112)
Training Error: 0.124  Loss: 0.607
Test: [0/1]	Time 0.008 (0.008)	Loss 2.8074 (2.8074)	ERR 0.302 (0.302)
 * ERR 0.302 LOSS 2.807
Epoch: [48][0/2]	Time 0.537 (0.537)	Data 0.004 (0.004)	Loss 0.6596 (0.6596)	ERR 0.130 (0.130)
Training Error: 0.125  Loss: 0.580
Test: [0/1]	Time 0.008 (0.008)	Loss 2.3443 (2.3443)	ERR 0.276 (0.276)
 * ERR 0.276 LOSS 2.344
Epoch: [49][0/2]	Time 0.542 (0.542)	Data 0.004 (0.004)	Loss 0.5985 (0.5985)	ERR 0.135 (0.135)
Training Error: 0.131  Loss: 0.569
Test: [0/1]	Time 0.008 (0.008)	Loss 2.4859 (2.4859)	ERR 0.280 (0.280)
 * ERR 0.280 LOSS 2.486
Epoch: [50][0/2]	Time 0.482 (0.482)	Data 0.004 (0.004)	Loss 0.5766 (0.5766)	ERR 0.116 (0.116)
Training Error: 0.110  Loss: 0.521
Test: [0/1]	Time 0.008 (0.008)	Loss 2.7241 (2.7241)	ERR 0.287 (0.287)
 * ERR 0.287 LOSS 2.724
Epoch: [51][0/2]	Time 0.509 (0.509)	Data 0.004 (0.004)	Loss 0.6313 (0.6313)	ERR 0.123 (0.123)
Training Error: 0.111  Loss: 0.525
Test: [0/1]	Time 0.008 (0.008)	Loss 2.3600 (2.3600)	ERR 0.266 (0.266)
 * ERR 0.266 LOSS 2.360
Saving best parameters...
Epoch: [52][0/2]	Time 0.516 (0.516)	Data 0.004 (0.004)	Loss 0.5118 (0.5118)	ERR 0.099 (0.099)
Training Error: 0.104  Loss: 0.500
Test: [0/1]	Time 0.008 (0.008)	Loss 2.0046 (2.0046)	ERR 0.254 (0.254)
 * ERR 0.254 LOSS 2.005
Saving best parameters...
Epoch: [53][0/2]	Time 0.509 (0.509)	Data 0.005 (0.005)	Loss 0.5239 (0.5239)	ERR 0.120 (0.120)
Training Error: 0.118  Loss: 0.510
Test: [0/1]	Time 0.009 (0.009)	Loss 2.1142 (2.1142)	ERR 0.254 (0.254)
 * ERR 0.254 LOSS 2.114
Epoch: [54][0/2]	Time 0.509 (0.509)	Data 0.005 (0.005)	Loss 0.4141 (0.4141)	ERR 0.102 (0.102)
Training Error: 0.107  Loss: 0.460
Test: [0/1]	Time 0.009 (0.009)	Loss 2.5411 (2.5411)	ERR 0.286 (0.286)
 * ERR 0.286 LOSS 2.541
Epoch: [55][0/2]	Time 0.465 (0.465)	Data 0.005 (0.005)	Loss 0.5043 (0.5043)	ERR 0.110 (0.110)
Training Error: 0.109  Loss: 0.475
Test: [0/1]	Time 0.008 (0.008)	Loss 2.2613 (2.2613)	ERR 0.264 (0.264)
 * ERR 0.264 LOSS 2.261
Epoch: [56][0/2]	Time 0.429 (0.429)	Data 0.004 (0.004)	Loss 0.4895 (0.4895)	ERR 0.109 (0.109)
Training Error: 0.105  Loss: 0.429
Test: [0/1]	Time 0.008 (0.008)	Loss 2.2024 (2.2024)	ERR 0.258 (0.258)
 * ERR 0.258 LOSS 2.202
Epoch: [57][0/2]	Time 0.475 (0.475)	Data 0.005 (0.005)	Loss 0.4179 (0.4179)	ERR 0.100 (0.100)
Training Error: 0.097  Loss: 0.381
Test: [0/1]	Time 0.009 (0.009)	Loss 2.2756 (2.2756)	ERR 0.266 (0.266)
 * ERR 0.266 LOSS 2.276
Epoch: [58][0/2]	Time 0.463 (0.463)	Data 0.005 (0.005)	Loss 0.4322 (0.4322)	ERR 0.102 (0.102)
Training Error: 0.101  Loss: 0.388
Test: [0/1]	Time 0.008 (0.008)	Loss 2.2135 (2.2135)	ERR 0.258 (0.258)
 * ERR 0.258 LOSS 2.213
Epoch: [59][0/2]	Time 0.467 (0.467)	Data 0.004 (0.004)	Loss 0.3112 (0.3112)	ERR 0.089 (0.089)
Training Error: 0.093  Loss: 0.343
Test: [0/1]	Time 0.009 (0.009)	Loss 2.1229 (2.1229)	ERR 0.250 (0.250)
 * ERR 0.250 LOSS 2.123
Saving best parameters...
Epoch: [60][0/2]	Time 0.481 (0.481)	Data 0.006 (0.006)	Loss 0.3468 (0.3468)	ERR 0.089 (0.089)
Training Error: 0.091  Loss: 0.324
Test: [0/1]	Time 0.008 (0.008)	Loss 2.1102 (2.1102)	ERR 0.242 (0.242)
 * ERR 0.242 LOSS 2.110
Saving best parameters...
Epoch: [61][0/2]	Time 0.498 (0.498)	Data 0.006 (0.006)	Loss 0.2606 (0.2606)	ERR 0.078 (0.078)
Training Error: 0.087  Loss: 0.310
Test: [0/1]	Time 0.008 (0.008)	Loss 2.0947 (2.0947)	ERR 0.237 (0.237)
 * ERR 0.237 LOSS 2.095
Saving best parameters...
Epoch: [62][0/2]	Time 0.514 (0.514)	Data 0.004 (0.004)	Loss 0.2754 (0.2754)	ERR 0.084 (0.084)
Training Error: 0.090  Loss: 0.284
Test: [0/1]	Time 0.008 (0.008)	Loss 2.2293 (2.2293)	ERR 0.243 (0.243)
 * ERR 0.243 LOSS 2.229
Epoch: [63][0/2]	Time 0.490 (0.490)	Data 0.005 (0.005)	Loss 0.2690 (0.2690)	ERR 0.086 (0.086)
Training Error: 0.088  Loss: 0.264
Test: [0/1]	Time 0.008 (0.008)	Loss 2.6283 (2.6283)	ERR 0.267 (0.267)
 * ERR 0.267 LOSS 2.628
Epoch: [64][0/2]	Time 0.500 (0.500)	Data 0.005 (0.005)	Loss 0.2684 (0.2684)	ERR 0.087 (0.087)
Training Error: 0.090  Loss: 0.265
Test: [0/1]	Time 0.008 (0.008)	Loss 2.5716 (2.5716)	ERR 0.256 (0.256)
 * ERR 0.256 LOSS 2.572
Epoch: [65][0/2]	Time 0.476 (0.476)	Data 0.004 (0.004)	Loss 0.1983 (0.1983)	ERR 0.077 (0.077)
Training Error: 0.081  Loss: 0.230
Test: [0/1]	Time 0.008 (0.008)	Loss 3.2383 (3.2383)	ERR 0.304 (0.304)
 * ERR 0.304 LOSS 3.238
Epoch: [66][0/2]	Time 0.500 (0.500)	Data 0.004 (0.004)	Loss 0.2984 (0.2984)	ERR 0.108 (0.108)
Training Error: 0.102  Loss: 0.272
Test: [0/1]	Time 0.008 (0.008)	Loss 2.4734 (2.4734)	ERR 0.258 (0.258)
 * ERR 0.258 LOSS 2.473
Epoch: [67][0/2]	Time 0.521 (0.521)	Data 0.004 (0.004)	Loss 0.2072 (0.2072)	ERR 0.084 (0.084)
Training Error: 0.084  Loss: 0.199
Test: [0/1]	Time 0.007 (0.007)	Loss 2.4163 (2.4163)	ERR 0.255 (0.255)
 * ERR 0.255 LOSS 2.416
Epoch: [68][0/2]	Time 0.511 (0.511)	Data 0.004 (0.004)	Loss 0.1800 (0.1800)	ERR 0.071 (0.071)
Training Error: 0.070  Loss: 0.167
Test: [0/1]	Time 0.008 (0.008)	Loss 2.4766 (2.4766)	ERR 0.265 (0.265)
 * ERR 0.265 LOSS 2.477
Epoch: [69][0/2]	Time 0.491 (0.491)	Data 0.004 (0.004)	Loss 0.1625 (0.1625)	ERR 0.066 (0.066)
Training Error: 0.067  Loss: 0.159
Test: [0/1]	Time 0.008 (0.008)	Loss 2.3758 (2.3758)	ERR 0.253 (0.253)
 * ERR 0.253 LOSS 2.376
Epoch: [70][0/2]	Time 0.521 (0.521)	Data 0.004 (0.004)	Loss 0.1387 (0.1387)	ERR 0.062 (0.062)
Training Error: 0.066  Loss: 0.149
Test: [0/1]	Time 0.009 (0.009)	Loss 3.2203 (3.2203)	ERR 0.324 (0.324)
 * ERR 0.324 LOSS 3.220
Epoch: [71][0/2]	Time 0.607 (0.607)	Data 0.004 (0.004)	Loss 0.3456 (0.3456)	ERR 0.132 (0.132)
Training Error: 0.125  Loss: 0.343
Test: [0/1]	Time 0.008 (0.008)	Loss 2.1650 (2.1650)	ERR 0.304 (0.304)
 * ERR 0.304 LOSS 2.165
Epoch: [72][0/2]	Time 0.529 (0.529)	Data 0.007 (0.007)	Loss 0.8939 (0.8939)	ERR 0.236 (0.236)
Training Error: 0.203  Loss: 0.757
Test: [0/1]	Time 0.009 (0.009)	Loss 2.3337 (2.3337)	ERR 0.257 (0.257)
 * ERR 0.257 LOSS 2.334
Epoch: [73][0/2]	Time 0.551 (0.551)	Data 0.005 (0.005)	Loss 0.1726 (0.1726)	ERR 0.068 (0.068)
Training Error: 0.068  Loss: 0.166
Test: [0/1]	Time 0.010 (0.010)	Loss 2.4461 (2.4461)	ERR 0.267 (0.267)
 * ERR 0.267 LOSS 2.446
Epoch: [74][0/2]	Time 0.538 (0.538)	Data 0.005 (0.005)	Loss 0.1712 (0.1712)	ERR 0.076 (0.076)
Training Error: 0.077  Loss: 0.190
Test: [0/1]	Time 0.008 (0.008)	Loss 2.0197 (2.0197)	ERR 0.254 (0.254)
 * ERR 0.254 LOSS 2.020
Epoch: [75][0/2]	Time 0.547 (0.547)	Data 0.005 (0.005)	Loss 0.1901 (0.1901)	ERR 0.092 (0.092)
Training Error: 0.093  Loss: 0.204
Test: [0/1]	Time 0.013 (0.013)	Loss 2.1679 (2.1679)	ERR 0.250 (0.250)
 * ERR 0.250 LOSS 2.168
Epoch: [76][0/2]	Time 0.592 (0.592)	Data 0.006 (0.006)	Loss 0.1454 (0.1454)	ERR 0.061 (0.061)
Training Error: 0.062  Loss: 0.143
Test: [0/1]	Time 0.010 (0.010)	Loss 2.6877 (2.6877)	ERR 0.283 (0.283)
 * ERR 0.283 LOSS 2.688
Epoch: [77][0/2]	Time 0.560 (0.560)	Data 0.007 (0.007)	Loss 0.2069 (0.2069)	ERR 0.097 (0.097)
Training Error: 0.091  Loss: 0.188
Test: [0/1]	Time 0.008 (0.008)	Loss 2.2108 (2.2108)	ERR 0.257 (0.257)
 * ERR 0.257 LOSS 2.211
Epoch: [78][0/2]	Time 0.527 (0.527)	Data 0.004 (0.004)	Loss 0.1204 (0.1204)	ERR 0.056 (0.056)
Training Error: 0.058  Loss: 0.119
Test: [0/1]	Time 0.008 (0.008)	Loss 2.0343 (2.0343)	ERR 0.259 (0.259)
 * ERR 0.259 LOSS 2.034
Epoch: [79][0/2]	Time 0.532 (0.532)	Data 0.004 (0.004)	Loss 0.1303 (0.1303)	ERR 0.068 (0.068)
Training Error: 0.067  Loss: 0.117
Test: [0/1]	Time 0.008 (0.008)	Loss 2.2445 (2.2445)	ERR 0.262 (0.262)
 * ERR 0.262 LOSS 2.244
Epoch: [80][0/2]	Time 0.504 (0.504)	Data 0.004 (0.004)	Loss 0.0693 (0.0693)	ERR 0.047 (0.047)
Training Error: 0.056  Loss: 0.098
Test: [0/1]	Time 0.008 (0.008)	Loss 2.3147 (2.3147)	ERR 0.258 (0.258)
 * ERR 0.258 LOSS 2.315
Epoch: [81][0/2]	Time 0.525 (0.525)	Data 0.004 (0.004)	Loss 0.1430 (0.1430)	ERR 0.066 (0.066)
Training Error: 0.068  Loss: 0.146
Test: [0/1]	Time 0.011 (0.011)	Loss 1.9490 (1.9490)	ERR 0.247 (0.247)
 * ERR 0.247 LOSS 1.949
Epoch: [82][0/2]	Time 0.534 (0.534)	Data 0.005 (0.005)	Loss 0.1224 (0.1224)	ERR 0.072 (0.072)
Training Error: 0.071  Loss: 0.122
Test: [0/1]	Time 0.008 (0.008)	Loss 1.9096 (1.9096)	ERR 0.253 (0.253)
 * ERR 0.253 LOSS 1.910
Epoch: [83][0/2]	Time 0.506 (0.506)	Data 0.004 (0.004)	Loss 0.1298 (0.1298)	ERR 0.075 (0.075)
Training Error: 0.079  Loss: 0.141
Test: [0/1]	Time 0.008 (0.008)	Loss 2.2152 (2.2152)	ERR 0.242 (0.242)
 * ERR 0.242 LOSS 2.215
Epoch: [84][0/2]	Time 0.524 (0.524)	Data 0.004 (0.004)	Loss 0.0751 (0.0751)	ERR 0.049 (0.049)
Training Error: 0.061  Loss: 0.112
Test: [0/1]	Time 0.009 (0.009)	Loss 2.5229 (2.5229)	ERR 0.267 (0.267)
 * ERR 0.267 LOSS 2.523
Epoch: [85][0/2]	Time 0.525 (0.525)	Data 0.006 (0.006)	Loss 0.1316 (0.1316)	ERR 0.072 (0.072)
Training Error: 0.071  Loss: 0.144
Test: [0/1]	Time 0.008 (0.008)	Loss 2.3048 (2.3048)	ERR 0.277 (0.277)
 * ERR 0.277 LOSS 2.305
Epoch: [86][0/2]	Time 0.488 (0.488)	Data 0.004 (0.004)	Loss 0.1244 (0.1244)	ERR 0.069 (0.069)
Training Error: 0.068  Loss: 0.128
Test: [0/1]	Time 0.008 (0.008)	Loss 2.1976 (2.1976)	ERR 0.255 (0.255)
 * ERR 0.255 LOSS 2.198
Epoch: [87][0/2]	Time 0.493 (0.493)	Data 0.004 (0.004)	Loss 0.0847 (0.0847)	ERR 0.057 (0.057)
Training Error: 0.063  Loss: 0.134
Test: [0/1]	Time 0.008 (0.008)	Loss 2.2932 (2.2932)	ERR 0.244 (0.244)
 * ERR 0.244 LOSS 2.293
Epoch: [88][0/2]	Time 0.520 (0.520)	Data 0.004 (0.004)	Loss 0.1171 (0.1171)	ERR 0.059 (0.059)
Training Error: 0.059  Loss: 0.114
Test: [0/1]	Time 0.008 (0.008)	Loss 2.3356 (2.3356)	ERR 0.254 (0.254)
 * ERR 0.254 LOSS 2.336
Epoch: [89][0/2]	Time 0.487 (0.487)	Data 0.004 (0.004)	Loss 0.1028 (0.1028)	ERR 0.060 (0.060)
Training Error: 0.065  Loss: 0.111
Test: [0/1]	Time 0.008 (0.008)	Loss 2.5465 (2.5465)	ERR 0.278 (0.278)
 * ERR 0.278 LOSS 2.547
Epoch: [90][0/2]	Time 0.523 (0.523)	Data 0.004 (0.004)	Loss 0.1291 (0.1291)	ERR 0.057 (0.057)
Training Error: 0.061  Loss: 0.155
Test: [0/1]	Time 0.008 (0.008)	Loss 2.3786 (2.3786)	ERR 0.264 (0.264)
 * ERR 0.264 LOSS 2.379
Epoch: [91][0/2]	Time 0.543 (0.543)	Data 0.006 (0.006)	Loss 0.1388 (0.1388)	ERR 0.074 (0.074)
Training Error: 0.068  Loss: 0.130
Test: [0/1]	Time 0.008 (0.008)	Loss 1.8913 (1.8913)	ERR 0.233 (0.233)
 * ERR 0.233 LOSS 1.891
Saving best parameters...
Epoch: [92][0/2]	Time 0.475 (0.475)	Data 0.004 (0.004)	Loss 0.1102 (0.1102)	ERR 0.056 (0.056)
Training Error: 0.063  Loss: 0.129
Test: [0/1]	Time 0.009 (0.009)	Loss 1.7826 (1.7826)	ERR 0.226 (0.226)
 * ERR 0.226 LOSS 1.783
Saving best parameters...
Epoch: [93][0/2]	Time 0.519 (0.519)	Data 0.005 (0.005)	Loss 0.1250 (0.1250)	ERR 0.062 (0.062)
Training Error: 0.061  Loss: 0.114
Test: [0/1]	Time 0.009 (0.009)	Loss 1.9821 (1.9821)	ERR 0.236 (0.236)
 * ERR 0.236 LOSS 1.982
Epoch: [94][0/2]	Time 0.529 (0.529)	Data 0.004 (0.004)	Loss 0.1076 (0.1076)	ERR 0.058 (0.058)
Training Error: 0.058  Loss: 0.107
Test: [0/1]	Time 0.009 (0.009)	Loss 2.2199 (2.2199)	ERR 0.264 (0.264)
 * ERR 0.264 LOSS 2.220
Epoch: [95][0/2]	Time 0.517 (0.517)	Data 0.004 (0.004)	Loss 0.0998 (0.0998)	ERR 0.054 (0.054)
Training Error: 0.053  Loss: 0.094
Test: [0/1]	Time 0.008 (0.008)	Loss 2.4043 (2.4043)	ERR 0.292 (0.292)
 * ERR 0.292 LOSS 2.404
Epoch: [96][0/2]	Time 0.536 (0.536)	Data 0.004 (0.004)	Loss 0.1103 (0.1103)	ERR 0.060 (0.060)
Training Error: 0.067  Loss: 0.127
Test: [0/1]	Time 0.008 (0.008)	Loss 2.4628 (2.4628)	ERR 0.278 (0.278)
 * ERR 0.278 LOSS 2.463
Epoch: [97][0/2]	Time 0.507 (0.507)	Data 0.005 (0.005)	Loss 0.0852 (0.0852)	ERR 0.048 (0.048)
Training Error: 0.059  Loss: 0.136
Test: [0/1]	Time 0.008 (0.008)	Loss 2.4018 (2.4018)	ERR 0.267 (0.267)
 * ERR 0.267 LOSS 2.402
Epoch: [98][0/2]	Time 0.522 (0.522)	Data 0.004 (0.004)	Loss 0.0687 (0.0687)	ERR 0.045 (0.045)
Training Error: 0.051  Loss: 0.100
Test: [0/1]	Time 0.008 (0.008)	Loss 2.0974 (2.0974)	ERR 0.264 (0.264)
 * ERR 0.264 LOSS 2.097
Epoch: [99][0/2]	Time 0.490 (0.490)	Data 0.004 (0.004)	Loss 0.1202 (0.1202)	ERR 0.071 (0.071)
Training Error: 0.077  Loss: 0.150
Test: [0/1]	Time 0.008 (0.008)	Loss 2.0968 (2.0968)	ERR 0.257 (0.257)
 * ERR 0.257 LOSS 2.097
Epoch: [100][0/2]	Time 0.491 (0.491)	Data 0.004 (0.004)	Loss 0.0995 (0.0995)	ERR 0.058 (0.058)
Training Error: 0.066  Loss: 0.123
Test: [0/1]	Time 0.008 (0.008)	Loss 2.4079 (2.4079)	ERR 0.273 (0.273)
 * ERR 0.273 LOSS 2.408
Epoch: [101][0/2]	Time 0.515 (0.515)	Data 0.004 (0.004)	Loss 0.1097 (0.1097)	ERR 0.062 (0.062)
Training Error: 0.066  Loss: 0.129
Test: [0/1]	Time 0.008 (0.008)	Loss 2.1525 (2.1525)	ERR 0.258 (0.258)
 * ERR 0.258 LOSS 2.153
Epoch: [102][0/2]	Time 0.502 (0.502)	Data 0.004 (0.004)	Loss 0.1285 (0.1285)	ERR 0.076 (0.076)
Training Error: 0.078  Loss: 0.151
Test: [0/1]	Time 0.008 (0.008)	Loss 2.4003 (2.4003)	ERR 0.275 (0.275)
 * ERR 0.275 LOSS 2.400
Epoch: [103][0/2]	Time 0.482 (0.482)	Data 0.004 (0.004)	Loss 0.1538 (0.1538)	ERR 0.084 (0.084)
Training Error: 0.079  Loss: 0.149
Test: [0/1]	Time 0.008 (0.008)	Loss 3.0643 (3.0643)	ERR 0.303 (0.303)
 * ERR 0.303 LOSS 3.064
Epoch: [104][0/2]	Time 0.517 (0.517)	Data 0.004 (0.004)	Loss 0.0598 (0.0598)	ERR 0.052 (0.052)
Training Error: 0.066  Loss: 0.116
Test: [0/1]	Time 0.008 (0.008)	Loss 2.8149 (2.8149)	ERR 0.294 (0.294)
 * ERR 0.294 LOSS 2.815
Epoch: [105][0/2]	Time 0.509 (0.509)	Data 0.004 (0.004)	Loss 0.0681 (0.0681)	ERR 0.045 (0.045)
Training Error: 0.054  Loss: 0.087
Test: [0/1]	Time 0.008 (0.008)	Loss 2.4752 (2.4752)	ERR 0.290 (0.290)
 * ERR 0.290 LOSS 2.475
Epoch: [106][0/2]	Time 0.494 (0.494)	Data 0.004 (0.004)	Loss 0.1309 (0.1309)	ERR 0.079 (0.079)
Training Error: 0.071  Loss: 0.111
Test: [0/1]	Time 0.008 (0.008)	Loss 2.6367 (2.6367)	ERR 0.288 (0.288)
 * ERR 0.288 LOSS 2.637
Epoch: [107][0/2]	Time 0.495 (0.495)	Data 0.004 (0.004)	Loss 0.0730 (0.0730)	ERR 0.050 (0.050)
Training Error: 0.053  Loss: 0.081
Test: [0/1]	Time 0.008 (0.008)	Loss 2.6509 (2.6509)	ERR 0.288 (0.288)
 * ERR 0.288 LOSS 2.651
Epoch: [108][0/2]	Time 0.534 (0.534)	Data 0.005 (0.005)	Loss 0.0786 (0.0786)	ERR 0.052 (0.052)
Training Error: 0.052  Loss: 0.077
Test: [0/1]	Time 0.008 (0.008)	Loss 2.4388 (2.4388)	ERR 0.277 (0.277)
 * ERR 0.277 LOSS 2.439
Epoch: [109][0/2]	Time 0.470 (0.470)	Data 0.004 (0.004)	Loss 0.0463 (0.0463)	ERR 0.040 (0.040)
Training Error: 0.047  Loss: 0.070
Test: [0/1]	Time 0.008 (0.008)	Loss 2.5282 (2.5282)	ERR 0.283 (0.283)
 * ERR 0.283 LOSS 2.528
Epoch: [110][0/2]	Time 0.541 (0.541)	Data 0.004 (0.004)	Loss 0.0538 (0.0538)	ERR 0.039 (0.039)
Training Error: 0.041  Loss: 0.053
Test: [0/1]	Time 0.008 (0.008)	Loss 2.6924 (2.6924)	ERR 0.292 (0.292)
 * ERR 0.292 LOSS 2.692
Epoch: [111][0/2]	Time 0.557 (0.557)	Data 0.004 (0.004)	Loss 0.0795 (0.0795)	ERR 0.055 (0.055)
Training Error: 0.054  Loss: 0.075
Test: [0/1]	Time 0.009 (0.009)	Loss 2.5949 (2.5949)	ERR 0.290 (0.290)
 * ERR 0.290 LOSS 2.595
Epoch: [112][0/2]	Time 0.565 (0.565)	Data 0.005 (0.005)	Loss 0.0452 (0.0452)	ERR 0.036 (0.036)
Training Error: 0.038  Loss: 0.047
Test: [0/1]	Time 0.009 (0.009)	Loss 2.3941 (2.3941)	ERR 0.284 (0.284)
 * ERR 0.284 LOSS 2.394
Epoch: [113][0/2]	Time 0.558 (0.558)	Data 0.005 (0.005)	Loss 0.0436 (0.0436)	ERR 0.038 (0.038)
Training Error: 0.041  Loss: 0.049
Test: [0/1]	Time 0.010 (0.010)	Loss 2.3480 (2.3480)	ERR 0.282 (0.282)
 * ERR 0.282 LOSS 2.348
Epoch: [114][0/2]	Time 0.502 (0.502)	Data 0.005 (0.005)	Loss 0.0310 (0.0310)	ERR 0.036 (0.036)
Training Error: 0.037  Loss: 0.041
Test: [0/1]	Time 0.008 (0.008)	Loss 2.4713 (2.4713)	ERR 0.284 (0.284)
 * ERR 0.284 LOSS 2.471
Epoch: [115][0/2]	Time 0.529 (0.529)	Data 0.005 (0.005)	Loss 0.0324 (0.0324)	ERR 0.038 (0.038)
Training Error: 0.040  Loss: 0.044
Test: [0/1]	Time 0.008 (0.008)	Loss 2.4548 (2.4548)	ERR 0.285 (0.285)
 * ERR 0.285 LOSS 2.455
Epoch: [116][0/2]	Time 0.511 (0.511)	Data 0.004 (0.004)	Loss 0.0334 (0.0334)	ERR 0.032 (0.032)
Training Error: 0.035  Loss: 0.037
Test: [0/1]	Time 0.008 (0.008)	Loss 2.5094 (2.5094)	ERR 0.287 (0.287)
 * ERR 0.287 LOSS 2.509
Epoch: [117][0/2]	Time 0.528 (0.528)	Data 0.004 (0.004)	Loss 0.0301 (0.0301)	ERR 0.033 (0.033)
Training Error: 0.034  Loss: 0.032
Test: [0/1]	Time 0.008 (0.008)	Loss 2.6749 (2.6749)	ERR 0.288 (0.288)
 * ERR 0.288 LOSS 2.675
Epoch: [118][0/2]	Time 0.542 (0.542)	Data 0.005 (0.005)	Loss 0.0225 (0.0225)	ERR 0.030 (0.030)
Training Error: 0.031  Loss: 0.026
Test: [0/1]	Time 0.008 (0.008)	Loss 2.7223 (2.7223)	ERR 0.288 (0.288)
 * ERR 0.288 LOSS 2.722
Epoch: [119][0/2]	Time 0.517 (0.517)	Data 0.004 (0.004)	Loss 0.0273 (0.0273)	ERR 0.032 (0.032)
Training Error: 0.037  Loss: 0.044
Test: [0/1]	Time 0.008 (0.008)	Loss 2.7271 (2.7271)	ERR 0.292 (0.292)
 * ERR 0.292 LOSS 2.727
Epoch: [120][0/2]	Time 0.506 (0.506)	Data 0.004 (0.004)	Loss 0.0373 (0.0373)	ERR 0.041 (0.041)
Training Error: 0.044  Loss: 0.049
Test: [0/1]	Time 0.009 (0.009)	Loss 2.8224 (2.8224)	ERR 0.295 (0.295)
 * ERR 0.295 LOSS 2.822
Epoch: [121][0/2]	Time 0.529 (0.529)	Data 0.005 (0.005)	Loss 0.0462 (0.0462)	ERR 0.035 (0.035)
Training Error: 0.040  Loss: 0.050
Test: [0/1]	Time 0.008 (0.008)	Loss 2.5064 (2.5064)	ERR 0.282 (0.282)
 * ERR 0.282 LOSS 2.506
Epoch: [122][0/2]	Time 0.497 (0.497)	Data 0.004 (0.004)	Loss 0.0245 (0.0245)	ERR 0.027 (0.027)
Training Error: 0.032  Loss: 0.040
Test: [0/1]	Time 0.008 (0.008)	Loss 2.2246 (2.2246)	ERR 0.270 (0.270)
 * ERR 0.270 LOSS 2.225
Epoch: [123][0/2]	Time 0.487 (0.487)	Data 0.004 (0.004)	Loss 0.0644 (0.0644)	ERR 0.055 (0.055)
Training Error: 0.062  Loss: 0.085
Test: [0/1]	Time 0.008 (0.008)	Loss 2.3708 (2.3708)	ERR 0.280 (0.280)
 * ERR 0.280 LOSS 2.371
Epoch: [124][0/2]	Time 0.533 (0.533)	Data 0.004 (0.004)	Loss 0.0222 (0.0222)	ERR 0.031 (0.031)
Training Error: 0.047  Loss: 0.065
Test: [0/1]	Time 0.008 (0.008)	Loss 2.6323 (2.6323)	ERR 0.294 (0.294)
 * ERR 0.294 LOSS 2.632
Epoch: [125][0/2]	Time 0.550 (0.550)	Data 0.004 (0.004)	Loss 0.0185 (0.0185)	ERR 0.029 (0.029)
Training Error: 0.031  Loss: 0.021
Test: [0/1]	Time 0.009 (0.009)	Loss 2.6746 (2.6746)	ERR 0.307 (0.307)
 * ERR 0.307 LOSS 2.675
Epoch: [126][0/2]	Time 0.553 (0.553)	Data 0.004 (0.004)	Loss 0.0875 (0.0875)	ERR 0.069 (0.069)
Training Error: 0.070  Loss: 0.089
Test: [0/1]	Time 0.008 (0.008)	Loss 2.8009 (2.8009)	ERR 0.304 (0.304)
 * ERR 0.304 LOSS 2.801
Epoch: [127][0/2]	Time 0.509 (0.509)	Data 0.005 (0.005)	Loss 0.0303 (0.0303)	ERR 0.034 (0.034)
Training Error: 0.039  Loss: 0.039
Test: [0/1]	Time 0.008 (0.008)	Loss 2.9179 (2.9179)	ERR 0.310 (0.310)
 * ERR 0.310 LOSS 2.918
Epoch: [128][0/2]	Time 0.557 (0.557)	Data 0.004 (0.004)	Loss 0.0733 (0.0733)	ERR 0.061 (0.061)
Training Error: 0.054  Loss: 0.061
Test: [0/1]	Time 0.008 (0.008)	Loss 2.4856 (2.4856)	ERR 0.277 (0.277)
 * ERR 0.277 LOSS 2.486
Epoch: [129][0/2]	Time 0.538 (0.538)	Data 0.007 (0.007)	Loss 0.0223 (0.0223)	ERR 0.029 (0.029)
Training Error: 0.037  Loss: 0.033
Test: [0/1]	Time 0.008 (0.008)	Loss 2.4198 (2.4198)	ERR 0.274 (0.274)
 * ERR 0.274 LOSS 2.420
Epoch: [130][0/2]	Time 0.500 (0.500)	Data 0.004 (0.004)	Loss 0.0168 (0.0168)	ERR 0.026 (0.026)
Training Error: 0.028  Loss: 0.020
Test: [0/1]	Time 0.008 (0.008)	Loss 2.5819 (2.5819)	ERR 0.289 (0.289)
 * ERR 0.289 LOSS 2.582
Epoch: [131][0/2]	Time 0.467 (0.467)	Data 0.004 (0.004)	Loss 0.0331 (0.0331)	ERR 0.039 (0.039)
Training Error: 0.037  Loss: 0.032
Test: [0/1]	Time 0.008 (0.008)	Loss 2.4636 (2.4636)	ERR 0.282 (0.282)
 * ERR 0.282 LOSS 2.464
Epoch: [132][0/2]	Time 0.490 (0.490)	Data 0.004 (0.004)	Loss 0.0200 (0.0200)	ERR 0.028 (0.028)
Training Error: 0.030  Loss: 0.024
Test: [0/1]	Time 0.008 (0.008)	Loss 2.4401 (2.4401)	ERR 0.285 (0.285)
 * ERR 0.285 LOSS 2.440
Epoch: [133][0/2]	Time 0.471 (0.471)	Data 0.004 (0.004)	Loss 0.0252 (0.0252)	ERR 0.033 (0.033)
Training Error: 0.036  Loss: 0.033
Test: [0/1]	Time 0.008 (0.008)	Loss 2.5487 (2.5487)	ERR 0.285 (0.285)
 * ERR 0.285 LOSS 2.549
Epoch: [134][0/2]	Time 0.519 (0.519)	Data 0.004 (0.004)	Loss 0.0241 (0.0241)	ERR 0.032 (0.032)
Training Error: 0.035  Loss: 0.028
Test: [0/1]	Time 0.008 (0.008)	Loss 2.6003 (2.6003)	ERR 0.289 (0.289)
 * ERR 0.289 LOSS 2.600
Epoch: [135][0/2]	Time 0.480 (0.480)	Data 0.004 (0.004)	Loss 0.0491 (0.0491)	ERR 0.049 (0.049)
Training Error: 0.044  Loss: 0.042
Test: [0/1]	Time 0.008 (0.008)	Loss 2.4367 (2.4367)	ERR 0.278 (0.278)
 * ERR 0.278 LOSS 2.437
Epoch: [136][0/2]	Time 0.540 (0.540)	Data 0.004 (0.004)	Loss 0.0180 (0.0180)	ERR 0.027 (0.027)
Training Error: 0.033  Loss: 0.030
Test: [0/1]	Time 0.009 (0.009)	Loss 2.5335 (2.5335)	ERR 0.283 (0.283)
 * ERR 0.283 LOSS 2.533
Epoch: [137][0/2]	Time 0.532 (0.532)	Data 0.004 (0.004)	Loss 0.0164 (0.0164)	ERR 0.025 (0.025)
Training Error: 0.031  Loss: 0.025
Test: [0/1]	Time 0.008 (0.008)	Loss 2.7868 (2.7868)	ERR 0.298 (0.298)
 * ERR 0.298 LOSS 2.787
Epoch: [138][0/2]	Time 0.510 (0.510)	Data 0.004 (0.004)	Loss 0.0289 (0.0289)	ERR 0.036 (0.036)
Training Error: 0.040  Loss: 0.037
Test: [0/1]	Time 0.008 (0.008)	Loss 2.7371 (2.7371)	ERR 0.296 (0.296)
 * ERR 0.296 LOSS 2.737
Epoch: [139][0/2]	Time 0.528 (0.528)	Data 0.005 (0.005)	Loss 0.0276 (0.0276)	ERR 0.030 (0.030)
Training Error: 0.033  Loss: 0.030
Test: [0/1]	Time 0.008 (0.008)	Loss 2.4291 (2.4291)	ERR 0.283 (0.283)
 * ERR 0.283 LOSS 2.429
Epoch: [140][0/2]	Time 0.529 (0.529)	Data 0.005 (0.005)	Loss 0.0519 (0.0519)	ERR 0.050 (0.050)
Training Error: 0.055  Loss: 0.061
Test: [0/1]	Time 0.008 (0.008)	Loss 2.4052 (2.4052)	ERR 0.277 (0.277)
 * ERR 0.277 LOSS 2.405
Epoch: [141][0/2]	Time 0.534 (0.534)	Data 0.005 (0.005)	Loss 0.0156 (0.0156)	ERR 0.024 (0.024)
Training Error: 0.029  Loss: 0.021
Test: [0/1]	Time 0.008 (0.008)	Loss 2.7087 (2.7087)	ERR 0.297 (0.297)
 * ERR 0.297 LOSS 2.709
Epoch: [142][0/2]	Time 0.488 (0.488)	Data 0.004 (0.004)	Loss 0.0983 (0.0983)	ERR 0.073 (0.073)
Training Error: 0.066  Loss: 0.088
Test: [0/1]	Time 0.008 (0.008)	Loss 2.3798 (2.3798)	ERR 0.276 (0.276)
 * ERR 0.276 LOSS 2.380
Epoch: [143][0/2]	Time 0.501 (0.501)	Data 0.004 (0.004)	Loss 0.0158 (0.0158)	ERR 0.026 (0.026)
Training Error: 0.034  Loss: 0.029
Test: [0/1]	Time 0.008 (0.008)	Loss 2.3874 (2.3874)	ERR 0.287 (0.287)
 * ERR 0.287 LOSS 2.387
Epoch: [144][0/2]	Time 0.480 (0.480)	Data 0.004 (0.004)	Loss 0.0430 (0.0430)	ERR 0.048 (0.048)
Training Error: 0.045  Loss: 0.042
Test: [0/1]	Time 0.008 (0.008)	Loss 2.6598 (2.6598)	ERR 0.292 (0.292)
 * ERR 0.292 LOSS 2.660
Epoch: [145][0/2]	Time 0.518 (0.518)	Data 0.004 (0.004)	Loss 0.0277 (0.0277)	ERR 0.036 (0.036)
Training Error: 0.038  Loss: 0.030
Test: [0/1]	Time 0.008 (0.008)	Loss 2.7221 (2.7221)	ERR 0.295 (0.295)
 * ERR 0.295 LOSS 2.722
Epoch: [146][0/2]	Time 0.496 (0.496)	Data 0.004 (0.004)	Loss 0.0306 (0.0306)	ERR 0.039 (0.039)
Training Error: 0.042  Loss: 0.042
Test: [0/1]	Time 0.008 (0.008)	Loss 2.5411 (2.5411)	ERR 0.288 (0.288)
 * ERR 0.288 LOSS 2.541
Epoch: [147][0/2]	Time 0.513 (0.513)	Data 0.004 (0.004)	Loss 0.0147 (0.0147)	ERR 0.026 (0.026)
Training Error: 0.033  Loss: 0.028
Test: [0/1]	Time 0.008 (0.008)	Loss 2.6016 (2.6016)	ERR 0.286 (0.286)
 * ERR 0.286 LOSS 2.602
Epoch: [148][0/2]	Time 0.550 (0.550)	Data 0.005 (0.005)	Loss 0.0128 (0.0128)	ERR 0.022 (0.022)
Training Error: 0.028  Loss: 0.023
Test: [0/1]	Time 0.008 (0.008)	Loss 2.7220 (2.7220)	ERR 0.292 (0.292)
 * ERR 0.292 LOSS 2.722
Epoch: [149][0/2]	Time 0.534 (0.534)	Data 0.005 (0.005)	Loss 0.0297 (0.0297)	ERR 0.037 (0.037)
Training Error: 0.045  Loss: 0.048
Test: [0/1]	Time 0.009 (0.009)	Loss 2.6396 (2.6396)	ERR 0.301 (0.301)
 * ERR 0.301 LOSS 2.640
Epoch: [150][0/2]	Time 0.537 (0.537)	Data 0.004 (0.004)	Loss 0.0396 (0.0396)	ERR 0.042 (0.042)
Training Error: 0.041  Loss: 0.041
Test: [0/1]	Time 0.012 (0.012)	Loss 2.7220 (2.7220)	ERR 0.309 (0.309)
 * ERR 0.309 LOSS 2.722
Epoch: [151][0/2]	Time 0.536 (0.536)	Data 0.005 (0.005)	Loss 0.0251 (0.0251)	ERR 0.033 (0.033)
Training Error: 0.035  Loss: 0.033
Test: [0/1]	Time 0.008 (0.008)	Loss 2.6963 (2.6963)	ERR 0.297 (0.297)
 * ERR 0.297 LOSS 2.696
Epoch: [152][0/2]	Time 0.510 (0.510)	Data 0.004 (0.004)	Loss 0.0186 (0.0186)	ERR 0.028 (0.028)
Training Error: 0.031  Loss: 0.024
Test: [0/1]	Time 0.008 (0.008)	Loss 2.4798 (2.4798)	ERR 0.275 (0.275)
 * ERR 0.275 LOSS 2.480
Epoch: [153][0/2]	Time 0.530 (0.530)	Data 0.004 (0.004)	Loss 0.0277 (0.0277)	ERR 0.032 (0.032)
Training Error: 0.035  Loss: 0.032
Test: [0/1]	Time 0.008 (0.008)	Loss 2.3802 (2.3802)	ERR 0.272 (0.272)
 * ERR 0.272 LOSS 2.380
Epoch: [154][0/2]	Time 0.495 (0.495)	Data 0.004 (0.004)	Loss 0.0235 (0.0235)	ERR 0.029 (0.029)
Training Error: 0.031  Loss: 0.027
Test: [0/1]	Time 0.008 (0.008)	Loss 2.4826 (2.4826)	ERR 0.277 (0.277)
 * ERR 0.277 LOSS 2.483
Epoch: [155][0/2]	Time 0.531 (0.531)	Data 0.004 (0.004)	Loss 0.0207 (0.0207)	ERR 0.027 (0.027)
Training Error: 0.032  Loss: 0.028
Test: [0/1]	Time 0.007 (0.007)	Loss 2.6747 (2.6747)	ERR 0.293 (0.293)
 * ERR 0.293 LOSS 2.675
Epoch: [156][0/2]	Time 0.488 (0.488)	Data 0.004 (0.004)	Loss 0.0355 (0.0355)	ERR 0.036 (0.036)
Training Error: 0.034  Loss: 0.031
Test: [0/1]	Time 0.008 (0.008)	Loss 2.7356 (2.7356)	ERR 0.296 (0.296)
 * ERR 0.296 LOSS 2.736
Epoch: [157][0/2]	Time 0.494 (0.494)	Data 0.004 (0.004)	Loss 0.0350 (0.0350)	ERR 0.035 (0.035)
Training Error: 0.035  Loss: 0.034
Test: [0/1]	Time 0.008 (0.008)	Loss 2.6243 (2.6243)	ERR 0.282 (0.282)
 * ERR 0.282 LOSS 2.624
Epoch: [158][0/2]	Time 0.492 (0.492)	Data 0.004 (0.004)	Loss 0.0184 (0.0184)	ERR 0.028 (0.028)
Training Error: 0.029  Loss: 0.019
Test: [0/1]	Time 0.008 (0.008)	Loss 2.4597 (2.4597)	ERR 0.273 (0.273)
 * ERR 0.273 LOSS 2.460
Epoch: [159][0/2]	Time 0.485 (0.485)	Data 0.004 (0.004)	Loss 0.0154 (0.0154)	ERR 0.026 (0.026)
Training Error: 0.028  Loss: 0.023
Test: [0/1]	Time 0.008 (0.008)	Loss 2.2901 (2.2901)	ERR 0.267 (0.267)
 * ERR 0.267 LOSS 2.290
Epoch: [160][0/2]	Time 0.446 (0.446)	Data 0.004 (0.004)	Loss 0.0170 (0.0170)	ERR 0.026 (0.026)
Training Error: 0.028  Loss: 0.020
Test: [0/1]	Time 0.008 (0.008)	Loss 2.3555 (2.3555)	ERR 0.275 (0.275)
 * ERR 0.275 LOSS 2.355
Epoch: [161][0/2]	Time 0.535 (0.535)	Data 0.004 (0.004)	Loss 0.0162 (0.0162)	ERR 0.027 (0.027)
Training Error: 0.029  Loss: 0.021
Test: [0/1]	Time 0.007 (0.007)	Loss 2.5334 (2.5334)	ERR 0.284 (0.284)
 * ERR 0.284 LOSS 2.533
Epoch: [162][0/2]	Time 0.497 (0.497)	Data 0.004 (0.004)	Loss 0.0196 (0.0196)	ERR 0.027 (0.027)
Training Error: 0.031  Loss: 0.031
Test: [0/1]	Time 0.008 (0.008)	Loss 2.4489 (2.4489)	ERR 0.276 (0.276)
 * ERR 0.276 LOSS 2.449
Epoch: [163][0/2]	Time 0.513 (0.513)	Data 0.004 (0.004)	Loss 0.0217 (0.0217)	ERR 0.029 (0.029)
Training Error: 0.029  Loss: 0.021
Test: [0/1]	Time 0.008 (0.008)	Loss 2.2551 (2.2551)	ERR 0.262 (0.262)
 * ERR 0.262 LOSS 2.255
Epoch: [164][0/2]	Time 0.499 (0.499)	Data 0.004 (0.004)	Loss 0.0148 (0.0148)	ERR 0.022 (0.022)
Training Error: 0.028  Loss: 0.027
Test: [0/1]	Time 0.008 (0.008)	Loss 2.2020 (2.2020)	ERR 0.262 (0.262)
 * ERR 0.262 LOSS 2.202
Epoch: [165][0/2]	Time 0.506 (0.506)	Data 0.004 (0.004)	Loss 0.0206 (0.0206)	ERR 0.029 (0.029)
Training Error: 0.033  Loss: 0.037
Test: [0/1]	Time 0.008 (0.008)	Loss 2.3978 (2.3978)	ERR 0.273 (0.273)
 * ERR 0.273 LOSS 2.398
Epoch: [166][0/2]	Time 0.512 (0.512)	Data 0.004 (0.004)	Loss 0.0110 (0.0110)	ERR 0.021 (0.021)
Training Error: 0.023  Loss: 0.015
Test: [0/1]	Time 0.008 (0.008)	Loss 2.7428 (2.7428)	ERR 0.295 (0.295)
 * ERR 0.295 LOSS 2.743
Epoch: [167][0/2]	Time 0.503 (0.503)	Data 0.004 (0.004)	Loss 0.0234 (0.0234)	ERR 0.027 (0.027)
Training Error: 0.028  Loss: 0.023
Test: [0/1]	Time 0.008 (0.008)	Loss 2.9327 (2.9327)	ERR 0.311 (0.311)
 * ERR 0.311 LOSS 2.933
Epoch: [168][0/2]	Time 0.499 (0.499)	Data 0.004 (0.004)	Loss 0.0322 (0.0322)	ERR 0.031 (0.031)
Training Error: 0.035  Loss: 0.042
Test: [0/1]	Time 0.008 (0.008)	Loss 2.7355 (2.7355)	ERR 0.293 (0.293)
 * ERR 0.293 LOSS 2.736
Epoch: [169][0/2]	Time 0.477 (0.477)	Data 0.004 (0.004)	Loss 0.0101 (0.0101)	ERR 0.021 (0.021)
Training Error: 0.026  Loss: 0.020
Test: [0/1]	Time 0.008 (0.008)	Loss 2.4518 (2.4518)	ERR 0.277 (0.277)
 * ERR 0.277 LOSS 2.452
Epoch: [170][0/2]	Time 0.506 (0.506)	Data 0.004 (0.004)	Loss 0.0204 (0.0204)	ERR 0.026 (0.026)
Training Error: 0.033  Loss: 0.038
Test: [0/1]	Time 0.008 (0.008)	Loss 2.1924 (2.1924)	ERR 0.264 (0.264)
 * ERR 0.264 LOSS 2.192
Epoch: [171][0/2]	Time 0.513 (0.513)	Data 0.004 (0.004)	Loss 0.0413 (0.0413)	ERR 0.036 (0.036)
Training Error: 0.038  Loss: 0.041
Test: [0/1]	Time 0.008 (0.008)	Loss 2.1648 (2.1648)	ERR 0.264 (0.264)
 * ERR 0.264 LOSS 2.165
Epoch: [172][0/2]	Time 0.527 (0.527)	Data 0.004 (0.004)	Loss 0.0287 (0.0287)	ERR 0.037 (0.037)
Training Error: 0.039  Loss: 0.035
Test: [0/1]	Time 0.008 (0.008)	Loss 2.4362 (2.4362)	ERR 0.276 (0.276)
 * ERR 0.276 LOSS 2.436
Epoch: [173][0/2]	Time 0.516 (0.516)	Data 0.004 (0.004)	Loss 0.0145 (0.0145)	ERR 0.024 (0.024)
Training Error: 0.029  Loss: 0.025
Test: [0/1]	Time 0.008 (0.008)	Loss 2.5459 (2.5459)	ERR 0.287 (0.287)
 * ERR 0.287 LOSS 2.546
Epoch: [174][0/2]	Time 0.518 (0.518)	Data 0.004 (0.004)	Loss 0.0160 (0.0160)	ERR 0.024 (0.024)
Training Error: 0.030  Loss: 0.026
Test: [0/1]	Time 0.008 (0.008)	Loss 2.4694 (2.4694)	ERR 0.277 (0.277)
 * ERR 0.277 LOSS 2.469
Epoch: [175][0/2]	Time 0.518 (0.518)	Data 0.004 (0.004)	Loss 0.0118 (0.0118)	ERR 0.021 (0.021)
Training Error: 0.025  Loss: 0.017
Test: [0/1]	Time 0.008 (0.008)	Loss 2.4867 (2.4867)	ERR 0.271 (0.271)
 * ERR 0.271 LOSS 2.487
Epoch: [176][0/2]	Time 0.476 (0.476)	Data 0.005 (0.005)	Loss 0.0260 (0.0260)	ERR 0.032 (0.032)
Training Error: 0.033  Loss: 0.029
Test: [0/1]	Time 0.008 (0.008)	Loss 2.4408 (2.4408)	ERR 0.271 (0.271)
 * ERR 0.271 LOSS 2.441
Epoch: [177][0/2]	Time 0.480 (0.480)	Data 0.004 (0.004)	Loss 0.0192 (0.0192)	ERR 0.024 (0.024)
Training Error: 0.026  Loss: 0.020
Test: [0/1]	Time 0.008 (0.008)	Loss 2.6216 (2.6216)	ERR 0.280 (0.280)
 * ERR 0.280 LOSS 2.622
Epoch: [178][0/2]	Time 0.507 (0.507)	Data 0.004 (0.004)	Loss 0.0141 (0.0141)	ERR 0.023 (0.023)
Training Error: 0.026  Loss: 0.018
Test: [0/1]	Time 0.008 (0.008)	Loss 2.7889 (2.7889)	ERR 0.293 (0.293)
 * ERR 0.293 LOSS 2.789
Epoch: [179][0/2]	Time 0.480 (0.480)	Data 0.004 (0.004)	Loss 0.0290 (0.0290)	ERR 0.037 (0.037)
Training Error: 0.037  Loss: 0.030
Test: [0/1]	Time 0.008 (0.008)	Loss 2.7280 (2.7280)	ERR 0.294 (0.294)
 * ERR 0.294 LOSS 2.728
Epoch: [180][0/2]	Time 0.528 (0.528)	Data 0.004 (0.004)	Loss 0.0108 (0.0108)	ERR 0.021 (0.021)
Training Error: 0.024  Loss: 0.016
Test: [0/1]	Time 0.008 (0.008)	Loss 2.6206 (2.6206)	ERR 0.287 (0.287)
 * ERR 0.287 LOSS 2.621
Epoch: [181][0/2]	Time 0.491 (0.491)	Data 0.004 (0.004)	Loss 0.0111 (0.0111)	ERR 0.021 (0.021)
Training Error: 0.023  Loss: 0.014
Test: [0/1]	Time 0.008 (0.008)	Loss 2.5274 (2.5274)	ERR 0.279 (0.279)
 * ERR 0.279 LOSS 2.527
Epoch: [182][0/2]	Time 0.501 (0.501)	Data 0.004 (0.004)	Loss 0.0102 (0.0102)	ERR 0.021 (0.021)
Training Error: 0.024  Loss: 0.014
Test: [0/1]	Time 0.009 (0.009)	Loss 2.5188 (2.5188)	ERR 0.277 (0.277)
 * ERR 0.277 LOSS 2.519
Epoch: [183][0/2]	Time 0.479 (0.479)	Data 0.004 (0.004)	Loss 0.0198 (0.0198)	ERR 0.029 (0.029)
Training Error: 0.033  Loss: 0.026
Test: [0/1]	Time 0.008 (0.008)	Loss 2.5275 (2.5275)	ERR 0.282 (0.282)
 * ERR 0.282 LOSS 2.528
Epoch: [184][0/2]	Time 0.506 (0.506)	Data 0.004 (0.004)	Loss 0.0196 (0.0196)	ERR 0.030 (0.030)
Training Error: 0.034  Loss: 0.030
Test: [0/1]	Time 0.008 (0.008)	Loss 2.6294 (2.6294)	ERR 0.283 (0.283)
 * ERR 0.283 LOSS 2.629
Epoch: [185][0/2]	Time 0.489 (0.489)	Data 0.004 (0.004)	Loss 0.0119 (0.0119)	ERR 0.022 (0.022)
Training Error: 0.023  Loss: 0.013
Test: [0/1]	Time 0.008 (0.008)	Loss 2.6730 (2.6730)	ERR 0.288 (0.288)
 * ERR 0.288 LOSS 2.673
Epoch: [186][0/2]	Time 0.482 (0.482)	Data 0.003 (0.003)	Loss 0.0483 (0.0483)	ERR 0.051 (0.051)
Training Error: 0.045  Loss: 0.041
Test: [0/1]	Time 0.008 (0.008)	Loss 2.4378 (2.4378)	ERR 0.277 (0.277)
 * ERR 0.277 LOSS 2.438
Epoch: [187][0/2]	Time 0.507 (0.507)	Data 0.004 (0.004)	Loss 0.0115 (0.0115)	ERR 0.020 (0.020)
Training Error: 0.025  Loss: 0.016
Test: [0/1]	Time 0.008 (0.008)	Loss 2.4844 (2.4844)	ERR 0.279 (0.279)
 * ERR 0.279 LOSS 2.484
Epoch: [188][0/2]	Time 0.523 (0.523)	Data 0.004 (0.004)	Loss 0.0086 (0.0086)	ERR 0.019 (0.019)
Training Error: 0.026  Loss: 0.024
Test: [0/1]	Time 0.008 (0.008)	Loss 2.5564 (2.5564)	ERR 0.284 (0.284)
 * ERR 0.284 LOSS 2.556
Epoch: [189][0/2]	Time 0.537 (0.537)	Data 0.004 (0.004)	Loss 0.0077 (0.0077)	ERR 0.017 (0.017)
Training Error: 0.019  Loss: 0.010
Test: [0/1]	Time 0.008 (0.008)	Loss 2.5068 (2.5068)	ERR 0.289 (0.289)
 * ERR 0.289 LOSS 2.507
Epoch: [190][0/2]	Time 0.514 (0.514)	Data 0.005 (0.005)	Loss 0.0286 (0.0286)	ERR 0.038 (0.038)
Training Error: 0.041  Loss: 0.035
Test: [0/1]	Time 0.008 (0.008)	Loss 2.6737 (2.6737)	ERR 0.294 (0.294)
 * ERR 0.294 LOSS 2.674
Epoch: [191][0/2]	Time 0.503 (0.503)	Data 0.004 (0.004)	Loss 0.0165 (0.0165)	ERR 0.026 (0.026)
Training Error: 0.032  Loss: 0.025
Test: [0/1]	Time 0.008 (0.008)	Loss 2.6540 (2.6540)	ERR 0.292 (0.292)
 * ERR 0.292 LOSS 2.654
Epoch: [192][0/2]	Time 0.511 (0.511)	Data 0.004 (0.004)	Loss 0.0148 (0.0148)	ERR 0.026 (0.026)
Training Error: 0.030  Loss: 0.026
Test: [0/1]	Time 0.008 (0.008)	Loss 2.4804 (2.4804)	ERR 0.284 (0.284)
 * ERR 0.284 LOSS 2.480
Epoch: [193][0/2]	Time 0.497 (0.497)	Data 0.004 (0.004)	Loss 0.0391 (0.0391)	ERR 0.045 (0.045)
Training Error: 0.045  Loss: 0.040
Test: [0/1]	Time 0.009 (0.009)	Loss 2.7461 (2.7461)	ERR 0.294 (0.294)
 * ERR 0.294 LOSS 2.746
Epoch: [194][0/2]	Time 0.507 (0.507)	Data 0.004 (0.004)	Loss 0.0094 (0.0094)	ERR 0.020 (0.020)
Training Error: 0.027  Loss: 0.022
Test: [0/1]	Time 0.008 (0.008)	Loss 3.1285 (3.1285)	ERR 0.321 (0.321)
 * ERR 0.321 LOSS 3.128
Epoch: [195][0/2]	Time 0.555 (0.555)	Data 0.004 (0.004)	Loss 0.0830 (0.0830)	ERR 0.069 (0.069)
Training Error: 0.073  Loss: 0.092
Test: [0/1]	Time 0.008 (0.008)	Loss 2.5270 (2.5270)	ERR 0.288 (0.288)
 * ERR 0.288 LOSS 2.527
Epoch: [196][0/2]	Time 0.544 (0.544)	Data 0.004 (0.004)	Loss 0.0407 (0.0407)	ERR 0.047 (0.047)
Training Error: 0.055  Loss: 0.057
Test: [0/1]	Time 0.008 (0.008)	Loss 2.3158 (2.3158)	ERR 0.288 (0.288)
 * ERR 0.288 LOSS 2.316
Epoch: [197][0/2]	Time 0.485 (0.485)	Data 0.004 (0.004)	Loss 0.0802 (0.0802)	ERR 0.067 (0.067)
Training Error: 0.064  Loss: 0.076
Test: [0/1]	Time 0.008 (0.008)	Loss 2.8144 (2.8144)	ERR 0.293 (0.293)
 * ERR 0.293 LOSS 2.814
Epoch: [198][0/2]	Time 0.485 (0.485)	Data 0.004 (0.004)	Loss 0.0827 (0.0827)	ERR 0.068 (0.068)
Training Error: 0.078  Loss: 0.113
Test: [0/1]	Time 0.009 (0.009)	Loss 2.5591 (2.5591)	ERR 0.276 (0.276)
 * ERR 0.276 LOSS 2.559
Epoch: [199][0/2]	Time 0.524 (0.524)	Data 0.005 (0.005)	Loss 0.0154 (0.0154)	ERR 0.024 (0.024)
Training Error: 0.029  Loss: 0.021
Test: [0/1]	Time 0.008 (0.008)	Loss 2.4523 (2.4523)	ERR 0.300 (0.300)
 * ERR 0.300 LOSS 2.452
---------Evaluate Model on Test Set---------------
Test: [0/1]	Time 0.013 (0.013)	Loss 0.6454 (0.6454)	ERR 0.149 (0.149)
Test error per property: 0.14937696
Test loss per property: 0.6453658
 ** ERR 0.149 LOSS 0.645
Best Error is:  0.2264895737171173
2021-06-19 06:49:05.610333
Time taken  132.8339877128601
