Length of dataset:  208
2021-06-19 09:25:02.057097
Cuda enabled:  False
{'root_dir': 'data/IPR/', 'save_dir': 'data/IPR/results_IPR_new8/0/', 'disable_cuda': False, 'workers': 0, 'epochs': 300, 'start_epoch': 0, 'batch_size': 32, 'lr': 0.05, 'lr_milestones': [200, 400, 600, 800], 'momentum': 0.9, 'weight_decay': 0, 'print_freq': 10, 'resume': '', 'train_size': 166, 'val_size': 20, 'test_size': 22, 'optimizer': 'Adam', 'atom_fea_len': 64, 'h_fea_len': 32, 'n_conv': 4, 'n_hp': 1, 'scheduler': 'MultiStepLR', 'metric': 'mae', 'seed': 887, 'weights': None, 'dropout': 0, 'cuda': False}
Loading datasets...
Predicting  3  properties!!
---pre-trained model loaded---
Epoch: [0][0/6]	Time 0.461 (0.461)	Data 0.002 (0.002)	Loss 1.2676 (1.2676)	ERR 0.234 (0.234)
Training Error: 0.751  Loss: 25.278
Test: [0/1]	Time 0.034 (0.034)	Loss 390.5435 (390.5435)	ERR 4.431 (4.431)
 * ERR 4.431 LOSS 390.543
Saving best parameters...
Epoch: [1][0/6]	Time 0.330 (0.330)	Data 0.001 (0.001)	Loss 1.1784 (1.1784)	ERR 0.220 (0.220)
Training Error: 0.210  Loss: 0.929
Test: [0/1]	Time 0.033 (0.033)	Loss 1.9727 (1.9727)	ERR 0.248 (0.248)
 * ERR 0.248 LOSS 1.973
Saving best parameters...
Epoch: [2][0/6]	Time 0.314 (0.314)	Data 0.001 (0.001)	Loss 1.2126 (1.2126)	ERR 0.217 (0.217)
Training Error: 0.196  Loss: 0.895
Test: [0/1]	Time 0.035 (0.035)	Loss 4.0159 (4.0159)	ERR 0.435 (0.435)
 * ERR 0.435 LOSS 4.016
Epoch: [3][0/6]	Time 0.373 (0.373)	Data 0.001 (0.001)	Loss 0.9465 (0.9465)	ERR 0.202 (0.202)
Training Error: 0.179  Loss: 0.908
Test: [0/1]	Time 0.030 (0.030)	Loss 2.3585 (2.3585)	ERR 0.293 (0.293)
 * ERR 0.293 LOSS 2.358
Epoch: [4][0/6]	Time 0.442 (0.442)	Data 0.002 (0.002)	Loss 0.4861 (0.4861)	ERR 0.144 (0.144)
Training Error: 0.173  Loss: 0.896
Test: [0/1]	Time 0.031 (0.031)	Loss 1.8845 (1.8845)	ERR 0.247 (0.247)
 * ERR 0.247 LOSS 1.884
Saving best parameters...
Epoch: [5][0/6]	Time 0.285 (0.285)	Data 0.001 (0.001)	Loss 0.5929 (0.5929)	ERR 0.142 (0.142)
Training Error: 0.179  Loss: 0.843
Test: [0/1]	Time 0.031 (0.031)	Loss 1.8207 (1.8207)	ERR 0.256 (0.256)
 * ERR 0.256 LOSS 1.821
Epoch: [6][0/6]	Time 0.373 (0.373)	Data 0.002 (0.002)	Loss 1.1482 (1.1482)	ERR 0.202 (0.202)
Training Error: 0.179  Loss: 0.826
Test: [0/1]	Time 0.031 (0.031)	Loss 1.9176 (1.9176)	ERR 0.247 (0.247)
 * ERR 0.247 LOSS 1.918
Epoch: [7][0/6]	Time 0.382 (0.382)	Data 0.001 (0.001)	Loss 0.7755 (0.7755)	ERR 0.176 (0.176)
Training Error: 0.165  Loss: 0.794
Test: [0/1]	Time 0.031 (0.031)	Loss 2.0476 (2.0476)	ERR 0.244 (0.244)
 * ERR 0.244 LOSS 2.048
Saving best parameters...
Epoch: [8][0/6]	Time 0.259 (0.259)	Data 0.001 (0.001)	Loss 0.7979 (0.7979)	ERR 0.158 (0.158)
Training Error: 0.158  Loss: 0.794
Test: [0/1]	Time 0.031 (0.031)	Loss 1.9981 (1.9981)	ERR 0.245 (0.245)
 * ERR 0.245 LOSS 1.998
Epoch: [9][0/6]	Time 0.352 (0.352)	Data 0.002 (0.002)	Loss 0.9425 (0.9425)	ERR 0.161 (0.161)
Training Error: 0.166  Loss: 0.789
Test: [0/1]	Time 0.029 (0.029)	Loss 1.8619 (1.8619)	ERR 0.251 (0.251)
 * ERR 0.251 LOSS 1.862
Epoch: [10][0/6]	Time 0.430 (0.430)	Data 0.002 (0.002)	Loss 0.7216 (0.7216)	ERR 0.152 (0.152)
Training Error: 0.169  Loss: 0.784
Test: [0/1]	Time 0.030 (0.030)	Loss 1.9474 (1.9474)	ERR 0.248 (0.248)
 * ERR 0.248 LOSS 1.947
Epoch: [11][0/6]	Time 0.382 (0.382)	Data 0.001 (0.001)	Loss 0.9035 (0.9035)	ERR 0.172 (0.172)
Training Error: 0.161  Loss: 0.783
Test: [0/1]	Time 0.030 (0.030)	Loss 2.0762 (2.0762)	ERR 0.249 (0.249)
 * ERR 0.249 LOSS 2.076
Epoch: [12][0/6]	Time 0.507 (0.507)	Data 0.002 (0.002)	Loss 0.8672 (0.8672)	ERR 0.168 (0.168)
Training Error: 0.161  Loss: 0.772
Test: [0/1]	Time 0.030 (0.030)	Loss 1.9585 (1.9585)	ERR 0.251 (0.251)
 * ERR 0.251 LOSS 1.959
Epoch: [13][0/6]	Time 0.411 (0.411)	Data 0.002 (0.002)	Loss 0.6463 (0.6463)	ERR 0.151 (0.151)
Training Error: 0.163  Loss: 0.768
Test: [0/1]	Time 0.041 (0.041)	Loss 1.9696 (1.9696)	ERR 0.251 (0.251)
 * ERR 0.251 LOSS 1.970
Epoch: [14][0/6]	Time 0.445 (0.445)	Data 0.001 (0.001)	Loss 0.7159 (0.7159)	ERR 0.170 (0.170)
Training Error: 0.157  Loss: 0.752
Test: [0/1]	Time 0.038 (0.038)	Loss 1.9742 (1.9742)	ERR 0.246 (0.246)
 * ERR 0.246 LOSS 1.974
Epoch: [15][0/6]	Time 0.565 (0.565)	Data 0.001 (0.001)	Loss 0.3461 (0.3461)	ERR 0.114 (0.114)
Training Error: 0.154  Loss: 0.739
Test: [0/1]	Time 0.038 (0.038)	Loss 1.9413 (1.9413)	ERR 0.245 (0.245)
 * ERR 0.245 LOSS 1.941
Epoch: [16][0/6]	Time 0.591 (0.591)	Data 0.001 (0.001)	Loss 0.8594 (0.8594)	ERR 0.167 (0.167)
Training Error: 0.148  Loss: 0.732
Test: [0/1]	Time 0.034 (0.034)	Loss 2.0587 (2.0587)	ERR 0.250 (0.250)
 * ERR 0.250 LOSS 2.059
Epoch: [17][0/6]	Time 0.503 (0.503)	Data 0.002 (0.002)	Loss 0.4698 (0.4698)	ERR 0.112 (0.112)
Training Error: 0.142  Loss: 0.712
Test: [0/1]	Time 0.029 (0.029)	Loss 1.9365 (1.9365)	ERR 0.256 (0.256)
 * ERR 0.256 LOSS 1.937
Epoch: [18][0/6]	Time 0.408 (0.408)	Data 0.002 (0.002)	Loss 0.5328 (0.5328)	ERR 0.134 (0.134)
Training Error: 0.159  Loss: 0.712
Test: [0/1]	Time 0.037 (0.037)	Loss 1.9766 (1.9766)	ERR 0.252 (0.252)
 * ERR 0.252 LOSS 1.977
Epoch: [19][0/6]	Time 0.369 (0.369)	Data 0.001 (0.001)	Loss 1.1900 (1.1900)	ERR 0.188 (0.188)
Training Error: 0.150  Loss: 0.702
Test: [0/1]	Time 0.033 (0.033)	Loss 1.9880 (1.9880)	ERR 0.267 (0.267)
 * ERR 0.267 LOSS 1.988
Epoch: [20][0/6]	Time 0.353 (0.353)	Data 0.002 (0.002)	Loss 0.5137 (0.5137)	ERR 0.142 (0.142)
Training Error: 0.180  Loss: 0.754
Test: [0/1]	Time 0.031 (0.031)	Loss 1.7228 (1.7228)	ERR 0.288 (0.288)
 * ERR 0.288 LOSS 1.723
Epoch: [21][0/6]	Time 0.366 (0.366)	Data 0.001 (0.001)	Loss 0.8176 (0.8176)	ERR 0.197 (0.197)
Training Error: 0.158  Loss: 0.693
Test: [0/1]	Time 0.034 (0.034)	Loss 2.4424 (2.4424)	ERR 0.273 (0.273)
 * ERR 0.273 LOSS 2.442
Epoch: [22][0/6]	Time 0.375 (0.375)	Data 0.001 (0.001)	Loss 1.0405 (1.0405)	ERR 0.193 (0.193)
Training Error: 0.149  Loss: 0.701
Test: [0/1]	Time 0.032 (0.032)	Loss 2.2837 (2.2837)	ERR 0.270 (0.270)
 * ERR 0.270 LOSS 2.284
Epoch: [23][0/6]	Time 0.336 (0.336)	Data 0.001 (0.001)	Loss 1.1324 (1.1324)	ERR 0.187 (0.187)
Training Error: 0.141  Loss: 0.631
Test: [0/1]	Time 0.035 (0.035)	Loss 2.4230 (2.4230)	ERR 0.276 (0.276)
 * ERR 0.276 LOSS 2.423
Epoch: [24][0/6]	Time 0.364 (0.364)	Data 0.001 (0.001)	Loss 0.7408 (0.7408)	ERR 0.144 (0.144)
Training Error: 0.137  Loss: 0.610
Test: [0/1]	Time 0.031 (0.031)	Loss 2.1527 (2.1527)	ERR 0.266 (0.266)
 * ERR 0.266 LOSS 2.153
Epoch: [25][0/6]	Time 0.345 (0.345)	Data 0.001 (0.001)	Loss 0.6316 (0.6316)	ERR 0.127 (0.127)
Training Error: 0.128  Loss: 0.617
Test: [0/1]	Time 0.034 (0.034)	Loss 1.9040 (1.9040)	ERR 0.256 (0.256)
 * ERR 0.256 LOSS 1.904
Epoch: [26][0/6]	Time 0.466 (0.466)	Data 0.001 (0.001)	Loss 0.4548 (0.4548)	ERR 0.132 (0.132)
Training Error: 0.136  Loss: 0.608
Test: [0/1]	Time 0.030 (0.030)	Loss 1.9727 (1.9727)	ERR 0.253 (0.253)
 * ERR 0.253 LOSS 1.973
Epoch: [27][0/6]	Time 0.325 (0.325)	Data 0.001 (0.001)	Loss 0.4701 (0.4701)	ERR 0.133 (0.133)
Training Error: 0.135  Loss: 0.571
Test: [0/1]	Time 0.033 (0.033)	Loss 2.2855 (2.2855)	ERR 0.266 (0.266)
 * ERR 0.266 LOSS 2.286
Epoch: [28][0/6]	Time 0.420 (0.420)	Data 0.002 (0.002)	Loss 0.3662 (0.3662)	ERR 0.102 (0.102)
Training Error: 0.124  Loss: 0.566
Test: [0/1]	Time 0.031 (0.031)	Loss 1.9052 (1.9052)	ERR 0.274 (0.274)
 * ERR 0.274 LOSS 1.905
Epoch: [29][0/6]	Time 0.324 (0.324)	Data 0.001 (0.001)	Loss 0.5567 (0.5567)	ERR 0.144 (0.144)
Training Error: 0.166  Loss: 0.682
Test: [0/1]	Time 0.031 (0.031)	Loss 2.5277 (2.5277)	ERR 0.273 (0.273)
 * ERR 0.273 LOSS 2.528
Epoch: [30][0/6]	Time 0.393 (0.393)	Data 0.001 (0.001)	Loss 0.2539 (0.2539)	ERR 0.102 (0.102)
Training Error: 0.143  Loss: 0.608
Test: [0/1]	Time 0.030 (0.030)	Loss 2.2236 (2.2236)	ERR 0.259 (0.259)
 * ERR 0.259 LOSS 2.224
Epoch: [31][0/6]	Time 0.623 (0.623)	Data 0.001 (0.001)	Loss 0.4360 (0.4360)	ERR 0.130 (0.130)
Training Error: 0.136  Loss: 0.573
Test: [0/1]	Time 0.143 (0.143)	Loss 2.7237 (2.7237)	ERR 0.293 (0.293)
 * ERR 0.293 LOSS 2.724
Epoch: [32][0/6]	Time 0.728 (0.728)	Data 0.002 (0.002)	Loss 0.3286 (0.3286)	ERR 0.096 (0.096)
Training Error: 0.132  Loss: 0.550
Test: [0/1]	Time 0.031 (0.031)	Loss 2.2325 (2.2325)	ERR 0.258 (0.258)
 * ERR 0.258 LOSS 2.232
Epoch: [33][0/6]	Time 0.375 (0.375)	Data 0.001 (0.001)	Loss 0.5355 (0.5355)	ERR 0.129 (0.129)
Training Error: 0.127  Loss: 0.539
Test: [0/1]	Time 0.036 (0.036)	Loss 2.0927 (2.0927)	ERR 0.257 (0.257)
 * ERR 0.257 LOSS 2.093
Epoch: [34][0/6]	Time 0.464 (0.464)	Data 0.001 (0.001)	Loss 0.4522 (0.4522)	ERR 0.118 (0.118)
Training Error: 0.135  Loss: 0.538
Test: [0/1]	Time 0.032 (0.032)	Loss 2.3301 (2.3301)	ERR 0.267 (0.267)
 * ERR 0.267 LOSS 2.330
Epoch: [35][0/6]	Time 0.407 (0.407)	Data 0.002 (0.002)	Loss 0.4155 (0.4155)	ERR 0.110 (0.110)
Training Error: 0.118  Loss: 0.499
Test: [0/1]	Time 0.029 (0.029)	Loss 1.8117 (1.8117)	ERR 0.274 (0.274)
 * ERR 0.274 LOSS 1.812
Epoch: [36][0/6]	Time 0.379 (0.379)	Data 0.001 (0.001)	Loss 0.4559 (0.4559)	ERR 0.152 (0.152)
Training Error: 0.132  Loss: 0.590
Test: [0/1]	Time 0.034 (0.034)	Loss 1.9355 (1.9355)	ERR 0.254 (0.254)
 * ERR 0.254 LOSS 1.935
Epoch: [37][0/6]	Time 0.445 (0.445)	Data 0.001 (0.001)	Loss 0.2441 (0.2441)	ERR 0.086 (0.086)
Training Error: 0.107  Loss: 0.430
Test: [0/1]	Time 0.040 (0.040)	Loss 2.2704 (2.2704)	ERR 0.260 (0.260)
 * ERR 0.260 LOSS 2.270
Epoch: [38][0/6]	Time 0.442 (0.442)	Data 0.001 (0.001)	Loss 0.6710 (0.6710)	ERR 0.130 (0.130)
Training Error: 0.129  Loss: 0.508
Test: [0/1]	Time 0.030 (0.030)	Loss 3.1237 (3.1237)	ERR 0.325 (0.325)
 * ERR 0.325 LOSS 3.124
Epoch: [39][0/6]	Time 0.407 (0.407)	Data 0.001 (0.001)	Loss 0.7302 (0.7302)	ERR 0.165 (0.165)
Training Error: 0.125  Loss: 0.467
Test: [0/1]	Time 0.030 (0.030)	Loss 1.9492 (1.9492)	ERR 0.265 (0.265)
 * ERR 0.265 LOSS 1.949
Epoch: [40][0/6]	Time 0.305 (0.305)	Data 0.001 (0.001)	Loss 0.6320 (0.6320)	ERR 0.150 (0.150)
Training Error: 0.112  Loss: 0.408
Test: [0/1]	Time 0.030 (0.030)	Loss 2.5280 (2.5280)	ERR 0.289 (0.289)
 * ERR 0.289 LOSS 2.528
Epoch: [41][0/6]	Time 0.532 (0.532)	Data 0.002 (0.002)	Loss 0.7951 (0.7951)	ERR 0.159 (0.159)
Training Error: 0.128  Loss: 0.464
Test: [0/1]	Time 0.032 (0.032)	Loss 2.6477 (2.6477)	ERR 0.298 (0.298)
 * ERR 0.298 LOSS 2.648
Epoch: [42][0/6]	Time 0.659 (0.659)	Data 0.001 (0.001)	Loss 0.4270 (0.4270)	ERR 0.106 (0.106)
Training Error: 0.118  Loss: 0.434
Test: [0/1]	Time 0.031 (0.031)	Loss 2.4772 (2.4772)	ERR 0.281 (0.281)
 * ERR 0.281 LOSS 2.477
Epoch: [43][0/6]	Time 0.418 (0.418)	Data 0.001 (0.001)	Loss 0.4485 (0.4485)	ERR 0.101 (0.101)
Training Error: 0.107  Loss: 0.396
Test: [0/1]	Time 0.031 (0.031)	Loss 2.4242 (2.4242)	ERR 0.277 (0.277)
 * ERR 0.277 LOSS 2.424
Epoch: [44][0/6]	Time 0.350 (0.350)	Data 0.001 (0.001)	Loss 0.2508 (0.2508)	ERR 0.076 (0.076)
Training Error: 0.098  Loss: 0.358
Test: [0/1]	Time 0.032 (0.032)	Loss 1.9710 (1.9710)	ERR 0.264 (0.264)
 * ERR 0.264 LOSS 1.971
Epoch: [45][0/6]	Time 0.461 (0.461)	Data 0.001 (0.001)	Loss 0.3120 (0.3120)	ERR 0.111 (0.111)
Training Error: 0.118  Loss: 0.385
Test: [0/1]	Time 0.031 (0.031)	Loss 2.4264 (2.4264)	ERR 0.268 (0.268)
 * ERR 0.268 LOSS 2.426
Epoch: [46][0/6]	Time 0.343 (0.343)	Data 0.001 (0.001)	Loss 0.3665 (0.3665)	ERR 0.098 (0.098)
Training Error: 0.113  Loss: 0.422
Test: [0/1]	Time 0.033 (0.033)	Loss 2.3180 (2.3180)	ERR 0.276 (0.276)
 * ERR 0.276 LOSS 2.318
Epoch: [47][0/6]	Time 0.298 (0.298)	Data 0.001 (0.001)	Loss 0.3036 (0.3036)	ERR 0.104 (0.104)
Training Error: 0.103  Loss: 0.366
Test: [0/1]	Time 0.032 (0.032)	Loss 2.8524 (2.8524)	ERR 0.310 (0.310)
 * ERR 0.310 LOSS 2.852
Epoch: [48][0/6]	Time 0.371 (0.371)	Data 0.001 (0.001)	Loss 0.7176 (0.7176)	ERR 0.150 (0.150)
Training Error: 0.121  Loss: 0.468
Test: [0/1]	Time 0.034 (0.034)	Loss 2.8057 (2.8057)	ERR 0.293 (0.293)
 * ERR 0.293 LOSS 2.806
Epoch: [49][0/6]	Time 0.410 (0.410)	Data 0.002 (0.002)	Loss 0.2398 (0.2398)	ERR 0.079 (0.079)
Training Error: 0.101  Loss: 0.388
Test: [0/1]	Time 0.032 (0.032)	Loss 2.3387 (2.3387)	ERR 0.264 (0.264)
 * ERR 0.264 LOSS 2.339
Epoch: [50][0/6]	Time 0.339 (0.339)	Data 0.001 (0.001)	Loss 0.2986 (0.2986)	ERR 0.094 (0.094)
Training Error: 0.106  Loss: 0.392
Test: [0/1]	Time 0.032 (0.032)	Loss 2.1098 (2.1098)	ERR 0.253 (0.253)
 * ERR 0.253 LOSS 2.110
Epoch: [51][0/6]	Time 0.400 (0.400)	Data 0.001 (0.001)	Loss 0.3367 (0.3367)	ERR 0.088 (0.088)
Training Error: 0.118  Loss: 0.409
Test: [0/1]	Time 0.031 (0.031)	Loss 1.8372 (1.8372)	ERR 0.264 (0.264)
 * ERR 0.264 LOSS 1.837
Epoch: [52][0/6]	Time 0.458 (0.458)	Data 0.001 (0.001)	Loss 0.4279 (0.4279)	ERR 0.131 (0.131)
Training Error: 0.125  Loss: 0.440
Test: [0/1]	Time 0.032 (0.032)	Loss 1.8589 (1.8589)	ERR 0.288 (0.288)
 * ERR 0.288 LOSS 1.859
Epoch: [53][0/6]	Time 0.326 (0.326)	Data 0.001 (0.001)	Loss 0.4903 (0.4903)	ERR 0.164 (0.164)
Training Error: 0.142  Loss: 0.461
Test: [0/1]	Time 0.030 (0.030)	Loss 2.3573 (2.3573)	ERR 0.298 (0.298)
 * ERR 0.298 LOSS 2.357
Epoch: [54][0/6]	Time 0.401 (0.401)	Data 0.001 (0.001)	Loss 0.4157 (0.4157)	ERR 0.125 (0.125)
Training Error: 0.179  Loss: 0.669
Test: [0/1]	Time 0.030 (0.030)	Loss 3.3577 (3.3577)	ERR 0.348 (0.348)
 * ERR 0.348 LOSS 3.358
Epoch: [55][0/6]	Time 0.327 (0.327)	Data 0.001 (0.001)	Loss 0.6035 (0.6035)	ERR 0.182 (0.182)
Training Error: 0.148  Loss: 0.492
Test: [0/1]	Time 0.031 (0.031)	Loss 2.0208 (2.0208)	ERR 0.281 (0.281)
 * ERR 0.281 LOSS 2.021
Epoch: [56][0/6]	Time 0.365 (0.365)	Data 0.001 (0.001)	Loss 0.4573 (0.4573)	ERR 0.158 (0.158)
Training Error: 0.130  Loss: 0.507
Test: [0/1]	Time 0.031 (0.031)	Loss 2.2517 (2.2517)	ERR 0.275 (0.275)
 * ERR 0.275 LOSS 2.252
Epoch: [57][0/6]	Time 0.317 (0.317)	Data 0.001 (0.001)	Loss 0.2060 (0.2060)	ERR 0.090 (0.090)
Training Error: 0.112  Loss: 0.333
Test: [0/1]	Time 0.033 (0.033)	Loss 2.7997 (2.7997)	ERR 0.296 (0.296)
 * ERR 0.296 LOSS 2.800
Epoch: [58][0/6]	Time 0.399 (0.399)	Data 0.001 (0.001)	Loss 0.3413 (0.3413)	ERR 0.103 (0.103)
Training Error: 0.112  Loss: 0.405
Test: [0/1]	Time 0.032 (0.032)	Loss 2.2610 (2.2610)	ERR 0.302 (0.302)
 * ERR 0.302 LOSS 2.261
Epoch: [59][0/6]	Time 0.343 (0.343)	Data 0.001 (0.001)	Loss 0.3283 (0.3283)	ERR 0.105 (0.105)
Training Error: 0.093  Loss: 0.286
Test: [0/1]	Time 0.031 (0.031)	Loss 2.7428 (2.7428)	ERR 0.285 (0.285)
 * ERR 0.285 LOSS 2.743
Epoch: [60][0/6]	Time 0.307 (0.307)	Data 0.001 (0.001)	Loss 0.1218 (0.1218)	ERR 0.071 (0.071)
Training Error: 0.102  Loss: 0.314
Test: [0/1]	Time 0.030 (0.030)	Loss 2.7621 (2.7621)	ERR 0.285 (0.285)
 * ERR 0.285 LOSS 2.762
Epoch: [61][0/6]	Time 0.454 (0.454)	Data 0.001 (0.001)	Loss 0.3318 (0.3318)	ERR 0.104 (0.104)
Training Error: 0.108  Loss: 0.327
Test: [0/1]	Time 0.030 (0.030)	Loss 2.0800 (2.0800)	ERR 0.335 (0.335)
 * ERR 0.335 LOSS 2.080
Epoch: [62][0/6]	Time 0.341 (0.341)	Data 0.001 (0.001)	Loss 0.6567 (0.6567)	ERR 0.194 (0.194)
Training Error: 0.164  Loss: 0.548
Test: [0/1]	Time 0.032 (0.032)	Loss 3.2681 (3.2681)	ERR 0.336 (0.336)
 * ERR 0.336 LOSS 3.268
Epoch: [63][0/6]	Time 0.263 (0.263)	Data 0.001 (0.001)	Loss 0.3073 (0.3073)	ERR 0.116 (0.116)
Training Error: 0.124  Loss: 0.381
Test: [0/1]	Time 0.032 (0.032)	Loss 2.9841 (2.9841)	ERR 0.321 (0.321)
 * ERR 0.321 LOSS 2.984
Epoch: [64][0/6]	Time 0.428 (0.428)	Data 0.001 (0.001)	Loss 0.1189 (0.1189)	ERR 0.069 (0.069)
Training Error: 0.111  Loss: 0.332
Test: [0/1]	Time 0.032 (0.032)	Loss 2.1570 (2.1570)	ERR 0.298 (0.298)
 * ERR 0.298 LOSS 2.157
Epoch: [65][0/6]	Time 0.277 (0.277)	Data 0.001 (0.001)	Loss 0.4492 (0.4492)	ERR 0.148 (0.148)
Training Error: 0.118  Loss: 0.354
Test: [0/1]	Time 0.033 (0.033)	Loss 2.6666 (2.6666)	ERR 0.292 (0.292)
 * ERR 0.292 LOSS 2.667
Epoch: [66][0/6]	Time 0.381 (0.381)	Data 0.001 (0.001)	Loss 0.3455 (0.3455)	ERR 0.109 (0.109)
Training Error: 0.117  Loss: 0.338
Test: [0/1]	Time 0.032 (0.032)	Loss 3.4552 (3.4552)	ERR 0.336 (0.336)
 * ERR 0.336 LOSS 3.455
Epoch: [67][0/6]	Time 0.293 (0.293)	Data 0.001 (0.001)	Loss 0.3176 (0.3176)	ERR 0.098 (0.098)
Training Error: 0.095  Loss: 0.275
Test: [0/1]	Time 0.032 (0.032)	Loss 1.9645 (1.9645)	ERR 0.258 (0.258)
 * ERR 0.258 LOSS 1.965
Epoch: [68][0/6]	Time 0.335 (0.335)	Data 0.001 (0.001)	Loss 0.4274 (0.4274)	ERR 0.120 (0.120)
Training Error: 0.102  Loss: 0.334
Test: [0/1]	Time 0.037 (0.037)	Loss 2.1530 (2.1530)	ERR 0.230 (0.230)
 * ERR 0.230 LOSS 2.153
Saving best parameters...
Epoch: [69][0/6]	Time 0.483 (0.483)	Data 0.002 (0.002)	Loss 0.4724 (0.4724)	ERR 0.106 (0.106)
Training Error: 0.097  Loss: 0.363
Test: [0/1]	Time 0.033 (0.033)	Loss 1.9434 (1.9434)	ERR 0.254 (0.254)
 * ERR 0.254 LOSS 1.943
Epoch: [70][0/6]	Time 0.349 (0.349)	Data 0.001 (0.001)	Loss 0.3227 (0.3227)	ERR 0.116 (0.116)
Training Error: 0.141  Loss: 0.460
Test: [0/1]	Time 0.032 (0.032)	Loss 3.1971 (3.1971)	ERR 0.329 (0.329)
 * ERR 0.329 LOSS 3.197
Epoch: [71][0/6]	Time 0.402 (0.402)	Data 0.001 (0.001)	Loss 0.8442 (0.8442)	ERR 0.199 (0.199)
Training Error: 0.135  Loss: 0.444
Test: [0/1]	Time 0.031 (0.031)	Loss 2.5330 (2.5330)	ERR 0.291 (0.291)
 * ERR 0.291 LOSS 2.533
Epoch: [72][0/6]	Time 0.279 (0.279)	Data 0.002 (0.002)	Loss 0.5750 (0.5750)	ERR 0.130 (0.130)
Training Error: 0.098  Loss: 0.337
Test: [0/1]	Time 0.032 (0.032)	Loss 2.2859 (2.2859)	ERR 0.296 (0.296)
 * ERR 0.296 LOSS 2.286
Epoch: [73][0/6]	Time 0.351 (0.351)	Data 0.001 (0.001)	Loss 0.1927 (0.1927)	ERR 0.092 (0.092)
Training Error: 0.092  Loss: 0.276
Test: [0/1]	Time 0.032 (0.032)	Loss 2.1337 (2.1337)	ERR 0.285 (0.285)
 * ERR 0.285 LOSS 2.134
Epoch: [74][0/6]	Time 0.378 (0.378)	Data 0.001 (0.001)	Loss 0.1976 (0.1976)	ERR 0.085 (0.085)
Training Error: 0.099  Loss: 0.277
Test: [0/1]	Time 0.030 (0.030)	Loss 3.0382 (3.0382)	ERR 0.291 (0.291)
 * ERR 0.291 LOSS 3.038
Epoch: [75][0/6]	Time 0.301 (0.301)	Data 0.001 (0.001)	Loss 0.6640 (0.6640)	ERR 0.174 (0.174)
Training Error: 0.152  Loss: 0.485
Test: [0/1]	Time 0.032 (0.032)	Loss 2.3251 (2.3251)	ERR 0.264 (0.264)
 * ERR 0.264 LOSS 2.325
Epoch: [76][0/6]	Time 0.289 (0.289)	Data 0.001 (0.001)	Loss 0.3138 (0.3138)	ERR 0.105 (0.105)
Training Error: 0.116  Loss: 0.352
Test: [0/1]	Time 0.034 (0.034)	Loss 1.9454 (1.9454)	ERR 0.261 (0.261)
 * ERR 0.261 LOSS 1.945
Epoch: [77][0/6]	Time 0.323 (0.323)	Data 0.002 (0.002)	Loss 0.2933 (0.2933)	ERR 0.126 (0.126)
Training Error: 0.117  Loss: 0.324
Test: [0/1]	Time 0.031 (0.031)	Loss 2.1743 (2.1743)	ERR 0.244 (0.244)
 * ERR 0.244 LOSS 2.174
Epoch: [78][0/6]	Time 0.327 (0.327)	Data 0.001 (0.001)	Loss 0.1948 (0.1948)	ERR 0.075 (0.075)
Training Error: 0.099  Loss: 0.260
Test: [0/1]	Time 0.032 (0.032)	Loss 2.7847 (2.7847)	ERR 0.296 (0.296)
 * ERR 0.296 LOSS 2.785
Epoch: [79][0/6]	Time 0.431 (0.431)	Data 0.001 (0.001)	Loss 0.2134 (0.2134)	ERR 0.105 (0.105)
Training Error: 0.123  Loss: 0.357
Test: [0/1]	Time 0.060 (0.060)	Loss 2.2400 (2.2400)	ERR 0.254 (0.254)
 * ERR 0.254 LOSS 2.240
Epoch: [80][0/6]	Time 0.376 (0.376)	Data 0.001 (0.001)	Loss 0.3562 (0.3562)	ERR 0.086 (0.086)
Training Error: 0.100  Loss: 0.285
Test: [0/1]	Time 0.032 (0.032)	Loss 2.1032 (2.1032)	ERR 0.286 (0.286)
 * ERR 0.286 LOSS 2.103
Epoch: [81][0/6]	Time 0.374 (0.374)	Data 0.002 (0.002)	Loss 0.4734 (0.4734)	ERR 0.164 (0.164)
Training Error: 0.150  Loss: 0.478
Test: [0/1]	Time 0.033 (0.033)	Loss 3.8144 (3.8144)	ERR 0.400 (0.400)
 * ERR 0.400 LOSS 3.814
Epoch: [82][0/6]	Time 0.718 (0.718)	Data 0.001 (0.001)	Loss 0.4376 (0.4376)	ERR 0.159 (0.159)
Training Error: 0.138  Loss: 0.405
Test: [0/1]	Time 0.039 (0.039)	Loss 2.4319 (2.4319)	ERR 0.282 (0.282)
 * ERR 0.282 LOSS 2.432
Epoch: [83][0/6]	Time 0.398 (0.398)	Data 0.002 (0.002)	Loss 0.5917 (0.5917)	ERR 0.140 (0.140)
Training Error: 0.105  Loss: 0.333
Test: [0/1]	Time 0.031 (0.031)	Loss 2.2848 (2.2848)	ERR 0.290 (0.290)
 * ERR 0.290 LOSS 2.285
Epoch: [84][0/6]	Time 0.397 (0.397)	Data 0.001 (0.001)	Loss 0.5380 (0.5380)	ERR 0.134 (0.134)
Training Error: 0.102  Loss: 0.306
Test: [0/1]	Time 0.032 (0.032)	Loss 2.6639 (2.6639)	ERR 0.297 (0.297)
 * ERR 0.297 LOSS 2.664
Epoch: [85][0/6]	Time 0.423 (0.423)	Data 0.001 (0.001)	Loss 0.1782 (0.1782)	ERR 0.077 (0.077)
Training Error: 0.098  Loss: 0.259
Test: [0/1]	Time 0.033 (0.033)	Loss 2.7571 (2.7571)	ERR 0.290 (0.290)
 * ERR 0.290 LOSS 2.757
Epoch: [86][0/6]	Time 0.337 (0.337)	Data 0.001 (0.001)	Loss 0.3684 (0.3684)	ERR 0.114 (0.114)
Training Error: 0.122  Loss: 0.425
Test: [0/1]	Time 0.032 (0.032)	Loss 2.1600 (2.1600)	ERR 0.271 (0.271)
 * ERR 0.271 LOSS 2.160
Epoch: [87][0/6]	Time 0.387 (0.387)	Data 0.001 (0.001)	Loss 0.1981 (0.1981)	ERR 0.096 (0.096)
Training Error: 0.101  Loss: 0.296
Test: [0/1]	Time 0.031 (0.031)	Loss 2.0844 (2.0844)	ERR 0.290 (0.290)
 * ERR 0.290 LOSS 2.084
Epoch: [88][0/6]	Time 0.350 (0.350)	Data 0.001 (0.001)	Loss 0.1896 (0.1896)	ERR 0.096 (0.096)
Training Error: 0.115  Loss: 0.327
Test: [0/1]	Time 0.031 (0.031)	Loss 2.3785 (2.3785)	ERR 0.274 (0.274)
 * ERR 0.274 LOSS 2.378
Epoch: [89][0/6]	Time 0.238 (0.238)	Data 0.001 (0.001)	Loss 0.3847 (0.3847)	ERR 0.122 (0.122)
Training Error: 0.184  Loss: 0.697
Test: [0/1]	Time 0.031 (0.031)	Loss 2.8241 (2.8241)	ERR 0.307 (0.307)
 * ERR 0.307 LOSS 2.824
Epoch: [90][0/6]	Time 0.475 (0.475)	Data 0.002 (0.002)	Loss 0.4608 (0.4608)	ERR 0.140 (0.140)
Training Error: 0.149  Loss: 0.495
Test: [0/1]	Time 0.028 (0.028)	Loss 2.0551 (2.0551)	ERR 0.299 (0.299)
 * ERR 0.299 LOSS 2.055
Epoch: [91][0/6]	Time 0.370 (0.370)	Data 0.001 (0.001)	Loss 0.7830 (0.7830)	ERR 0.212 (0.212)
Training Error: 0.146  Loss: 0.465
Test: [0/1]	Time 0.031 (0.031)	Loss 2.5978 (2.5978)	ERR 0.293 (0.293)
 * ERR 0.293 LOSS 2.598
Epoch: [92][0/6]	Time 0.357 (0.357)	Data 0.001 (0.001)	Loss 0.1446 (0.1446)	ERR 0.074 (0.074)
Training Error: 0.098  Loss: 0.291
Test: [0/1]	Time 0.033 (0.033)	Loss 2.8483 (2.8483)	ERR 0.300 (0.300)
 * ERR 0.300 LOSS 2.848
Epoch: [93][0/6]	Time 0.309 (0.309)	Data 0.001 (0.001)	Loss 0.0761 (0.0761)	ERR 0.052 (0.052)
Training Error: 0.092  Loss: 0.273
Test: [0/1]	Time 0.033 (0.033)	Loss 2.4928 (2.4928)	ERR 0.284 (0.284)
 * ERR 0.284 LOSS 2.493
Epoch: [94][0/6]	Time 0.315 (0.315)	Data 0.001 (0.001)	Loss 0.3007 (0.3007)	ERR 0.091 (0.091)
Training Error: 0.086  Loss: 0.252
Test: [0/1]	Time 0.032 (0.032)	Loss 2.2850 (2.2850)	ERR 0.274 (0.274)
 * ERR 0.274 LOSS 2.285
Epoch: [95][0/6]	Time 0.283 (0.283)	Data 0.001 (0.001)	Loss 0.1345 (0.1345)	ERR 0.071 (0.071)
Training Error: 0.092  Loss: 0.259
Test: [0/1]	Time 0.030 (0.030)	Loss 2.6875 (2.6875)	ERR 0.295 (0.295)
 * ERR 0.295 LOSS 2.688
Epoch: [96][0/6]	Time 0.241 (0.241)	Data 0.001 (0.001)	Loss 0.3123 (0.3123)	ERR 0.120 (0.120)
Training Error: 0.092  Loss: 0.238
Test: [0/1]	Time 0.031 (0.031)	Loss 2.7540 (2.7540)	ERR 0.302 (0.302)
 * ERR 0.302 LOSS 2.754
Epoch: [97][0/6]	Time 0.382 (0.382)	Data 0.002 (0.002)	Loss 0.1623 (0.1623)	ERR 0.062 (0.062)
Training Error: 0.093  Loss: 0.278
Test: [0/1]	Time 0.033 (0.033)	Loss 2.5010 (2.5010)	ERR 0.285 (0.285)
 * ERR 0.285 LOSS 2.501
Epoch: [98][0/6]	Time 0.282 (0.282)	Data 0.001 (0.001)	Loss 0.2744 (0.2744)	ERR 0.079 (0.079)
Training Error: 0.080  Loss: 0.201
Test: [0/1]	Time 0.032 (0.032)	Loss 2.4397 (2.4397)	ERR 0.280 (0.280)
 * ERR 0.280 LOSS 2.440
Epoch: [99][0/6]	Time 0.291 (0.291)	Data 0.001 (0.001)	Loss 0.2370 (0.2370)	ERR 0.078 (0.078)
Training Error: 0.092  Loss: 0.288
Test: [0/1]	Time 0.032 (0.032)	Loss 2.1737 (2.1737)	ERR 0.274 (0.274)
 * ERR 0.274 LOSS 2.174
Epoch: [100][0/6]	Time 0.367 (0.367)	Data 0.002 (0.002)	Loss 0.4644 (0.4644)	ERR 0.121 (0.121)
Training Error: 0.095  Loss: 0.296
Test: [0/1]	Time 0.035 (0.035)	Loss 2.3250 (2.3250)	ERR 0.283 (0.283)
 * ERR 0.283 LOSS 2.325
Epoch: [101][0/6]	Time 0.327 (0.327)	Data 0.001 (0.001)	Loss 0.2256 (0.2256)	ERR 0.100 (0.100)
Training Error: 0.121  Loss: 0.334
Test: [0/1]	Time 0.031 (0.031)	Loss 3.5329 (3.5329)	ERR 0.382 (0.382)
 * ERR 0.382 LOSS 3.533
Epoch: [102][0/6]	Time 0.426 (0.426)	Data 0.001 (0.001)	Loss 0.2578 (0.2578)	ERR 0.108 (0.108)
Training Error: 0.096  Loss: 0.251
Test: [0/1]	Time 0.031 (0.031)	Loss 2.3859 (2.3859)	ERR 0.277 (0.277)
 * ERR 0.277 LOSS 2.386
Epoch: [103][0/6]	Time 0.422 (0.422)	Data 0.002 (0.002)	Loss 0.2374 (0.2374)	ERR 0.081 (0.081)
Training Error: 0.116  Loss: 0.412
Test: [0/1]	Time 0.033 (0.033)	Loss 1.7152 (1.7152)	ERR 0.273 (0.273)
 * ERR 0.273 LOSS 1.715
Epoch: [104][0/6]	Time 0.365 (0.365)	Data 0.001 (0.001)	Loss 0.5348 (0.5348)	ERR 0.160 (0.160)
Training Error: 0.113  Loss: 0.363
Test: [0/1]	Time 0.032 (0.032)	Loss 2.0363 (2.0363)	ERR 0.250 (0.250)
 * ERR 0.250 LOSS 2.036
Epoch: [105][0/6]	Time 0.307 (0.307)	Data 0.001 (0.001)	Loss 0.6812 (0.6812)	ERR 0.141 (0.141)
Training Error: 0.127  Loss: 0.381
Test: [0/1]	Time 0.031 (0.031)	Loss 2.5092 (2.5092)	ERR 0.294 (0.294)
 * ERR 0.294 LOSS 2.509
Epoch: [106][0/6]	Time 0.436 (0.436)	Data 0.002 (0.002)	Loss 0.3498 (0.3498)	ERR 0.130 (0.130)
Training Error: 0.118  Loss: 0.364
Test: [0/1]	Time 0.032 (0.032)	Loss 1.9753 (1.9753)	ERR 0.274 (0.274)
 * ERR 0.274 LOSS 1.975
Epoch: [107][0/6]	Time 0.315 (0.315)	Data 0.001 (0.001)	Loss 0.4659 (0.4659)	ERR 0.137 (0.137)
Training Error: 0.126  Loss: 0.423
Test: [0/1]	Time 0.031 (0.031)	Loss 1.9101 (1.9101)	ERR 0.287 (0.287)
 * ERR 0.287 LOSS 1.910
Epoch: [108][0/6]	Time 0.356 (0.356)	Data 0.001 (0.001)	Loss 0.3445 (0.3445)	ERR 0.140 (0.140)
Training Error: 0.226  Loss: 0.911
Test: [0/1]	Time 0.032 (0.032)	Loss 2.9764 (2.9764)	ERR 0.334 (0.334)
 * ERR 0.334 LOSS 2.976
Epoch: [109][0/6]	Time 0.297 (0.297)	Data 0.001 (0.001)	Loss 0.3936 (0.3936)	ERR 0.136 (0.136)
Training Error: 0.114  Loss: 0.373
Test: [0/1]	Time 0.034 (0.034)	Loss 1.9302 (1.9302)	ERR 0.280 (0.280)
 * ERR 0.280 LOSS 1.930
Epoch: [110][0/6]	Time 0.363 (0.363)	Data 0.001 (0.001)	Loss 0.3793 (0.3793)	ERR 0.137 (0.137)
Training Error: 0.113  Loss: 0.331
Test: [0/1]	Time 0.035 (0.035)	Loss 2.9489 (2.9489)	ERR 0.323 (0.323)
 * ERR 0.323 LOSS 2.949
Epoch: [111][0/6]	Time 0.479 (0.479)	Data 0.001 (0.001)	Loss 0.3228 (0.3228)	ERR 0.127 (0.127)
Training Error: 0.118  Loss: 0.353
Test: [0/1]	Time 0.042 (0.042)	Loss 1.9178 (1.9178)	ERR 0.265 (0.265)
 * ERR 0.265 LOSS 1.918
Epoch: [112][0/6]	Time 0.383 (0.383)	Data 0.001 (0.001)	Loss 0.2207 (0.2207)	ERR 0.104 (0.104)
Training Error: 0.107  Loss: 0.311
Test: [0/1]	Time 0.032 (0.032)	Loss 3.0831 (3.0831)	ERR 0.340 (0.340)
 * ERR 0.340 LOSS 3.083
Epoch: [113][0/6]	Time 0.334 (0.334)	Data 0.001 (0.001)	Loss 0.2189 (0.2189)	ERR 0.094 (0.094)
Training Error: 0.130  Loss: 0.395
Test: [0/1]	Time 0.035 (0.035)	Loss 2.2763 (2.2763)	ERR 0.275 (0.275)
 * ERR 0.275 LOSS 2.276
Epoch: [114][0/6]	Time 0.397 (0.397)	Data 0.001 (0.001)	Loss 0.2904 (0.2904)	ERR 0.105 (0.105)
Training Error: 0.097  Loss: 0.268
Test: [0/1]	Time 0.032 (0.032)	Loss 2.4213 (2.4213)	ERR 0.267 (0.267)
 * ERR 0.267 LOSS 2.421
Epoch: [115][0/6]	Time 0.284 (0.284)	Data 0.001 (0.001)	Loss 0.1290 (0.1290)	ERR 0.066 (0.066)
Training Error: 0.077  Loss: 0.200
Test: [0/1]	Time 0.033 (0.033)	Loss 1.9671 (1.9671)	ERR 0.248 (0.248)
 * ERR 0.248 LOSS 1.967
Epoch: [116][0/6]	Time 0.426 (0.426)	Data 0.002 (0.002)	Loss 0.2607 (0.2607)	ERR 0.108 (0.108)
Training Error: 0.083  Loss: 0.211
Test: [0/1]	Time 0.030 (0.030)	Loss 2.2270 (2.2270)	ERR 0.255 (0.255)
 * ERR 0.255 LOSS 2.227
Epoch: [117][0/6]	Time 0.370 (0.370)	Data 0.001 (0.001)	Loss 0.1986 (0.1986)	ERR 0.073 (0.073)
Training Error: 0.093  Loss: 0.229
Test: [0/1]	Time 0.032 (0.032)	Loss 2.7067 (2.7067)	ERR 0.305 (0.305)
 * ERR 0.305 LOSS 2.707
Epoch: [118][0/6]	Time 0.415 (0.415)	Data 0.001 (0.001)	Loss 0.1978 (0.1978)	ERR 0.088 (0.088)
Training Error: 0.102  Loss: 0.256
Test: [0/1]	Time 0.032 (0.032)	Loss 2.0219 (2.0219)	ERR 0.258 (0.258)
 * ERR 0.258 LOSS 2.022
Epoch: [119][0/6]	Time 0.375 (0.375)	Data 0.001 (0.001)	Loss 0.2373 (0.2373)	ERR 0.097 (0.097)
Training Error: 0.090  Loss: 0.233
Test: [0/1]	Time 0.032 (0.032)	Loss 1.7987 (1.7987)	ERR 0.257 (0.257)
 * ERR 0.257 LOSS 1.799
Epoch: [120][0/6]	Time 0.373 (0.373)	Data 0.001 (0.001)	Loss 0.3158 (0.3158)	ERR 0.127 (0.127)
Training Error: 0.117  Loss: 0.307
Test: [0/1]	Time 0.033 (0.033)	Loss 3.0838 (3.0838)	ERR 0.316 (0.316)
 * ERR 0.316 LOSS 3.084
Epoch: [121][0/6]	Time 0.484 (0.484)	Data 0.001 (0.001)	Loss 0.4841 (0.4841)	ERR 0.114 (0.114)
Training Error: 0.111  Loss: 0.357
Test: [0/1]	Time 0.032 (0.032)	Loss 2.7239 (2.7239)	ERR 0.307 (0.307)
 * ERR 0.307 LOSS 2.724
Epoch: [122][0/6]	Time 0.320 (0.320)	Data 0.001 (0.001)	Loss 0.2055 (0.2055)	ERR 0.099 (0.099)
Training Error: 0.116  Loss: 0.328
Test: [0/1]	Time 0.032 (0.032)	Loss 2.0113 (2.0113)	ERR 0.292 (0.292)
 * ERR 0.292 LOSS 2.011
Epoch: [123][0/6]	Time 0.324 (0.324)	Data 0.001 (0.001)	Loss 0.3209 (0.3209)	ERR 0.116 (0.116)
Training Error: 0.095  Loss: 0.231
Test: [0/1]	Time 0.034 (0.034)	Loss 3.0225 (3.0225)	ERR 0.344 (0.344)
 * ERR 0.344 LOSS 3.022
Epoch: [124][0/6]	Time 0.352 (0.352)	Data 0.001 (0.001)	Loss 0.1434 (0.1434)	ERR 0.079 (0.079)
Training Error: 0.096  Loss: 0.268
Test: [0/1]	Time 0.050 (0.050)	Loss 2.5011 (2.5011)	ERR 0.306 (0.306)
 * ERR 0.306 LOSS 2.501
Epoch: [125][0/6]	Time 0.411 (0.411)	Data 0.002 (0.002)	Loss 0.1395 (0.1395)	ERR 0.073 (0.073)
Training Error: 0.084  Loss: 0.246
Test: [0/1]	Time 0.045 (0.045)	Loss 2.7369 (2.7369)	ERR 0.306 (0.306)
 * ERR 0.306 LOSS 2.737
Epoch: [126][0/6]	Time 0.472 (0.472)	Data 0.002 (0.002)	Loss 0.1860 (0.1860)	ERR 0.076 (0.076)
Training Error: 0.080  Loss: 0.223
Test: [0/1]	Time 0.047 (0.047)	Loss 2.6711 (2.6711)	ERR 0.299 (0.299)
 * ERR 0.299 LOSS 2.671
Epoch: [127][0/6]	Time 0.575 (0.575)	Data 0.002 (0.002)	Loss 0.1728 (0.1728)	ERR 0.073 (0.073)
Training Error: 0.078  Loss: 0.218
Test: [0/1]	Time 0.044 (0.044)	Loss 2.4797 (2.4797)	ERR 0.292 (0.292)
 * ERR 0.292 LOSS 2.480
Epoch: [128][0/6]	Time 0.597 (0.597)	Data 0.002 (0.002)	Loss 0.3034 (0.3034)	ERR 0.084 (0.084)
Training Error: 0.072  Loss: 0.178
Test: [0/1]	Time 0.044 (0.044)	Loss 2.4089 (2.4089)	ERR 0.288 (0.288)
 * ERR 0.288 LOSS 2.409
Epoch: [129][0/6]	Time 0.500 (0.500)	Data 0.002 (0.002)	Loss 0.1002 (0.1002)	ERR 0.052 (0.052)
Training Error: 0.070  Loss: 0.158
Test: [0/1]	Time 0.042 (0.042)	Loss 2.3710 (2.3710)	ERR 0.277 (0.277)
 * ERR 0.277 LOSS 2.371
Epoch: [130][0/6]	Time 0.588 (0.588)	Data 0.002 (0.002)	Loss 0.1680 (0.1680)	ERR 0.064 (0.064)
Training Error: 0.067  Loss: 0.149
Test: [0/1]	Time 0.046 (0.046)	Loss 2.0225 (2.0225)	ERR 0.285 (0.285)
 * ERR 0.285 LOSS 2.022
Epoch: [131][0/6]	Time 0.606 (0.606)	Data 0.002 (0.002)	Loss 0.2234 (0.2234)	ERR 0.110 (0.110)
Training Error: 0.097  Loss: 0.211
Test: [0/1]	Time 0.083 (0.083)	Loss 3.1962 (3.1962)	ERR 0.350 (0.350)
 * ERR 0.350 LOSS 3.196
Epoch: [132][0/6]	Time 0.795 (0.795)	Data 0.002 (0.002)	Loss 0.3875 (0.3875)	ERR 0.150 (0.150)
Training Error: 0.110  Loss: 0.250
Test: [0/1]	Time 0.070 (0.070)	Loss 2.1588 (2.1588)	ERR 0.271 (0.271)
 * ERR 0.271 LOSS 2.159
Epoch: [133][0/6]	Time 0.821 (0.821)	Data 0.003 (0.003)	Loss 0.2273 (0.2273)	ERR 0.094 (0.094)
Training Error: 0.103  Loss: 0.246
Test: [0/1]	Time 0.073 (0.073)	Loss 1.9286 (1.9286)	ERR 0.280 (0.280)
 * ERR 0.280 LOSS 1.929
Epoch: [134][0/6]	Time 0.775 (0.775)	Data 0.003 (0.003)	Loss 0.2026 (0.2026)	ERR 0.091 (0.091)
Training Error: 0.102  Loss: 0.249
Test: [0/1]	Time 0.128 (0.128)	Loss 2.4682 (2.4682)	ERR 0.292 (0.292)
 * ERR 0.292 LOSS 2.468
Epoch: [135][0/6]	Time 1.442 (1.442)	Data 0.005 (0.005)	Loss 0.0707 (0.0707)	ERR 0.049 (0.049)
Training Error: 0.092  Loss: 0.204
Test: [0/1]	Time 0.151 (0.151)	Loss 2.2915 (2.2915)	ERR 0.274 (0.274)
 * ERR 0.274 LOSS 2.292
Epoch: [136][0/6]	Time 2.066 (2.066)	Data 0.004 (0.004)	Loss 0.2712 (0.2712)	ERR 0.078 (0.078)
Training Error: 0.084  Loss: 0.216
Test: [0/1]	Time 0.174 (0.174)	Loss 2.0886 (2.0886)	ERR 0.268 (0.268)
 * ERR 0.268 LOSS 2.089
Epoch: [137][0/6]	Time 3.540 (3.540)	Data 0.014 (0.014)	Loss 0.1237 (0.1237)	ERR 0.067 (0.067)
Training Error: 0.084  Loss: 0.194
Test: [0/1]	Time 0.181 (0.181)	Loss 2.6322 (2.6322)	ERR 0.299 (0.299)
 * ERR 0.299 LOSS 2.632
Epoch: [138][0/6]	Time 1.507 (1.507)	Data 0.004 (0.004)	Loss 0.2561 (0.2561)	ERR 0.092 (0.092)
Training Error: 0.090  Loss: 0.230
Test: [0/1]	Time 0.083 (0.083)	Loss 2.2362 (2.2362)	ERR 0.288 (0.288)
 * ERR 0.288 LOSS 2.236
Epoch: [139][0/6]	Time 0.796 (0.796)	Data 0.003 (0.003)	Loss 0.1979 (0.1979)	ERR 0.086 (0.086)
Training Error: 0.080  Loss: 0.196
Test: [0/1]	Time 0.065 (0.065)	Loss 1.9547 (1.9547)	ERR 0.274 (0.274)
 * ERR 0.274 LOSS 1.955
Epoch: [140][0/6]	Time 0.678 (0.678)	Data 0.003 (0.003)	Loss 0.2610 (0.2610)	ERR 0.110 (0.110)
Training Error: 0.141  Loss: 0.395
Test: [0/1]	Time 0.048 (0.048)	Loss 2.6739 (2.6739)	ERR 0.298 (0.298)
 * ERR 0.298 LOSS 2.674
Epoch: [141][0/6]	Time 0.458 (0.458)	Data 0.002 (0.002)	Loss 0.0883 (0.0883)	ERR 0.065 (0.065)
Training Error: 0.091  Loss: 0.204
Test: [0/1]	Time 0.043 (0.043)	Loss 2.5638 (2.5638)	ERR 0.285 (0.285)
 * ERR 0.285 LOSS 2.564
Epoch: [142][0/6]	Time 0.478 (0.478)	Data 0.002 (0.002)	Loss 0.1601 (0.1601)	ERR 0.076 (0.076)
Training Error: 0.102  Loss: 0.224
Test: [0/1]	Time 0.062 (0.062)	Loss 2.2320 (2.2320)	ERR 0.275 (0.275)
 * ERR 0.275 LOSS 2.232
Epoch: [143][0/6]	Time 0.760 (0.760)	Data 0.004 (0.004)	Loss 0.1940 (0.1940)	ERR 0.087 (0.087)
Training Error: 0.077  Loss: 0.171
Test: [0/1]	Time 0.151 (0.151)	Loss 2.1927 (2.1927)	ERR 0.246 (0.246)
 * ERR 0.246 LOSS 2.193
Epoch: [144][0/6]	Time 1.486 (1.486)	Data 0.004 (0.004)	Loss 0.1807 (0.1807)	ERR 0.091 (0.091)
Training Error: 0.078  Loss: 0.177
Test: [0/1]	Time 0.097 (0.097)	Loss 2.0737 (2.0737)	ERR 0.270 (0.270)
 * ERR 0.270 LOSS 2.074
Epoch: [145][0/6]	Time 0.954 (0.954)	Data 0.003 (0.003)	Loss 0.2764 (0.2764)	ERR 0.103 (0.103)
Training Error: 0.111  Loss: 0.269
Test: [0/1]	Time 0.057 (0.057)	Loss 3.0340 (3.0340)	ERR 0.315 (0.315)
 * ERR 0.315 LOSS 3.034
Epoch: [146][0/6]	Time 0.608 (0.608)	Data 0.002 (0.002)	Loss 0.5085 (0.5085)	ERR 0.175 (0.175)
Training Error: 0.140  Loss: 0.384
Test: [0/1]	Time 0.042 (0.042)	Loss 2.1178 (2.1178)	ERR 0.263 (0.263)
 * ERR 0.263 LOSS 2.118
Epoch: [147][0/6]	Time 0.495 (0.495)	Data 0.002 (0.002)	Loss 0.1730 (0.1730)	ERR 0.080 (0.080)
Training Error: 0.091  Loss: 0.235
Test: [0/1]	Time 0.080 (0.080)	Loss 1.9218 (1.9218)	ERR 0.251 (0.251)
 * ERR 0.251 LOSS 1.922
Epoch: [148][0/6]	Time 0.649 (0.649)	Data 0.003 (0.003)	Loss 0.2222 (0.2222)	ERR 0.108 (0.108)
Training Error: 0.097  Loss: 0.230
Test: [0/1]	Time 0.060 (0.060)	Loss 2.6224 (2.6224)	ERR 0.296 (0.296)
 * ERR 0.296 LOSS 2.622
Epoch: [149][0/6]	Time 0.748 (0.748)	Data 0.003 (0.003)	Loss 0.1412 (0.1412)	ERR 0.077 (0.077)
Training Error: 0.098  Loss: 0.264
Test: [0/1]	Time 0.044 (0.044)	Loss 2.0653 (2.0653)	ERR 0.264 (0.264)
 * ERR 0.264 LOSS 2.065
Epoch: [150][0/6]	Time 0.503 (0.503)	Data 0.002 (0.002)	Loss 0.1769 (0.1769)	ERR 0.078 (0.078)
Training Error: 0.100  Loss: 0.249
Test: [0/1]	Time 0.048 (0.048)	Loss 2.3131 (2.3131)	ERR 0.292 (0.292)
 * ERR 0.292 LOSS 2.313
Epoch: [151][0/6]	Time 0.581 (0.581)	Data 0.003 (0.003)	Loss 0.2412 (0.2412)	ERR 0.110 (0.110)
Training Error: 0.097  Loss: 0.233
Test: [0/1]	Time 0.047 (0.047)	Loss 2.0275 (2.0275)	ERR 0.280 (0.280)
 * ERR 0.280 LOSS 2.028
Epoch: [152][0/6]	Time 0.470 (0.470)	Data 0.002 (0.002)	Loss 0.3084 (0.3084)	ERR 0.133 (0.133)
Training Error: 0.103  Loss: 0.247
Test: [0/1]	Time 0.045 (0.045)	Loss 2.3001 (2.3001)	ERR 0.263 (0.263)
 * ERR 0.263 LOSS 2.300
Epoch: [153][0/6]	Time 0.442 (0.442)	Data 0.002 (0.002)	Loss 0.1962 (0.1962)	ERR 0.078 (0.078)
Training Error: 0.109  Loss: 0.285
Test: [0/1]	Time 0.035 (0.035)	Loss 2.6204 (2.6204)	ERR 0.303 (0.303)
 * ERR 0.303 LOSS 2.620
Epoch: [154][0/6]	Time 0.447 (0.447)	Data 0.002 (0.002)	Loss 0.2156 (0.2156)	ERR 0.106 (0.106)
Training Error: 0.092  Loss: 0.197
Test: [0/1]	Time 0.033 (0.033)	Loss 1.7898 (1.7898)	ERR 0.225 (0.225)
 * ERR 0.225 LOSS 1.790
Saving best parameters...
Epoch: [155][0/6]	Time 0.409 (0.409)	Data 0.001 (0.001)	Loss 0.1360 (0.1360)	ERR 0.083 (0.083)
Training Error: 0.104  Loss: 0.277
Test: [0/1]	Time 0.033 (0.033)	Loss 1.6602 (1.6602)	ERR 0.266 (0.266)
 * ERR 0.266 LOSS 1.660
Epoch: [156][0/6]	Time 0.444 (0.444)	Data 0.001 (0.001)	Loss 0.5773 (0.5773)	ERR 0.189 (0.189)
Training Error: 0.133  Loss: 0.355
Test: [0/1]	Time 0.032 (0.032)	Loss 2.7356 (2.7356)	ERR 0.320 (0.320)
 * ERR 0.320 LOSS 2.736
Epoch: [157][0/6]	Time 0.453 (0.453)	Data 0.001 (0.001)	Loss 0.1847 (0.1847)	ERR 0.087 (0.087)
Training Error: 0.079  Loss: 0.157
Test: [0/1]	Time 0.032 (0.032)	Loss 2.2400 (2.2400)	ERR 0.255 (0.255)
 * ERR 0.255 LOSS 2.240
Epoch: [158][0/6]	Time 0.435 (0.435)	Data 0.001 (0.001)	Loss 0.1146 (0.1146)	ERR 0.063 (0.063)
Training Error: 0.088  Loss: 0.192
Test: [0/1]	Time 0.031 (0.031)	Loss 1.9838 (1.9838)	ERR 0.274 (0.274)
 * ERR 0.274 LOSS 1.984
Epoch: [159][0/6]	Time 0.353 (0.353)	Data 0.002 (0.002)	Loss 0.4386 (0.4386)	ERR 0.161 (0.161)
Training Error: 0.090  Loss: 0.199
Test: [0/1]	Time 0.031 (0.031)	Loss 2.4591 (2.4591)	ERR 0.275 (0.275)
 * ERR 0.275 LOSS 2.459
Epoch: [160][0/6]	Time 0.334 (0.334)	Data 0.001 (0.001)	Loss 0.1551 (0.1551)	ERR 0.079 (0.079)
Training Error: 0.078  Loss: 0.191
Test: [0/1]	Time 0.030 (0.030)	Loss 2.3604 (2.3604)	ERR 0.269 (0.269)
 * ERR 0.269 LOSS 2.360
Epoch: [161][0/6]	Time 0.434 (0.434)	Data 0.001 (0.001)	Loss 0.1845 (0.1845)	ERR 0.070 (0.070)
Training Error: 0.107  Loss: 0.295
Test: [0/1]	Time 0.030 (0.030)	Loss 1.8411 (1.8411)	ERR 0.275 (0.275)
 * ERR 0.275 LOSS 1.841
Epoch: [162][0/6]	Time 0.356 (0.356)	Data 0.002 (0.002)	Loss 0.4600 (0.4600)	ERR 0.149 (0.149)
Training Error: 0.122  Loss: 0.325
Test: [0/1]	Time 0.030 (0.030)	Loss 2.4783 (2.4783)	ERR 0.296 (0.296)
 * ERR 0.296 LOSS 2.478
Epoch: [163][0/6]	Time 0.455 (0.455)	Data 0.002 (0.002)	Loss 0.0525 (0.0525)	ERR 0.048 (0.048)
Training Error: 0.075  Loss: 0.154
Test: [0/1]	Time 0.030 (0.030)	Loss 2.2540 (2.2540)	ERR 0.271 (0.271)
 * ERR 0.271 LOSS 2.254
Epoch: [164][0/6]	Time 0.358 (0.358)	Data 0.002 (0.002)	Loss 0.0385 (0.0385)	ERR 0.032 (0.032)
Training Error: 0.066  Loss: 0.141
Test: [0/1]	Time 0.031 (0.031)	Loss 2.0000 (2.0000)	ERR 0.260 (0.260)
 * ERR 0.260 LOSS 2.000
Epoch: [165][0/6]	Time 0.399 (0.399)	Data 0.001 (0.001)	Loss 0.1112 (0.1112)	ERR 0.070 (0.070)
Training Error: 0.075  Loss: 0.189
Test: [0/1]	Time 0.029 (0.029)	Loss 2.3817 (2.3817)	ERR 0.278 (0.278)
 * ERR 0.278 LOSS 2.382
Epoch: [166][0/6]	Time 0.300 (0.300)	Data 0.001 (0.001)	Loss 0.0903 (0.0903)	ERR 0.060 (0.060)
Training Error: 0.074  Loss: 0.161
Test: [0/1]	Time 0.030 (0.030)	Loss 2.4039 (2.4039)	ERR 0.277 (0.277)
 * ERR 0.277 LOSS 2.404
Epoch: [167][0/6]	Time 0.372 (0.372)	Data 0.001 (0.001)	Loss 0.0968 (0.0968)	ERR 0.058 (0.058)
Training Error: 0.078  Loss: 0.202
Test: [0/1]	Time 0.030 (0.030)	Loss 2.0444 (2.0444)	ERR 0.258 (0.258)
 * ERR 0.258 LOSS 2.044
Epoch: [168][0/6]	Time 0.337 (0.337)	Data 0.001 (0.001)	Loss 0.1784 (0.1784)	ERR 0.087 (0.087)
Training Error: 0.070  Loss: 0.150
Test: [0/1]	Time 0.029 (0.029)	Loss 2.1446 (2.1446)	ERR 0.272 (0.272)
 * ERR 0.272 LOSS 2.145
Epoch: [169][0/6]	Time 0.447 (0.447)	Data 0.002 (0.002)	Loss 0.3823 (0.3823)	ERR 0.102 (0.102)
Training Error: 0.085  Loss: 0.232
Test: [0/1]	Time 0.034 (0.034)	Loss 2.3414 (2.3414)	ERR 0.297 (0.297)
 * ERR 0.297 LOSS 2.341
Epoch: [170][0/6]	Time 0.503 (0.503)	Data 0.002 (0.002)	Loss 0.1224 (0.1224)	ERR 0.070 (0.070)
Training Error: 0.085  Loss: 0.202
Test: [0/1]	Time 0.040 (0.040)	Loss 2.8080 (2.8080)	ERR 0.334 (0.334)
 * ERR 0.334 LOSS 2.808
Epoch: [171][0/6]	Time 0.356 (0.356)	Data 0.001 (0.001)	Loss 0.1949 (0.1949)	ERR 0.098 (0.098)
Training Error: 0.109  Loss: 0.254
Test: [0/1]	Time 0.031 (0.031)	Loss 2.0162 (2.0162)	ERR 0.298 (0.298)
 * ERR 0.298 LOSS 2.016
Epoch: [172][0/6]	Time 0.487 (0.487)	Data 0.001 (0.001)	Loss 0.4122 (0.4122)	ERR 0.159 (0.159)
Training Error: 0.117  Loss: 0.337
Test: [0/1]	Time 0.030 (0.030)	Loss 2.0601 (2.0601)	ERR 0.294 (0.294)
 * ERR 0.294 LOSS 2.060
Epoch: [173][0/6]	Time 0.297 (0.297)	Data 0.001 (0.001)	Loss 0.1981 (0.1981)	ERR 0.106 (0.106)
Training Error: 0.105  Loss: 0.231
Test: [0/1]	Time 0.031 (0.031)	Loss 2.6949 (2.6949)	ERR 0.304 (0.304)
 * ERR 0.304 LOSS 2.695
Epoch: [174][0/6]	Time 0.377 (0.377)	Data 0.001 (0.001)	Loss 0.2036 (0.2036)	ERR 0.091 (0.091)
Training Error: 0.075  Loss: 0.144
Test: [0/1]	Time 0.030 (0.030)	Loss 2.6741 (2.6741)	ERR 0.311 (0.311)
 * ERR 0.311 LOSS 2.674
Epoch: [175][0/6]	Time 0.316 (0.316)	Data 0.001 (0.001)	Loss 0.1229 (0.1229)	ERR 0.073 (0.073)
Training Error: 0.084  Loss: 0.165
Test: [0/1]	Time 0.030 (0.030)	Loss 2.0069 (2.0069)	ERR 0.282 (0.282)
 * ERR 0.282 LOSS 2.007
Epoch: [176][0/6]	Time 0.380 (0.380)	Data 0.001 (0.001)	Loss 0.3319 (0.3319)	ERR 0.139 (0.139)
Training Error: 0.102  Loss: 0.212
Test: [0/1]	Time 0.038 (0.038)	Loss 2.5175 (2.5175)	ERR 0.284 (0.284)
 * ERR 0.284 LOSS 2.518
Epoch: [177][0/6]	Time 0.354 (0.354)	Data 0.001 (0.001)	Loss 0.1259 (0.1259)	ERR 0.063 (0.063)
Training Error: 0.076  Loss: 0.151
Test: [0/1]	Time 0.068 (0.068)	Loss 2.5282 (2.5282)	ERR 0.290 (0.290)
 * ERR 0.290 LOSS 2.528
Epoch: [178][0/6]	Time 0.598 (0.598)	Data 0.002 (0.002)	Loss 0.0858 (0.0858)	ERR 0.053 (0.053)
Training Error: 0.071  Loss: 0.188
Test: [0/1]	Time 0.032 (0.032)	Loss 2.3653 (2.3653)	ERR 0.285 (0.285)
 * ERR 0.285 LOSS 2.365
Epoch: [179][0/6]	Time 0.323 (0.323)	Data 0.001 (0.001)	Loss 0.0592 (0.0592)	ERR 0.044 (0.044)
Training Error: 0.062  Loss: 0.129
Test: [0/1]	Time 0.031 (0.031)	Loss 1.9774 (1.9774)	ERR 0.296 (0.296)
 * ERR 0.296 LOSS 1.977
Epoch: [180][0/6]	Time 0.361 (0.361)	Data 0.001 (0.001)	Loss 0.4139 (0.4139)	ERR 0.156 (0.156)
Training Error: 0.113  Loss: 0.269
Test: [0/1]	Time 0.029 (0.029)	Loss 2.7963 (2.7963)	ERR 0.331 (0.331)
 * ERR 0.331 LOSS 2.796
Epoch: [181][0/6]	Time 0.409 (0.409)	Data 0.001 (0.001)	Loss 0.5321 (0.5321)	ERR 0.174 (0.174)
Training Error: 0.102  Loss: 0.243
Test: [0/1]	Time 0.050 (0.050)	Loss 2.4819 (2.4819)	ERR 0.311 (0.311)
 * ERR 0.311 LOSS 2.482
Epoch: [182][0/6]	Time 0.504 (0.504)	Data 0.002 (0.002)	Loss 0.1508 (0.1508)	ERR 0.085 (0.085)
Training Error: 0.098  Loss: 0.196
Test: [0/1]	Time 0.030 (0.030)	Loss 1.8632 (1.8632)	ERR 0.282 (0.282)
 * ERR 0.282 LOSS 1.863
Epoch: [183][0/6]	Time 0.347 (0.347)	Data 0.002 (0.002)	Loss 0.3092 (0.3092)	ERR 0.129 (0.129)
Training Error: 0.085  Loss: 0.165
Test: [0/1]	Time 0.035 (0.035)	Loss 2.3345 (2.3345)	ERR 0.292 (0.292)
 * ERR 0.292 LOSS 2.334
Epoch: [184][0/6]	Time 0.407 (0.407)	Data 0.002 (0.002)	Loss 0.1682 (0.1682)	ERR 0.068 (0.068)
Training Error: 0.083  Loss: 0.164
Test: [0/1]	Time 0.035 (0.035)	Loss 3.0792 (3.0792)	ERR 0.353 (0.353)
 * ERR 0.353 LOSS 3.079
Epoch: [185][0/6]	Time 0.464 (0.464)	Data 0.001 (0.001)	Loss 0.4141 (0.4141)	ERR 0.149 (0.149)
Training Error: 0.116  Loss: 0.273
Test: [0/1]	Time 0.033 (0.033)	Loss 1.9924 (1.9924)	ERR 0.276 (0.276)
 * ERR 0.276 LOSS 1.992
Epoch: [186][0/6]	Time 0.366 (0.366)	Data 0.001 (0.001)	Loss 0.1044 (0.1044)	ERR 0.076 (0.076)
Training Error: 0.075  Loss: 0.157
Test: [0/1]	Time 0.033 (0.033)	Loss 1.9958 (1.9958)	ERR 0.260 (0.260)
 * ERR 0.260 LOSS 1.996
Epoch: [187][0/6]	Time 0.337 (0.337)	Data 0.001 (0.001)	Loss 0.0888 (0.0888)	ERR 0.062 (0.062)
Training Error: 0.074  Loss: 0.142
Test: [0/1]	Time 0.032 (0.032)	Loss 2.3400 (2.3400)	ERR 0.285 (0.285)
 * ERR 0.285 LOSS 2.340
Epoch: [188][0/6]	Time 0.361 (0.361)	Data 0.001 (0.001)	Loss 0.1327 (0.1327)	ERR 0.075 (0.075)
Training Error: 0.080  Loss: 0.144
Test: [0/1]	Time 0.029 (0.029)	Loss 1.8713 (1.8713)	ERR 0.265 (0.265)
 * ERR 0.265 LOSS 1.871
Epoch: [189][0/6]	Time 0.378 (0.378)	Data 0.002 (0.002)	Loss 0.2039 (0.2039)	ERR 0.102 (0.102)
Training Error: 0.082  Loss: 0.145
Test: [0/1]	Time 0.034 (0.034)	Loss 2.1853 (2.1853)	ERR 0.274 (0.274)
 * ERR 0.274 LOSS 2.185
Epoch: [190][0/6]	Time 0.344 (0.344)	Data 0.001 (0.001)	Loss 0.1265 (0.1265)	ERR 0.068 (0.068)
Training Error: 0.066  Loss: 0.105
Test: [0/1]	Time 0.033 (0.033)	Loss 2.4568 (2.4568)	ERR 0.293 (0.293)
 * ERR 0.293 LOSS 2.457
Epoch: [191][0/6]	Time 0.362 (0.362)	Data 0.001 (0.001)	Loss 0.0750 (0.0750)	ERR 0.050 (0.050)
Training Error: 0.069  Loss: 0.118
Test: [0/1]	Time 0.033 (0.033)	Loss 2.2880 (2.2880)	ERR 0.271 (0.271)
 * ERR 0.271 LOSS 2.288
Epoch: [192][0/6]	Time 0.371 (0.371)	Data 0.001 (0.001)	Loss 0.0795 (0.0795)	ERR 0.053 (0.053)
Training Error: 0.059  Loss: 0.111
Test: [0/1]	Time 0.031 (0.031)	Loss 2.0687 (2.0687)	ERR 0.275 (0.275)
 * ERR 0.275 LOSS 2.069
Epoch: [193][0/6]	Time 0.336 (0.336)	Data 0.002 (0.002)	Loss 0.1115 (0.1115)	ERR 0.077 (0.077)
Training Error: 0.085  Loss: 0.163
Test: [0/1]	Time 0.030 (0.030)	Loss 3.1375 (3.1375)	ERR 0.352 (0.352)
 * ERR 0.352 LOSS 3.138
Epoch: [194][0/6]	Time 0.332 (0.332)	Data 0.002 (0.002)	Loss 0.1706 (0.1706)	ERR 0.094 (0.094)
Training Error: 0.097  Loss: 0.194
Test: [0/1]	Time 0.033 (0.033)	Loss 2.2646 (2.2646)	ERR 0.285 (0.285)
 * ERR 0.285 LOSS 2.265
Epoch: [195][0/6]	Time 0.468 (0.468)	Data 0.002 (0.002)	Loss 0.1087 (0.1087)	ERR 0.060 (0.060)
Training Error: 0.073  Loss: 0.166
Test: [0/1]	Time 0.033 (0.033)	Loss 1.9075 (1.9075)	ERR 0.292 (0.292)
 * ERR 0.292 LOSS 1.907
Epoch: [196][0/6]	Time 0.339 (0.339)	Data 0.001 (0.001)	Loss 0.3638 (0.3638)	ERR 0.149 (0.149)
Training Error: 0.115  Loss: 0.256
Test: [0/1]	Time 0.032 (0.032)	Loss 3.4214 (3.4214)	ERR 0.391 (0.391)
 * ERR 0.391 LOSS 3.421
Epoch: [197][0/6]	Time 0.360 (0.360)	Data 0.001 (0.001)	Loss 0.4356 (0.4356)	ERR 0.156 (0.156)
Training Error: 0.115  Loss: 0.261
Test: [0/1]	Time 0.048 (0.048)	Loss 2.5194 (2.5194)	ERR 0.307 (0.307)
 * ERR 0.307 LOSS 2.519
Epoch: [198][0/6]	Time 0.535 (0.535)	Data 0.002 (0.002)	Loss 0.1557 (0.1557)	ERR 0.079 (0.079)
Training Error: 0.108  Loss: 0.247
Test: [0/1]	Time 0.126 (0.126)	Loss 2.0912 (2.0912)	ERR 0.286 (0.286)
 * ERR 0.286 LOSS 2.091
Epoch: [199][0/6]	Time 0.945 (0.945)	Data 0.005 (0.005)	Loss 0.1397 (0.1397)	ERR 0.076 (0.076)
Training Error: 0.063  Loss: 0.106
Test: [0/1]	Time 0.102 (0.102)	Loss 2.5253 (2.5253)	ERR 0.296 (0.296)
 * ERR 0.296 LOSS 2.525
Epoch: [200][0/6]	Time 0.880 (0.880)	Data 0.004 (0.004)	Loss 0.1612 (0.1612)	ERR 0.085 (0.085)
Training Error: 0.068  Loss: 0.166
Test: [0/1]	Time 0.084 (0.084)	Loss 2.0612 (2.0612)	ERR 0.286 (0.286)
 * ERR 0.286 LOSS 2.061
Epoch: [201][0/6]	Time 1.010 (1.010)	Data 0.005 (0.005)	Loss 0.1667 (0.1667)	ERR 0.091 (0.091)
Training Error: 0.113  Loss: 0.251
Test: [0/1]	Time 0.105 (0.105)	Loss 2.4189 (2.4189)	ERR 0.291 (0.291)
 * ERR 0.291 LOSS 2.419
Epoch: [202][0/6]	Time 1.001 (1.001)	Data 0.004 (0.004)	Loss 0.0869 (0.0869)	ERR 0.057 (0.057)
Training Error: 0.096  Loss: 0.205
Test: [0/1]	Time 0.084 (0.084)	Loss 2.0943 (2.0943)	ERR 0.280 (0.280)
 * ERR 0.280 LOSS 2.094
Epoch: [203][0/6]	Time 0.918 (0.918)	Data 0.004 (0.004)	Loss 0.0957 (0.0957)	ERR 0.064 (0.064)
Training Error: 0.112  Loss: 0.245
Test: [0/1]	Time 0.074 (0.074)	Loss 2.7025 (2.7025)	ERR 0.314 (0.314)
 * ERR 0.314 LOSS 2.703
Epoch: [204][0/6]	Time 0.898 (0.898)	Data 0.003 (0.003)	Loss 0.1153 (0.1153)	ERR 0.068 (0.068)
Training Error: 0.089  Loss: 0.174
Test: [0/1]	Time 0.077 (0.077)	Loss 2.4567 (2.4567)	ERR 0.300 (0.300)
 * ERR 0.300 LOSS 2.457
Epoch: [205][0/6]	Time 0.726 (0.726)	Data 0.003 (0.003)	Loss 0.0800 (0.0800)	ERR 0.051 (0.051)
Training Error: 0.075  Loss: 0.122
Test: [0/1]	Time 0.112 (0.112)	Loss 2.7133 (2.7133)	ERR 0.303 (0.303)
 * ERR 0.303 LOSS 2.713
Epoch: [206][0/6]	Time 0.942 (0.942)	Data 0.004 (0.004)	Loss 0.0619 (0.0619)	ERR 0.051 (0.051)
Training Error: 0.082  Loss: 0.148
Test: [0/1]	Time 0.153 (0.153)	Loss 2.2647 (2.2647)	ERR 0.289 (0.289)
 * ERR 0.289 LOSS 2.265
Epoch: [207][0/6]	Time 2.350 (2.350)	Data 0.016 (0.016)	Loss 0.1264 (0.1264)	ERR 0.087 (0.087)
Training Error: 0.101  Loss: 0.198
Test: [0/1]	Time 0.505 (0.505)	Loss 2.4454 (2.4454)	ERR 0.276 (0.276)
 * ERR 0.276 LOSS 2.445
Epoch: [208][0/6]	Time 4.074 (4.074)	Data 0.252 (0.252)	Loss 0.0721 (0.0721)	ERR 0.048 (0.048)
Training Error: 0.057  Loss: 0.092
Test: [0/1]	Time 0.088 (0.088)	Loss 2.6062 (2.6062)	ERR 0.288 (0.288)
 * ERR 0.288 LOSS 2.606
Epoch: [209][0/6]	Time 0.789 (0.789)	Data 0.003 (0.003)	Loss 0.0614 (0.0614)	ERR 0.053 (0.053)
Training Error: 0.053  Loss: 0.073
Test: [0/1]	Time 0.059 (0.059)	Loss 2.3435 (2.3435)	ERR 0.268 (0.268)
 * ERR 0.268 LOSS 2.344
Epoch: [210][0/6]	Time 0.663 (0.663)	Data 0.002 (0.002)	Loss 0.1241 (0.1241)	ERR 0.071 (0.071)
Training Error: 0.059  Loss: 0.099
Test: [0/1]	Time 0.042 (0.042)	Loss 2.5541 (2.5541)	ERR 0.287 (0.287)
 * ERR 0.287 LOSS 2.554
Epoch: [211][0/6]	Time 0.488 (0.488)	Data 0.002 (0.002)	Loss 0.0469 (0.0469)	ERR 0.041 (0.041)
Training Error: 0.054  Loss: 0.074
Test: [0/1]	Time 0.040 (0.040)	Loss 2.7173 (2.7173)	ERR 0.293 (0.293)
 * ERR 0.293 LOSS 2.717
Epoch: [212][0/6]	Time 0.315 (0.315)	Data 0.001 (0.001)	Loss 0.1036 (0.1036)	ERR 0.058 (0.058)
Training Error: 0.051  Loss: 0.071
Test: [0/1]	Time 0.034 (0.034)	Loss 2.6481 (2.6481)	ERR 0.293 (0.293)
 * ERR 0.293 LOSS 2.648
Epoch: [213][0/6]	Time 0.386 (0.386)	Data 0.001 (0.001)	Loss 0.0819 (0.0819)	ERR 0.048 (0.048)
Training Error: 0.048  Loss: 0.081
Test: [0/1]	Time 0.034 (0.034)	Loss 2.3502 (2.3502)	ERR 0.292 (0.292)
 * ERR 0.292 LOSS 2.350
Epoch: [214][0/6]	Time 0.386 (0.386)	Data 0.001 (0.001)	Loss 0.1735 (0.1735)	ERR 0.094 (0.094)
Training Error: 0.064  Loss: 0.095
Test: [0/1]	Time 0.033 (0.033)	Loss 2.4211 (2.4211)	ERR 0.279 (0.279)
 * ERR 0.279 LOSS 2.421
Epoch: [215][0/6]	Time 0.379 (0.379)	Data 0.001 (0.001)	Loss 0.0547 (0.0547)	ERR 0.043 (0.043)
Training Error: 0.047  Loss: 0.063
Test: [0/1]	Time 0.030 (0.030)	Loss 2.4108 (2.4108)	ERR 0.278 (0.278)
 * ERR 0.278 LOSS 2.411
Epoch: [216][0/6]	Time 0.433 (0.433)	Data 0.002 (0.002)	Loss 0.0750 (0.0750)	ERR 0.051 (0.051)
Training Error: 0.057  Loss: 0.089
Test: [0/1]	Time 0.028 (0.028)	Loss 2.2783 (2.2783)	ERR 0.278 (0.278)
 * ERR 0.278 LOSS 2.278
Epoch: [217][0/6]	Time 0.401 (0.401)	Data 0.001 (0.001)	Loss 0.0937 (0.0937)	ERR 0.069 (0.069)
Training Error: 0.059  Loss: 0.081
Test: [0/1]	Time 0.030 (0.030)	Loss 2.4556 (2.4556)	ERR 0.278 (0.278)
 * ERR 0.278 LOSS 2.456
Epoch: [218][0/6]	Time 0.226 (0.226)	Data 0.001 (0.001)	Loss 0.0914 (0.0914)	ERR 0.054 (0.054)
Training Error: 0.046  Loss: 0.063
Test: [0/1]	Time 0.028 (0.028)	Loss 2.6144 (2.6144)	ERR 0.290 (0.290)
 * ERR 0.290 LOSS 2.614
Epoch: [219][0/6]	Time 0.417 (0.417)	Data 0.001 (0.001)	Loss 0.0642 (0.0642)	ERR 0.050 (0.050)
Training Error: 0.054  Loss: 0.089
Test: [0/1]	Time 0.030 (0.030)	Loss 2.3669 (2.3669)	ERR 0.282 (0.282)
 * ERR 0.282 LOSS 2.367
Epoch: [220][0/6]	Time 0.283 (0.283)	Data 0.002 (0.002)	Loss 0.0608 (0.0608)	ERR 0.043 (0.043)
Training Error: 0.050  Loss: 0.063
Test: [0/1]	Time 0.028 (0.028)	Loss 2.6542 (2.6542)	ERR 0.292 (0.292)
 * ERR 0.292 LOSS 2.654
Epoch: [221][0/6]	Time 0.264 (0.264)	Data 0.001 (0.001)	Loss 0.0641 (0.0641)	ERR 0.050 (0.050)
Training Error: 0.055  Loss: 0.078
Test: [0/1]	Time 0.029 (0.029)	Loss 2.1515 (2.1515)	ERR 0.278 (0.278)
 * ERR 0.278 LOSS 2.151
Epoch: [222][0/6]	Time 0.309 (0.309)	Data 0.002 (0.002)	Loss 0.0920 (0.0920)	ERR 0.061 (0.061)
Training Error: 0.044  Loss: 0.053
Test: [0/1]	Time 0.029 (0.029)	Loss 2.4508 (2.4508)	ERR 0.285 (0.285)
 * ERR 0.285 LOSS 2.451
Epoch: [223][0/6]	Time 0.293 (0.293)	Data 0.002 (0.002)	Loss 0.1305 (0.1305)	ERR 0.073 (0.073)
Training Error: 0.046  Loss: 0.061
Test: [0/1]	Time 0.029 (0.029)	Loss 2.1620 (2.1620)	ERR 0.274 (0.274)
 * ERR 0.274 LOSS 2.162
Epoch: [224][0/6]	Time 0.297 (0.297)	Data 0.001 (0.001)	Loss 0.0520 (0.0520)	ERR 0.045 (0.045)
Training Error: 0.040  Loss: 0.047
Test: [0/1]	Time 0.028 (0.028)	Loss 2.3934 (2.3934)	ERR 0.283 (0.283)
 * ERR 0.283 LOSS 2.393
Epoch: [225][0/6]	Time 0.426 (0.426)	Data 0.001 (0.001)	Loss 0.0462 (0.0462)	ERR 0.043 (0.043)
Training Error: 0.049  Loss: 0.057
Test: [0/1]	Time 0.029 (0.029)	Loss 2.3270 (2.3270)	ERR 0.286 (0.286)
 * ERR 0.286 LOSS 2.327
Epoch: [226][0/6]	Time 0.311 (0.311)	Data 0.001 (0.001)	Loss 0.0290 (0.0290)	ERR 0.035 (0.035)
Training Error: 0.038  Loss: 0.040
Test: [0/1]	Time 0.030 (0.030)	Loss 2.3831 (2.3831)	ERR 0.285 (0.285)
 * ERR 0.285 LOSS 2.383
Epoch: [227][0/6]	Time 0.321 (0.321)	Data 0.001 (0.001)	Loss 0.0410 (0.0410)	ERR 0.039 (0.039)
Training Error: 0.044  Loss: 0.057
Test: [0/1]	Time 0.029 (0.029)	Loss 2.4160 (2.4160)	ERR 0.285 (0.285)
 * ERR 0.285 LOSS 2.416
Epoch: [228][0/6]	Time 0.288 (0.288)	Data 0.002 (0.002)	Loss 0.0138 (0.0138)	ERR 0.024 (0.024)
Training Error: 0.047  Loss: 0.058
Test: [0/1]	Time 0.028 (0.028)	Loss 2.2666 (2.2666)	ERR 0.276 (0.276)
 * ERR 0.276 LOSS 2.267
Epoch: [229][0/6]	Time 0.263 (0.263)	Data 0.001 (0.001)	Loss 0.0466 (0.0466)	ERR 0.041 (0.041)
Training Error: 0.036  Loss: 0.046
Test: [0/1]	Time 0.029 (0.029)	Loss 2.2258 (2.2258)	ERR 0.273 (0.273)
 * ERR 0.273 LOSS 2.226
Epoch: [230][0/6]	Time 0.379 (0.379)	Data 0.001 (0.001)	Loss 0.0320 (0.0320)	ERR 0.030 (0.030)
Training Error: 0.050  Loss: 0.063
Test: [0/1]	Time 0.029 (0.029)	Loss 2.3228 (2.3228)	ERR 0.274 (0.274)
 * ERR 0.274 LOSS 2.323
Epoch: [231][0/6]	Time 0.404 (0.404)	Data 0.001 (0.001)	Loss 0.0607 (0.0607)	ERR 0.050 (0.050)
Training Error: 0.053  Loss: 0.064
Test: [0/1]	Time 0.031 (0.031)	Loss 2.1006 (2.1006)	ERR 0.263 (0.263)
 * ERR 0.263 LOSS 2.101
Epoch: [232][0/6]	Time 0.336 (0.336)	Data 0.001 (0.001)	Loss 0.0741 (0.0741)	ERR 0.059 (0.059)
Training Error: 0.058  Loss: 0.080
Test: [0/1]	Time 0.029 (0.029)	Loss 2.4522 (2.4522)	ERR 0.272 (0.272)
 * ERR 0.272 LOSS 2.452
Epoch: [233][0/6]	Time 0.403 (0.403)	Data 0.001 (0.001)	Loss 0.0353 (0.0353)	ERR 0.033 (0.033)
Training Error: 0.065  Loss: 0.115
Test: [0/1]	Time 0.030 (0.030)	Loss 2.0322 (2.0322)	ERR 0.271 (0.271)
 * ERR 0.271 LOSS 2.032
Epoch: [234][0/6]	Time 0.316 (0.316)	Data 0.001 (0.001)	Loss 0.1072 (0.1072)	ERR 0.076 (0.076)
Training Error: 0.069  Loss: 0.101
Test: [0/1]	Time 0.031 (0.031)	Loss 2.5956 (2.5956)	ERR 0.293 (0.293)
 * ERR 0.293 LOSS 2.596
Epoch: [235][0/6]	Time 0.292 (0.292)	Data 0.001 (0.001)	Loss 0.0377 (0.0377)	ERR 0.039 (0.039)
Training Error: 0.057  Loss: 0.086
Test: [0/1]	Time 0.030 (0.030)	Loss 2.0557 (2.0557)	ERR 0.264 (0.264)
 * ERR 0.264 LOSS 2.056
Epoch: [236][0/6]	Time 0.383 (0.383)	Data 0.002 (0.002)	Loss 0.0480 (0.0480)	ERR 0.049 (0.049)
Training Error: 0.048  Loss: 0.054
Test: [0/1]	Time 0.031 (0.031)	Loss 2.5419 (2.5419)	ERR 0.295 (0.295)
 * ERR 0.295 LOSS 2.542
Epoch: [237][0/6]	Time 0.307 (0.307)	Data 0.001 (0.001)	Loss 0.0730 (0.0730)	ERR 0.062 (0.062)
Training Error: 0.057  Loss: 0.073
Test: [0/1]	Time 0.041 (0.041)	Loss 2.1803 (2.1803)	ERR 0.279 (0.279)
 * ERR 0.279 LOSS 2.180
Epoch: [238][0/6]	Time 0.445 (0.445)	Data 0.001 (0.001)	Loss 0.0683 (0.0683)	ERR 0.059 (0.059)
Training Error: 0.051  Loss: 0.061
Test: [0/1]	Time 0.030 (0.030)	Loss 2.4179 (2.4179)	ERR 0.289 (0.289)
 * ERR 0.289 LOSS 2.418
Epoch: [239][0/6]	Time 0.279 (0.279)	Data 0.002 (0.002)	Loss 0.0148 (0.0148)	ERR 0.025 (0.025)
Training Error: 0.044  Loss: 0.050
Test: [0/1]	Time 0.029 (0.029)	Loss 2.5950 (2.5950)	ERR 0.300 (0.300)
 * ERR 0.300 LOSS 2.595
Epoch: [240][0/6]	Time 0.472 (0.472)	Data 0.001 (0.001)	Loss 0.0208 (0.0208)	ERR 0.031 (0.031)
Training Error: 0.056  Loss: 0.079
Test: [0/1]	Time 0.030 (0.030)	Loss 2.3325 (2.3325)	ERR 0.292 (0.292)
 * ERR 0.292 LOSS 2.332
Epoch: [241][0/6]	Time 0.356 (0.356)	Data 0.001 (0.001)	Loss 0.1041 (0.1041)	ERR 0.076 (0.076)
Training Error: 0.042  Loss: 0.052
Test: [0/1]	Time 0.030 (0.030)	Loss 2.5683 (2.5683)	ERR 0.294 (0.294)
 * ERR 0.294 LOSS 2.568
Epoch: [242][0/6]	Time 0.308 (0.308)	Data 0.002 (0.002)	Loss 0.0801 (0.0801)	ERR 0.059 (0.059)
Training Error: 0.044  Loss: 0.051
Test: [0/1]	Time 0.028 (0.028)	Loss 2.5480 (2.5480)	ERR 0.290 (0.290)
 * ERR 0.290 LOSS 2.548
Epoch: [243][0/6]	Time 0.364 (0.364)	Data 0.001 (0.001)	Loss 0.0359 (0.0359)	ERR 0.035 (0.035)
Training Error: 0.051  Loss: 0.066
Test: [0/1]	Time 0.030 (0.030)	Loss 2.2784 (2.2784)	ERR 0.282 (0.282)
 * ERR 0.282 LOSS 2.278
Epoch: [244][0/6]	Time 0.463 (0.463)	Data 0.002 (0.002)	Loss 0.0486 (0.0486)	ERR 0.051 (0.051)
Training Error: 0.050  Loss: 0.059
Test: [0/1]	Time 0.036 (0.036)	Loss 2.7272 (2.7272)	ERR 0.304 (0.304)
 * ERR 0.304 LOSS 2.727
Epoch: [245][0/6]	Time 0.597 (0.597)	Data 0.002 (0.002)	Loss 0.0378 (0.0378)	ERR 0.041 (0.041)
Training Error: 0.045  Loss: 0.052
Test: [0/1]	Time 0.099 (0.099)	Loss 2.1642 (2.1642)	ERR 0.275 (0.275)
 * ERR 0.275 LOSS 2.164
Epoch: [246][0/6]	Time 0.528 (0.528)	Data 0.003 (0.003)	Loss 0.1127 (0.1127)	ERR 0.076 (0.076)
Training Error: 0.063  Loss: 0.085
Test: [0/1]	Time 0.029 (0.029)	Loss 2.7351 (2.7351)	ERR 0.308 (0.308)
 * ERR 0.308 LOSS 2.735
Epoch: [247][0/6]	Time 0.289 (0.289)	Data 0.002 (0.002)	Loss 0.0504 (0.0504)	ERR 0.040 (0.040)
Training Error: 0.052  Loss: 0.070
Test: [0/1]	Time 0.029 (0.029)	Loss 2.1277 (2.1277)	ERR 0.273 (0.273)
 * ERR 0.273 LOSS 2.128
Epoch: [248][0/6]	Time 0.392 (0.392)	Data 0.001 (0.001)	Loss 0.1372 (0.1372)	ERR 0.092 (0.092)
Training Error: 0.073  Loss: 0.116
Test: [0/1]	Time 0.029 (0.029)	Loss 2.3052 (2.3052)	ERR 0.270 (0.270)
 * ERR 0.270 LOSS 2.305
Epoch: [249][0/6]	Time 0.365 (0.365)	Data 0.001 (0.001)	Loss 0.0386 (0.0386)	ERR 0.034 (0.034)
Training Error: 0.048  Loss: 0.056
Test: [0/1]	Time 0.031 (0.031)	Loss 2.3600 (2.3600)	ERR 0.272 (0.272)
 * ERR 0.272 LOSS 2.360
Epoch: [250][0/6]	Time 0.418 (0.418)	Data 0.001 (0.001)	Loss 0.0472 (0.0472)	ERR 0.047 (0.047)
Training Error: 0.044  Loss: 0.047
Test: [0/1]	Time 0.036 (0.036)	Loss 2.1546 (2.1546)	ERR 0.260 (0.260)
 * ERR 0.260 LOSS 2.155
Epoch: [251][0/6]	Time 0.372 (0.372)	Data 0.003 (0.003)	Loss 0.0293 (0.0293)	ERR 0.036 (0.036)
Training Error: 0.039  Loss: 0.044
Test: [0/1]	Time 0.030 (0.030)	Loss 2.2673 (2.2673)	ERR 0.263 (0.263)
 * ERR 0.263 LOSS 2.267
Epoch: [252][0/6]	Time 0.425 (0.425)	Data 0.001 (0.001)	Loss 0.0330 (0.0330)	ERR 0.035 (0.035)
Training Error: 0.039  Loss: 0.047
Test: [0/1]	Time 0.034 (0.034)	Loss 2.1591 (2.1591)	ERR 0.256 (0.256)
 * ERR 0.256 LOSS 2.159
Epoch: [253][0/6]	Time 0.350 (0.350)	Data 0.001 (0.001)	Loss 0.0264 (0.0264)	ERR 0.031 (0.031)
Training Error: 0.035  Loss: 0.035
Test: [0/1]	Time 0.028 (0.028)	Loss 2.4163 (2.4163)	ERR 0.272 (0.272)
 * ERR 0.272 LOSS 2.416
Epoch: [254][0/6]	Time 0.420 (0.420)	Data 0.001 (0.001)	Loss 0.0533 (0.0533)	ERR 0.049 (0.049)
Training Error: 0.050  Loss: 0.059
Test: [0/1]	Time 0.030 (0.030)	Loss 2.0937 (2.0937)	ERR 0.262 (0.262)
 * ERR 0.262 LOSS 2.094
Epoch: [255][0/6]	Time 0.372 (0.372)	Data 0.001 (0.001)	Loss 0.0667 (0.0667)	ERR 0.060 (0.060)
Training Error: 0.047  Loss: 0.052
Test: [0/1]	Time 0.030 (0.030)	Loss 2.4553 (2.4553)	ERR 0.273 (0.273)
 * ERR 0.273 LOSS 2.455
Epoch: [256][0/6]	Time 0.396 (0.396)	Data 0.002 (0.002)	Loss 0.0908 (0.0908)	ERR 0.060 (0.060)
Training Error: 0.039  Loss: 0.042
Test: [0/1]	Time 0.030 (0.030)	Loss 2.2782 (2.2782)	ERR 0.264 (0.264)
 * ERR 0.264 LOSS 2.278
Epoch: [257][0/6]	Time 0.328 (0.328)	Data 0.001 (0.001)	Loss 0.0187 (0.0187)	ERR 0.028 (0.028)
Training Error: 0.043  Loss: 0.047
Test: [0/1]	Time 0.030 (0.030)	Loss 2.1584 (2.1584)	ERR 0.262 (0.262)
 * ERR 0.262 LOSS 2.158
Epoch: [258][0/6]	Time 0.310 (0.310)	Data 0.001 (0.001)	Loss 0.0361 (0.0361)	ERR 0.031 (0.031)
Training Error: 0.042  Loss: 0.050
Test: [0/1]	Time 0.036 (0.036)	Loss 2.5090 (2.5090)	ERR 0.286 (0.286)
 * ERR 0.286 LOSS 2.509
Epoch: [259][0/6]	Time 0.605 (0.605)	Data 0.001 (0.001)	Loss 0.0363 (0.0363)	ERR 0.043 (0.043)
Training Error: 0.041  Loss: 0.046
Test: [0/1]	Time 0.031 (0.031)	Loss 2.2639 (2.2639)	ERR 0.275 (0.275)
 * ERR 0.275 LOSS 2.264
Epoch: [260][0/6]	Time 0.336 (0.336)	Data 0.001 (0.001)	Loss 0.0347 (0.0347)	ERR 0.033 (0.033)
Training Error: 0.031  Loss: 0.029
Test: [0/1]	Time 0.030 (0.030)	Loss 2.4438 (2.4438)	ERR 0.281 (0.281)
 * ERR 0.281 LOSS 2.444
Epoch: [261][0/6]	Time 0.362 (0.362)	Data 0.001 (0.001)	Loss 0.0212 (0.0212)	ERR 0.024 (0.024)
Training Error: 0.031  Loss: 0.033
Test: [0/1]	Time 0.030 (0.030)	Loss 2.1835 (2.1835)	ERR 0.276 (0.276)
 * ERR 0.276 LOSS 2.184
Epoch: [262][0/6]	Time 0.364 (0.364)	Data 0.002 (0.002)	Loss 0.0669 (0.0669)	ERR 0.057 (0.057)
Training Error: 0.043  Loss: 0.046
Test: [0/1]	Time 0.032 (0.032)	Loss 2.4066 (2.4066)	ERR 0.275 (0.275)
 * ERR 0.275 LOSS 2.407
Epoch: [263][0/6]	Time 0.330 (0.330)	Data 0.001 (0.001)	Loss 0.0701 (0.0701)	ERR 0.056 (0.056)
Training Error: 0.042  Loss: 0.042
Test: [0/1]	Time 0.035 (0.035)	Loss 2.4520 (2.4520)	ERR 0.277 (0.277)
 * ERR 0.277 LOSS 2.452
Epoch: [264][0/6]	Time 0.435 (0.435)	Data 0.001 (0.001)	Loss 0.0205 (0.0205)	ERR 0.029 (0.029)
Training Error: 0.038  Loss: 0.043
Test: [0/1]	Time 0.030 (0.030)	Loss 2.2700 (2.2700)	ERR 0.277 (0.277)
 * ERR 0.277 LOSS 2.270
Epoch: [265][0/6]	Time 0.318 (0.318)	Data 0.002 (0.002)	Loss 0.0473 (0.0473)	ERR 0.050 (0.050)
Training Error: 0.052  Loss: 0.061
Test: [0/1]	Time 0.033 (0.033)	Loss 2.7783 (2.7783)	ERR 0.303 (0.303)
 * ERR 0.303 LOSS 2.778
Epoch: [266][0/6]	Time 0.379 (0.379)	Data 0.001 (0.001)	Loss 0.0567 (0.0567)	ERR 0.058 (0.058)
Training Error: 0.056  Loss: 0.070
Test: [0/1]	Time 0.030 (0.030)	Loss 2.2569 (2.2569)	ERR 0.276 (0.276)
 * ERR 0.276 LOSS 2.257
Epoch: [267][0/6]	Time 0.340 (0.340)	Data 0.002 (0.002)	Loss 0.0472 (0.0472)	ERR 0.051 (0.051)
Training Error: 0.057  Loss: 0.069
Test: [0/1]	Time 0.031 (0.031)	Loss 2.4941 (2.4941)	ERR 0.284 (0.284)
 * ERR 0.284 LOSS 2.494
Epoch: [268][0/6]	Time 0.365 (0.365)	Data 0.002 (0.002)	Loss 0.0202 (0.0202)	ERR 0.026 (0.026)
Training Error: 0.055  Loss: 0.069
Test: [0/1]	Time 0.030 (0.030)	Loss 2.5989 (2.5989)	ERR 0.288 (0.288)
 * ERR 0.288 LOSS 2.599
Epoch: [269][0/6]	Time 0.371 (0.371)	Data 0.002 (0.002)	Loss 0.0366 (0.0366)	ERR 0.038 (0.038)
Training Error: 0.050  Loss: 0.057
Test: [0/1]	Time 0.029 (0.029)	Loss 2.2168 (2.2168)	ERR 0.284 (0.284)
 * ERR 0.284 LOSS 2.217
Epoch: [270][0/6]	Time 0.335 (0.335)	Data 0.002 (0.002)	Loss 0.0952 (0.0952)	ERR 0.074 (0.074)
Training Error: 0.066  Loss: 0.088
Test: [0/1]	Time 0.032 (0.032)	Loss 2.8391 (2.8391)	ERR 0.312 (0.312)
 * ERR 0.312 LOSS 2.839
Epoch: [271][0/6]	Time 0.297 (0.297)	Data 0.001 (0.001)	Loss 0.1432 (0.1432)	ERR 0.094 (0.094)
Training Error: 0.066  Loss: 0.095
Test: [0/1]	Time 0.032 (0.032)	Loss 2.3092 (2.3092)	ERR 0.277 (0.277)
 * ERR 0.277 LOSS 2.309
Epoch: [272][0/6]	Time 0.324 (0.324)	Data 0.001 (0.001)	Loss 0.0507 (0.0507)	ERR 0.040 (0.040)
Training Error: 0.045  Loss: 0.088
Test: [0/1]	Time 0.036 (0.036)	Loss 2.3111 (2.3111)	ERR 0.283 (0.283)
 * ERR 0.283 LOSS 2.311
Epoch: [273][0/6]	Time 0.283 (0.283)	Data 0.001 (0.001)	Loss 0.1046 (0.1046)	ERR 0.054 (0.054)
Training Error: 0.055  Loss: 0.109
Test: [0/1]	Time 0.030 (0.030)	Loss 2.5690 (2.5690)	ERR 0.284 (0.284)
 * ERR 0.284 LOSS 2.569
Epoch: [274][0/6]	Time 0.577 (0.577)	Data 0.002 (0.002)	Loss 0.2013 (0.2013)	ERR 0.048 (0.048)
Training Error: 0.055  Loss: 0.105
Test: [0/1]	Time 0.029 (0.029)	Loss 2.2847 (2.2847)	ERR 0.277 (0.277)
 * ERR 0.277 LOSS 2.285
Epoch: [275][0/6]	Time 0.348 (0.348)	Data 0.001 (0.001)	Loss 0.0689 (0.0689)	ERR 0.056 (0.056)
Training Error: 0.058  Loss: 0.106
Test: [0/1]	Time 0.030 (0.030)	Loss 2.3822 (2.3822)	ERR 0.277 (0.277)
 * ERR 0.277 LOSS 2.382
Epoch: [276][0/6]	Time 0.345 (0.345)	Data 0.001 (0.001)	Loss 0.0593 (0.0593)	ERR 0.050 (0.050)
Training Error: 0.070  Loss: 0.121
Test: [0/1]	Time 0.035 (0.035)	Loss 2.7704 (2.7704)	ERR 0.312 (0.312)
 * ERR 0.312 LOSS 2.770
Epoch: [277][0/6]	Time 0.439 (0.439)	Data 0.002 (0.002)	Loss 0.0530 (0.0530)	ERR 0.049 (0.049)
Training Error: 0.072  Loss: 0.116
Test: [0/1]	Time 0.032 (0.032)	Loss 2.2548 (2.2548)	ERR 0.277 (0.277)
 * ERR 0.277 LOSS 2.255
Epoch: [278][0/6]	Time 0.293 (0.293)	Data 0.001 (0.001)	Loss 0.0781 (0.0781)	ERR 0.059 (0.059)
Training Error: 0.048  Loss: 0.060
Test: [0/1]	Time 0.029 (0.029)	Loss 2.5434 (2.5434)	ERR 0.291 (0.291)
 * ERR 0.291 LOSS 2.543
Epoch: [279][0/6]	Time 0.377 (0.377)	Data 0.002 (0.002)	Loss 0.0557 (0.0557)	ERR 0.046 (0.046)
Training Error: 0.041  Loss: 0.045
Test: [0/1]	Time 0.031 (0.031)	Loss 2.3754 (2.3754)	ERR 0.279 (0.279)
 * ERR 0.279 LOSS 2.375
Epoch: [280][0/6]	Time 0.379 (0.379)	Data 0.002 (0.002)	Loss 0.0494 (0.0494)	ERR 0.040 (0.040)
Training Error: 0.051  Loss: 0.071
Test: [0/1]	Time 0.042 (0.042)	Loss 2.3178 (2.3178)	ERR 0.276 (0.276)
 * ERR 0.276 LOSS 2.318
Epoch: [281][0/6]	Time 0.348 (0.348)	Data 0.002 (0.002)	Loss 0.0855 (0.0855)	ERR 0.058 (0.058)
Training Error: 0.060  Loss: 0.078
Test: [0/1]	Time 0.033 (0.033)	Loss 2.9131 (2.9131)	ERR 0.308 (0.308)
 * ERR 0.308 LOSS 2.913
Epoch: [282][0/6]	Time 0.323 (0.323)	Data 0.001 (0.001)	Loss 0.1747 (0.1747)	ERR 0.097 (0.097)
Training Error: 0.062  Loss: 0.099
Test: [0/1]	Time 0.029 (0.029)	Loss 2.3497 (2.3497)	ERR 0.277 (0.277)
 * ERR 0.277 LOSS 2.350
Epoch: [283][0/6]	Time 0.335 (0.335)	Data 0.002 (0.002)	Loss 0.0880 (0.0880)	ERR 0.069 (0.069)
Training Error: 0.050  Loss: 0.056
Test: [0/1]	Time 0.038 (0.038)	Loss 2.6675 (2.6675)	ERR 0.284 (0.284)
 * ERR 0.284 LOSS 2.668
Epoch: [284][0/6]	Time 0.459 (0.459)	Data 0.001 (0.001)	Loss 0.0253 (0.0253)	ERR 0.032 (0.032)
Training Error: 0.042  Loss: 0.046
Test: [0/1]	Time 0.031 (0.031)	Loss 2.5983 (2.5983)	ERR 0.279 (0.279)
 * ERR 0.279 LOSS 2.598
Epoch: [285][0/6]	Time 0.371 (0.371)	Data 0.002 (0.002)	Loss 0.0229 (0.0229)	ERR 0.030 (0.030)
Training Error: 0.038  Loss: 0.038
Test: [0/1]	Time 0.029 (0.029)	Loss 2.4729 (2.4729)	ERR 0.278 (0.278)
 * ERR 0.278 LOSS 2.473
Epoch: [286][0/6]	Time 0.302 (0.302)	Data 0.001 (0.001)	Loss 0.0532 (0.0532)	ERR 0.049 (0.049)
Training Error: 0.035  Loss: 0.034
Test: [0/1]	Time 0.028 (0.028)	Loss 2.5448 (2.5448)	ERR 0.277 (0.277)
 * ERR 0.277 LOSS 2.545
Epoch: [287][0/6]	Time 0.360 (0.360)	Data 0.001 (0.001)	Loss 0.0188 (0.0188)	ERR 0.030 (0.030)
Training Error: 0.035  Loss: 0.034
Test: [0/1]	Time 0.031 (0.031)	Loss 2.5458 (2.5458)	ERR 0.281 (0.281)
 * ERR 0.281 LOSS 2.546
Epoch: [288][0/6]	Time 0.384 (0.384)	Data 0.002 (0.002)	Loss 0.0222 (0.0222)	ERR 0.029 (0.029)
Training Error: 0.032  Loss: 0.030
Test: [0/1]	Time 0.030 (0.030)	Loss 2.4999 (2.4999)	ERR 0.279 (0.279)
 * ERR 0.279 LOSS 2.500
Epoch: [289][0/6]	Time 0.379 (0.379)	Data 0.002 (0.002)	Loss 0.0111 (0.0111)	ERR 0.021 (0.021)
Training Error: 0.033  Loss: 0.030
Test: [0/1]	Time 0.030 (0.030)	Loss 2.3349 (2.3349)	ERR 0.281 (0.281)
 * ERR 0.281 LOSS 2.335
Epoch: [290][0/6]	Time 0.330 (0.330)	Data 0.002 (0.002)	Loss 0.1005 (0.1005)	ERR 0.066 (0.066)
Training Error: 0.061  Loss: 0.079
Test: [0/1]	Time 0.031 (0.031)	Loss 2.7880 (2.7880)	ERR 0.304 (0.304)
 * ERR 0.304 LOSS 2.788
Epoch: [291][0/6]	Time 0.361 (0.361)	Data 0.001 (0.001)	Loss 0.0904 (0.0904)	ERR 0.072 (0.072)
Training Error: 0.046  Loss: 0.055
Test: [0/1]	Time 0.030 (0.030)	Loss 2.1178 (2.1178)	ERR 0.270 (0.270)
 * ERR 0.270 LOSS 2.118
Epoch: [292][0/6]	Time 0.324 (0.324)	Data 0.002 (0.002)	Loss 0.1563 (0.1563)	ERR 0.097 (0.097)
Training Error: 0.080  Loss: 0.134
Test: [0/1]	Time 0.031 (0.031)	Loss 2.6920 (2.6920)	ERR 0.290 (0.290)
 * ERR 0.290 LOSS 2.692
Epoch: [293][0/6]	Time 0.408 (0.408)	Data 0.002 (0.002)	Loss 0.1031 (0.1031)	ERR 0.075 (0.075)
Training Error: 0.071  Loss: 0.109
Test: [0/1]	Time 0.028 (0.028)	Loss 2.5514 (2.5514)	ERR 0.278 (0.278)
 * ERR 0.278 LOSS 2.551
Epoch: [294][0/6]	Time 0.348 (0.348)	Data 0.001 (0.001)	Loss 0.0476 (0.0476)	ERR 0.041 (0.041)
Training Error: 0.060  Loss: 0.079
Test: [0/1]	Time 0.029 (0.029)	Loss 2.2009 (2.2009)	ERR 0.271 (0.271)
 * ERR 0.271 LOSS 2.201
Epoch: [295][0/6]	Time 0.397 (0.397)	Data 0.002 (0.002)	Loss 0.0880 (0.0880)	ERR 0.071 (0.071)
Training Error: 0.062  Loss: 0.081
Test: [0/1]	Time 0.037 (0.037)	Loss 2.5825 (2.5825)	ERR 0.282 (0.282)
 * ERR 0.282 LOSS 2.583
Epoch: [296][0/6]	Time 0.526 (0.526)	Data 0.001 (0.001)	Loss 0.0390 (0.0390)	ERR 0.045 (0.045)
Training Error: 0.048  Loss: 0.053
Test: [0/1]	Time 0.031 (0.031)	Loss 2.4533 (2.4533)	ERR 0.268 (0.268)
 * ERR 0.268 LOSS 2.453
Epoch: [297][0/6]	Time 0.424 (0.424)	Data 0.001 (0.001)	Loss 0.0877 (0.0877)	ERR 0.064 (0.064)
Training Error: 0.054  Loss: 0.081
Test: [0/1]	Time 0.031 (0.031)	Loss 2.2913 (2.2913)	ERR 0.260 (0.260)
 * ERR 0.260 LOSS 2.291
Epoch: [298][0/6]	Time 0.412 (0.412)	Data 0.002 (0.002)	Loss 0.0301 (0.0301)	ERR 0.031 (0.031)
Training Error: 0.035  Loss: 0.036
Test: [0/1]	Time 0.030 (0.030)	Loss 2.3377 (2.3377)	ERR 0.262 (0.262)
 * ERR 0.262 LOSS 2.338
Epoch: [299][0/6]	Time 0.318 (0.318)	Data 0.002 (0.002)	Loss 0.0216 (0.0216)	ERR 0.025 (0.025)
Training Error: 0.033  Loss: 0.036
Test: [0/1]	Time 0.029 (0.029)	Loss 2.4570 (2.4570)	ERR 0.274 (0.274)
 * ERR 0.274 LOSS 2.457
---------Evaluate Model on Test Set---------------
Test: [0/1]	Time 0.044 (0.044)	Loss 0.9581 (0.9581)	ERR 0.181 (0.181)
Test error per property: 0.1814535
Test loss per property: 0.9580613
 ** ERR 0.181 LOSS 0.958
Best Error is:  0.22503991425037384
2021-06-19 09:37:06.999532
Time taken  724.9424331188202
