Length of dataset:  208
2021-06-19 06:23:40.810288
Cuda enabled:  False
{'root_dir': 'data/IPR/', 'save_dir': 'data/IPR/results_IPR_old1/0/', 'disable_cuda': False, 'workers': 0, 'epochs': 200, 'start_epoch': 0, 'batch_size': 128, 'lr': 0.05, 'lr_milestones': [200, 400, 600, 800], 'momentum': 0.9, 'weight_decay': 0, 'print_freq': 10, 'resume': '', 'train_size': 166, 'val_size': 20, 'test_size': 22, 'optimizer': 'Adam', 'atom_fea_len': 64, 'h_fea_len': 32, 'n_conv': 1, 'n_hp': 1, 'scheduler': 'MultiStepLR', 'metric': 'rmse', 'seed': 887, 'weights': None, 'dropout': 0, 'cuda': False}
Loading datasets...
Predicting  3  properties!!
---pre-trained model loaded---
Epoch: [0][0/2]	Time 0.486 (0.486)	Data 0.005 (0.005)	Loss 1.0181 (1.0181)	ERR 1.009 (1.009)
Training Error: 1.870  Loss: 5.990
Test: [0/1]	Time 0.008 (0.008)	Loss 14.7138 (14.7138)	ERR 3.836 (3.836)
 * ERR 3.836 LOSS 14.714
Saving best parameters...
Epoch: [1][0/2]	Time 0.446 (0.446)	Data 0.006 (0.006)	Loss 5.0489 (5.0489)	ERR 2.247 (2.247)
Training Error: 2.057  Loss: 4.353
Test: [0/1]	Time 0.008 (0.008)	Loss 12.5573 (12.5573)	ERR 3.544 (3.544)
 * ERR 3.544 LOSS 12.557
Saving best parameters...
Epoch: [2][0/2]	Time 0.438 (0.438)	Data 0.004 (0.004)	Loss 1.1909 (1.1909)	ERR 1.091 (1.091)
Training Error: 1.047  Loss: 1.102
Test: [0/1]	Time 0.008 (0.008)	Loss 1.6218 (1.6218)	ERR 1.274 (1.274)
 * ERR 1.274 LOSS 1.622
Saving best parameters...
Epoch: [3][0/2]	Time 0.430 (0.430)	Data 0.005 (0.005)	Loss 0.8398 (0.8398)	ERR 0.916 (0.916)
Training Error: 0.965  Loss: 0.939
Test: [0/1]	Time 0.008 (0.008)	Loss 1.7840 (1.7840)	ERR 1.336 (1.336)
 * ERR 1.336 LOSS 1.784
Epoch: [4][0/2]	Time 0.512 (0.512)	Data 0.004 (0.004)	Loss 0.8919 (0.8919)	ERR 0.944 (0.944)
Training Error: 0.958  Loss: 0.918
Test: [0/1]	Time 0.008 (0.008)	Loss 1.8173 (1.8173)	ERR 1.348 (1.348)
 * ERR 1.348 LOSS 1.817
Epoch: [5][0/2]	Time 0.489 (0.489)	Data 0.004 (0.004)	Loss 0.8851 (0.8851)	ERR 0.941 (0.941)
Training Error: 0.956  Loss: 0.914
Test: [0/1]	Time 0.008 (0.008)	Loss 1.8208 (1.8208)	ERR 1.349 (1.349)
 * ERR 1.349 LOSS 1.821
Epoch: [6][0/2]	Time 0.507 (0.507)	Data 0.004 (0.004)	Loss 0.8861 (0.8861)	ERR 0.941 (0.941)
Training Error: 0.955  Loss: 0.912
Test: [0/1]	Time 0.008 (0.008)	Loss 1.8257 (1.8257)	ERR 1.351 (1.351)
 * ERR 1.351 LOSS 1.826
Epoch: [7][0/2]	Time 0.488 (0.488)	Data 0.004 (0.004)	Loss 0.8798 (0.8798)	ERR 0.938 (0.938)
Training Error: 0.953  Loss: 0.909
Test: [0/1]	Time 0.008 (0.008)	Loss 1.8317 (1.8317)	ERR 1.353 (1.353)
 * ERR 1.353 LOSS 1.832
Epoch: [8][0/2]	Time 0.507 (0.507)	Data 0.004 (0.004)	Loss 0.9389 (0.9389)	ERR 0.969 (0.969)
Training Error: 0.952  Loss: 0.906
Test: [0/1]	Time 0.008 (0.008)	Loss 1.8391 (1.8391)	ERR 1.356 (1.356)
 * ERR 1.356 LOSS 1.839
Epoch: [9][0/2]	Time 0.502 (0.502)	Data 0.005 (0.005)	Loss 0.8560 (0.8560)	ERR 0.925 (0.925)
Training Error: 0.950  Loss: 0.904
Test: [0/1]	Time 0.008 (0.008)	Loss 1.8468 (1.8468)	ERR 1.359 (1.359)
 * ERR 1.359 LOSS 1.847
Epoch: [10][0/2]	Time 0.498 (0.498)	Data 0.004 (0.004)	Loss 0.9648 (0.9648)	ERR 0.982 (0.982)
Training Error: 0.947  Loss: 0.900
Test: [0/1]	Time 0.008 (0.008)	Loss 1.8546 (1.8546)	ERR 1.362 (1.362)
 * ERR 1.362 LOSS 1.855
Epoch: [11][0/2]	Time 0.494 (0.494)	Data 0.004 (0.004)	Loss 0.9358 (0.9358)	ERR 0.967 (0.967)
Training Error: 0.947  Loss: 0.898
Test: [0/1]	Time 0.008 (0.008)	Loss 1.8632 (1.8632)	ERR 1.365 (1.365)
 * ERR 1.365 LOSS 1.863
Epoch: [12][0/2]	Time 0.486 (0.486)	Data 0.004 (0.004)	Loss 1.0350 (1.0350)	ERR 1.017 (1.017)
Training Error: 0.933  Loss: 0.895
Test: [0/1]	Time 0.008 (0.008)	Loss 1.8726 (1.8726)	ERR 1.368 (1.368)
 * ERR 1.368 LOSS 1.873
Epoch: [13][0/2]	Time 0.506 (0.506)	Data 0.004 (0.004)	Loss 0.8627 (0.8627)	ERR 0.929 (0.929)
Training Error: 0.945  Loss: 0.894
Test: [0/1]	Time 0.008 (0.008)	Loss 1.8823 (1.8823)	ERR 1.372 (1.372)
 * ERR 1.372 LOSS 1.882
Epoch: [14][0/2]	Time 0.500 (0.500)	Data 0.004 (0.004)	Loss 0.8194 (0.8194)	ERR 0.905 (0.905)
Training Error: 0.942  Loss: 0.892
Test: [0/1]	Time 0.008 (0.008)	Loss 1.8906 (1.8906)	ERR 1.375 (1.375)
 * ERR 1.375 LOSS 1.891
Epoch: [15][0/2]	Time 0.479 (0.479)	Data 0.004 (0.004)	Loss 0.8492 (0.8492)	ERR 0.921 (0.921)
Training Error: 0.942  Loss: 0.889
Test: [0/1]	Time 0.007 (0.007)	Loss 1.8981 (1.8981)	ERR 1.378 (1.378)
 * ERR 1.378 LOSS 1.898
Epoch: [16][0/2]	Time 0.480 (0.480)	Data 0.004 (0.004)	Loss 0.8775 (0.8775)	ERR 0.937 (0.937)
Training Error: 0.942  Loss: 0.888
Test: [0/1]	Time 0.008 (0.008)	Loss 1.9061 (1.9061)	ERR 1.381 (1.381)
 * ERR 1.381 LOSS 1.906
Epoch: [17][0/2]	Time 0.471 (0.471)	Data 0.004 (0.004)	Loss 0.9695 (0.9695)	ERR 0.985 (0.985)
Training Error: 0.938  Loss: 0.887
Test: [0/1]	Time 0.007 (0.007)	Loss 1.9151 (1.9151)	ERR 1.384 (1.384)
 * ERR 1.384 LOSS 1.915
Epoch: [18][0/2]	Time 0.504 (0.504)	Data 0.004 (0.004)	Loss 1.0049 (1.0049)	ERR 1.002 (1.002)
Training Error: 0.933  Loss: 0.886
Test: [0/1]	Time 0.008 (0.008)	Loss 1.9249 (1.9249)	ERR 1.387 (1.387)
 * ERR 1.387 LOSS 1.925
Epoch: [19][0/2]	Time 0.504 (0.504)	Data 0.004 (0.004)	Loss 0.7942 (0.7942)	ERR 0.891 (0.891)
Training Error: 0.937  Loss: 0.886
Test: [0/1]	Time 0.008 (0.008)	Loss 1.9343 (1.9343)	ERR 1.391 (1.391)
 * ERR 1.391 LOSS 1.934
Epoch: [20][0/2]	Time 0.503 (0.503)	Data 0.004 (0.004)	Loss 0.7698 (0.7698)	ERR 0.877 (0.877)
Training Error: 0.935  Loss: 0.885
Test: [0/1]	Time 0.008 (0.008)	Loss 1.9418 (1.9418)	ERR 1.393 (1.393)
 * ERR 1.393 LOSS 1.942
Epoch: [21][0/2]	Time 0.498 (0.498)	Data 0.004 (0.004)	Loss 0.9455 (0.9455)	ERR 0.972 (0.972)
Training Error: 0.939  Loss: 0.885
Test: [0/1]	Time 0.008 (0.008)	Loss 1.9477 (1.9477)	ERR 1.396 (1.396)
 * ERR 1.396 LOSS 1.948
Epoch: [22][0/2]	Time 0.494 (0.494)	Data 0.004 (0.004)	Loss 0.8487 (0.8487)	ERR 0.921 (0.921)
Training Error: 0.940  Loss: 0.885
Test: [0/1]	Time 0.008 (0.008)	Loss 1.9529 (1.9529)	ERR 1.397 (1.397)
 * ERR 1.397 LOSS 1.953
Epoch: [23][0/2]	Time 0.494 (0.494)	Data 0.004 (0.004)	Loss 0.8981 (0.8981)	ERR 0.948 (0.948)
Training Error: 0.940  Loss: 0.885
Test: [0/1]	Time 0.008 (0.008)	Loss 1.9568 (1.9568)	ERR 1.399 (1.399)
 * ERR 1.399 LOSS 1.957
Epoch: [24][0/2]	Time 0.506 (0.506)	Data 0.004 (0.004)	Loss 0.9241 (0.9241)	ERR 0.961 (0.961)
Training Error: 0.940  Loss: 0.885
Test: [0/1]	Time 0.008 (0.008)	Loss 1.9605 (1.9605)	ERR 1.400 (1.400)
 * ERR 1.400 LOSS 1.960
Epoch: [25][0/2]	Time 0.481 (0.481)	Data 0.005 (0.005)	Loss 0.9701 (0.9701)	ERR 0.985 (0.985)
Training Error: 0.936  Loss: 0.885
Test: [0/1]	Time 0.008 (0.008)	Loss 1.9644 (1.9644)	ERR 1.402 (1.402)
 * ERR 1.402 LOSS 1.964
Epoch: [26][0/2]	Time 0.502 (0.502)	Data 0.004 (0.004)	Loss 0.8882 (0.8882)	ERR 0.942 (0.942)
Training Error: 0.941  Loss: 0.885
Test: [0/1]	Time 0.008 (0.008)	Loss 1.9677 (1.9677)	ERR 1.403 (1.403)
 * ERR 1.403 LOSS 1.968
Epoch: [27][0/2]	Time 0.485 (0.485)	Data 0.004 (0.004)	Loss 0.8472 (0.8472)	ERR 0.920 (0.920)
Training Error: 0.940  Loss: 0.885
Test: [0/1]	Time 0.008 (0.008)	Loss 1.9695 (1.9695)	ERR 1.403 (1.403)
 * ERR 1.403 LOSS 1.969
Epoch: [28][0/2]	Time 0.497 (0.497)	Data 0.004 (0.004)	Loss 0.9750 (0.9750)	ERR 0.987 (0.987)
Training Error: 0.936  Loss: 0.885
Test: [0/1]	Time 0.008 (0.008)	Loss 1.9709 (1.9709)	ERR 1.404 (1.404)
 * ERR 1.404 LOSS 1.971
Epoch: [29][0/2]	Time 0.489 (0.489)	Data 0.004 (0.004)	Loss 0.9017 (0.9017)	ERR 0.950 (0.950)
Training Error: 0.941  Loss: 0.885
Test: [0/1]	Time 0.008 (0.008)	Loss 1.9725 (1.9725)	ERR 1.404 (1.404)
 * ERR 1.404 LOSS 1.973
Epoch: [30][0/2]	Time 0.535 (0.535)	Data 0.004 (0.004)	Loss 0.9074 (0.9074)	ERR 0.953 (0.953)
Training Error: 0.940  Loss: 0.885
Test: [0/1]	Time 0.008 (0.008)	Loss 1.9734 (1.9734)	ERR 1.405 (1.405)
 * ERR 1.405 LOSS 1.973
Epoch: [31][0/2]	Time 0.504 (0.504)	Data 0.004 (0.004)	Loss 0.9331 (0.9331)	ERR 0.966 (0.966)
Training Error: 0.940  Loss: 0.885
Test: [0/1]	Time 0.011 (0.011)	Loss 1.9746 (1.9746)	ERR 1.405 (1.405)
 * ERR 1.405 LOSS 1.975
Epoch: [32][0/2]	Time 0.503 (0.503)	Data 0.005 (0.005)	Loss 1.0111 (1.0111)	ERR 1.006 (1.006)
Training Error: 0.931  Loss: 0.885
Test: [0/1]	Time 0.008 (0.008)	Loss 1.9765 (1.9765)	ERR 1.406 (1.406)
 * ERR 1.406 LOSS 1.977
Epoch: [33][0/2]	Time 0.475 (0.475)	Data 0.004 (0.004)	Loss 0.9370 (0.9370)	ERR 0.968 (0.968)
Training Error: 0.939  Loss: 0.885
Test: [0/1]	Time 0.008 (0.008)	Loss 1.9783 (1.9783)	ERR 1.407 (1.407)
 * ERR 1.407 LOSS 1.978
Epoch: [34][0/2]	Time 0.468 (0.468)	Data 0.004 (0.004)	Loss 0.7955 (0.7955)	ERR 0.892 (0.892)
Training Error: 0.937  Loss: 0.885
Test: [0/1]	Time 0.008 (0.008)	Loss 1.9784 (1.9784)	ERR 1.407 (1.407)
 * ERR 1.407 LOSS 1.978
Epoch: [35][0/2]	Time 0.505 (0.505)	Data 0.004 (0.004)	Loss 0.8773 (0.8773)	ERR 0.937 (0.937)
Training Error: 0.941  Loss: 0.885
Test: [0/1]	Time 0.008 (0.008)	Loss 1.9769 (1.9769)	ERR 1.406 (1.406)
 * ERR 1.406 LOSS 1.977
Epoch: [36][0/2]	Time 0.483 (0.483)	Data 0.005 (0.005)	Loss 0.8159 (0.8159)	ERR 0.903 (0.903)
Training Error: 0.939  Loss: 0.885
Test: [0/1]	Time 0.008 (0.008)	Loss 1.9751 (1.9751)	ERR 1.405 (1.405)
 * ERR 1.405 LOSS 1.975
Epoch: [37][0/2]	Time 0.462 (0.462)	Data 0.004 (0.004)	Loss 0.8957 (0.8957)	ERR 0.946 (0.946)
Training Error: 0.941  Loss: 0.885
Test: [0/1]	Time 0.008 (0.008)	Loss 1.9719 (1.9719)	ERR 1.404 (1.404)
 * ERR 1.404 LOSS 1.972
Epoch: [38][0/2]	Time 0.493 (0.493)	Data 0.004 (0.004)	Loss 0.8849 (0.8849)	ERR 0.941 (0.941)
Training Error: 0.941  Loss: 0.885
Test: [0/1]	Time 0.008 (0.008)	Loss 1.9682 (1.9682)	ERR 1.403 (1.403)
 * ERR 1.403 LOSS 1.968
Epoch: [39][0/2]	Time 0.519 (0.519)	Data 0.004 (0.004)	Loss 0.9019 (0.9019)	ERR 0.950 (0.950)
Training Error: 0.941  Loss: 0.885
Test: [0/1]	Time 0.008 (0.008)	Loss 1.9645 (1.9645)	ERR 1.402 (1.402)
 * ERR 1.402 LOSS 1.964
Epoch: [40][0/2]	Time 0.490 (0.490)	Data 0.005 (0.005)	Loss 0.8864 (0.8864)	ERR 0.942 (0.942)
Training Error: 0.941  Loss: 0.885
Test: [0/1]	Time 0.009 (0.009)	Loss 1.9621 (1.9621)	ERR 1.401 (1.401)
 * ERR 1.401 LOSS 1.962
Epoch: [41][0/2]	Time 0.486 (0.486)	Data 0.004 (0.004)	Loss 0.9167 (0.9167)	ERR 0.957 (0.957)
Training Error: 0.940  Loss: 0.885
Test: [0/1]	Time 0.007 (0.007)	Loss 1.9602 (1.9602)	ERR 1.400 (1.400)
 * ERR 1.400 LOSS 1.960
Epoch: [42][0/2]	Time 0.485 (0.485)	Data 0.004 (0.004)	Loss 1.0381 (1.0381)	ERR 1.019 (1.019)
Training Error: 0.925  Loss: 0.885
Test: [0/1]	Time 0.008 (0.008)	Loss 1.9596 (1.9596)	ERR 1.400 (1.400)
 * ERR 1.400 LOSS 1.960
Epoch: [43][0/2]	Time 0.469 (0.469)	Data 0.004 (0.004)	Loss 0.9233 (0.9233)	ERR 0.961 (0.961)
Training Error: 0.940  Loss: 0.885
Test: [0/1]	Time 0.008 (0.008)	Loss 1.9610 (1.9610)	ERR 1.400 (1.400)
 * ERR 1.400 LOSS 1.961
Epoch: [44][0/2]	Time 0.501 (0.501)	Data 0.004 (0.004)	Loss 0.6104 (0.6104)	ERR 0.781 (0.781)
Training Error: 0.910  Loss: 0.885
Test: [0/1]	Time 0.008 (0.008)	Loss 1.9610 (1.9610)	ERR 1.400 (1.400)
 * ERR 1.400 LOSS 1.961
Epoch: [45][0/2]	Time 0.508 (0.508)	Data 0.004 (0.004)	Loss 0.8533 (0.8533)	ERR 0.924 (0.924)
Training Error: 0.940  Loss: 0.885
Test: [0/1]	Time 0.013 (0.013)	Loss 1.9576 (1.9576)	ERR 1.399 (1.399)
 * ERR 1.399 LOSS 1.958
Epoch: [46][0/2]	Time 0.557 (0.557)	Data 0.006 (0.006)	Loss 0.9734 (0.9734)	ERR 0.987 (0.987)
Training Error: 0.936  Loss: 0.885
Test: [0/1]	Time 0.008 (0.008)	Loss 1.9546 (1.9546)	ERR 1.398 (1.398)
 * ERR 1.398 LOSS 1.955
Epoch: [47][0/2]	Time 0.543 (0.543)	Data 0.004 (0.004)	Loss 1.0132 (1.0132)	ERR 1.007 (1.007)
Training Error: 0.930  Loss: 0.885
Test: [0/1]	Time 0.008 (0.008)	Loss 1.9538 (1.9538)	ERR 1.398 (1.398)
 * ERR 1.398 LOSS 1.954
Epoch: [48][0/2]	Time 0.498 (0.498)	Data 0.004 (0.004)	Loss 0.9284 (0.9284)	ERR 0.964 (0.964)
Training Error: 0.940  Loss: 0.885
Test: [0/1]	Time 0.008 (0.008)	Loss 1.9545 (1.9545)	ERR 1.398 (1.398)
 * ERR 1.398 LOSS 1.955
Epoch: [49][0/2]	Time 0.668 (0.668)	Data 0.004 (0.004)	Loss 0.8768 (0.8768)	ERR 0.936 (0.936)
Training Error: 0.941  Loss: 0.885
Test: [0/1]	Time 0.017 (0.017)	Loss 1.9549 (1.9549)	ERR 1.398 (1.398)
 * ERR 1.398 LOSS 1.955
Epoch: [50][0/2]	Time 0.778 (0.778)	Data 0.007 (0.007)	Loss 0.9278 (0.9278)	ERR 0.963 (0.963)
Training Error: 0.940  Loss: 0.885
Test: [0/1]	Time 0.013 (0.013)	Loss 1.9557 (1.9557)	ERR 1.398 (1.398)
 * ERR 1.398 LOSS 1.956
Epoch: [51][0/2]	Time 0.613 (0.613)	Data 0.007 (0.007)	Loss 0.8988 (0.8988)	ERR 0.948 (0.948)
Training Error: 0.941  Loss: 0.885
Test: [0/1]	Time 0.012 (0.012)	Loss 1.9569 (1.9569)	ERR 1.399 (1.399)
 * ERR 1.399 LOSS 1.957
Epoch: [52][0/2]	Time 0.605 (0.605)	Data 0.006 (0.006)	Loss 0.8863 (0.8863)	ERR 0.941 (0.941)
Training Error: 0.941  Loss: 0.885
Test: [0/1]	Time 0.014 (0.014)	Loss 1.9560 (1.9560)	ERR 1.399 (1.399)
 * ERR 1.399 LOSS 1.956
Epoch: [53][0/2]	Time 0.689 (0.689)	Data 0.008 (0.008)	Loss 0.9570 (0.9570)	ERR 0.978 (0.978)
Training Error: 0.938  Loss: 0.885
Test: [0/1]	Time 0.015 (0.015)	Loss 1.9552 (1.9552)	ERR 1.398 (1.398)
 * ERR 1.398 LOSS 1.955
Epoch: [54][0/2]	Time 0.627 (0.627)	Data 0.009 (0.009)	Loss 0.9687 (0.9687)	ERR 0.984 (0.984)
Training Error: 0.937  Loss: 0.885
Test: [0/1]	Time 0.008 (0.008)	Loss 1.9562 (1.9562)	ERR 1.399 (1.399)
 * ERR 1.399 LOSS 1.956
Epoch: [55][0/2]	Time 0.576 (0.576)	Data 0.004 (0.004)	Loss 0.8969 (0.8969)	ERR 0.947 (0.947)
Training Error: 0.940  Loss: 0.885
Test: [0/1]	Time 0.008 (0.008)	Loss 1.9597 (1.9597)	ERR 1.400 (1.400)
 * ERR 1.400 LOSS 1.960
Epoch: [56][0/2]	Time 0.577 (0.577)	Data 0.006 (0.006)	Loss 0.9002 (0.9002)	ERR 0.949 (0.949)
Training Error: 0.940  Loss: 0.885
Test: [0/1]	Time 0.010 (0.010)	Loss 1.9626 (1.9626)	ERR 1.401 (1.401)
 * ERR 1.401 LOSS 1.963
Epoch: [57][0/2]	Time 0.505 (0.505)	Data 0.005 (0.005)	Loss 0.8217 (0.8217)	ERR 0.906 (0.906)
Training Error: 0.939  Loss: 0.885
Test: [0/1]	Time 0.007 (0.007)	Loss 1.9640 (1.9640)	ERR 1.401 (1.401)
 * ERR 1.401 LOSS 1.964
Epoch: [58][0/2]	Time 0.483 (0.483)	Data 0.004 (0.004)	Loss 0.7527 (0.7527)	ERR 0.868 (0.868)
Training Error: 0.933  Loss: 0.885
Test: [0/1]	Time 0.008 (0.008)	Loss 1.9631 (1.9631)	ERR 1.401 (1.401)
 * ERR 1.401 LOSS 1.963
Epoch: [59][0/2]	Time 0.543 (0.543)	Data 0.005 (0.005)	Loss 1.0046 (1.0046)	ERR 1.002 (1.002)
Training Error: 0.932  Loss: 0.885
Test: [0/1]	Time 0.008 (0.008)	Loss 1.9606 (1.9606)	ERR 1.400 (1.400)
 * ERR 1.400 LOSS 1.961
Epoch: [60][0/2]	Time 0.496 (0.496)	Data 0.004 (0.004)	Loss 0.7726 (0.7726)	ERR 0.879 (0.879)
Training Error: 0.935  Loss: 0.885
Test: [0/1]	Time 0.009 (0.009)	Loss 1.9589 (1.9589)	ERR 1.400 (1.400)
 * ERR 1.400 LOSS 1.959
Epoch: [61][0/2]	Time 0.530 (0.530)	Data 0.005 (0.005)	Loss 0.8598 (0.8598)	ERR 0.927 (0.927)
Training Error: 0.940  Loss: 0.885
Test: [0/1]	Time 0.010 (0.010)	Loss 1.9550 (1.9550)	ERR 1.398 (1.398)
 * ERR 1.398 LOSS 1.955
Epoch: [62][0/2]	Time 0.587 (0.587)	Data 0.006 (0.006)	Loss 0.7846 (0.7846)	ERR 0.886 (0.886)
Training Error: 0.936  Loss: 0.885
Test: [0/1]	Time 0.008 (0.008)	Loss 1.9494 (1.9494)	ERR 1.396 (1.396)
 * ERR 1.396 LOSS 1.949
Epoch: [63][0/2]	Time 0.503 (0.503)	Data 0.004 (0.004)	Loss 0.7297 (0.7297)	ERR 0.854 (0.854)
Training Error: 0.930  Loss: 0.884
Test: [0/1]	Time 0.008 (0.008)	Loss 1.9419 (1.9419)	ERR 1.394 (1.394)
 * ERR 1.394 LOSS 1.942
Epoch: [64][0/2]	Time 0.494 (0.494)	Data 0.004 (0.004)	Loss 0.8397 (0.8397)	ERR 0.916 (0.916)
Training Error: 0.940  Loss: 0.885
Test: [0/1]	Time 0.008 (0.008)	Loss 1.9338 (1.9338)	ERR 1.391 (1.391)
 * ERR 1.391 LOSS 1.934
Epoch: [65][0/2]	Time 0.386 (0.386)	Data 0.004 (0.004)	Loss 0.6576 (0.6576)	ERR 0.811 (0.811)
Training Error: 0.919  Loss: 0.885
Test: [0/1]	Time 0.008 (0.008)	Loss 1.9257 (1.9257)	ERR 1.388 (1.388)
 * ERR 1.388 LOSS 1.926
Epoch: [66][0/2]	Time 0.431 (0.431)	Data 0.004 (0.004)	Loss 0.8907 (0.8907)	ERR 0.944 (0.944)
Training Error: 0.941  Loss: 0.885
Test: [0/1]	Time 0.008 (0.008)	Loss 1.9179 (1.9179)	ERR 1.385 (1.385)
 * ERR 1.385 LOSS 1.918
Epoch: [67][0/2]	Time 0.422 (0.422)	Data 0.004 (0.004)	Loss 0.8585 (0.8585)	ERR 0.927 (0.927)
Training Error: 0.941  Loss: 0.886
Test: [0/1]	Time 0.008 (0.008)	Loss 1.9115 (1.9115)	ERR 1.383 (1.383)
 * ERR 1.383 LOSS 1.911
Epoch: [68][0/2]	Time 0.425 (0.425)	Data 0.004 (0.004)	Loss 0.8982 (0.8982)	ERR 0.948 (0.948)
Training Error: 0.942  Loss: 0.887
Test: [0/1]	Time 0.008 (0.008)	Loss 1.9061 (1.9061)	ERR 1.381 (1.381)
 * ERR 1.381 LOSS 1.906
Epoch: [69][0/2]	Time 0.423 (0.423)	Data 0.004 (0.004)	Loss 0.9484 (0.9484)	ERR 0.974 (0.974)
Training Error: 0.940  Loss: 0.888
Test: [0/1]	Time 0.009 (0.009)	Loss 1.9036 (1.9036)	ERR 1.380 (1.380)
 * ERR 1.380 LOSS 1.904
Epoch: [70][0/2]	Time 0.417 (0.417)	Data 0.004 (0.004)	Loss 0.9278 (0.9278)	ERR 0.963 (0.963)
Training Error: 0.941  Loss: 0.888
Test: [0/1]	Time 0.008 (0.008)	Loss 1.9049 (1.9049)	ERR 1.380 (1.380)
 * ERR 1.380 LOSS 1.905
Epoch: [71][0/2]	Time 0.403 (0.403)	Data 0.005 (0.005)	Loss 0.8585 (0.8585)	ERR 0.927 (0.927)
Training Error: 0.942  Loss: 0.888
Test: [0/1]	Time 0.008 (0.008)	Loss 1.9089 (1.9089)	ERR 1.382 (1.382)
 * ERR 1.382 LOSS 1.909
Epoch: [72][0/2]	Time 0.408 (0.408)	Data 0.004 (0.004)	Loss 0.9314 (0.9314)	ERR 0.965 (0.965)
Training Error: 0.941  Loss: 0.887
Test: [0/1]	Time 0.008 (0.008)	Loss 1.9140 (1.9140)	ERR 1.383 (1.383)
 * ERR 1.383 LOSS 1.914
Epoch: [73][0/2]	Time 0.527 (0.527)	Data 0.004 (0.004)	Loss 0.8503 (0.8503)	ERR 0.922 (0.922)
Training Error: 0.941  Loss: 0.887
Test: [0/1]	Time 0.008 (0.008)	Loss 1.9199 (1.9199)	ERR 1.386 (1.386)
 * ERR 1.386 LOSS 1.920
Epoch: [74][0/2]	Time 0.558 (0.558)	Data 0.004 (0.004)	Loss 0.7153 (0.7153)	ERR 0.846 (0.846)
Training Error: 0.929  Loss: 0.886
Test: [0/1]	Time 0.014 (0.014)	Loss 1.9241 (1.9241)	ERR 1.387 (1.387)
 * ERR 1.387 LOSS 1.924
Epoch: [75][0/2]	Time 0.646 (0.646)	Data 0.006 (0.006)	Loss 0.7886 (0.7886)	ERR 0.888 (0.888)
Training Error: 0.937  Loss: 0.886
Test: [0/1]	Time 0.008 (0.008)	Loss 1.9264 (1.9264)	ERR 1.388 (1.388)
 * ERR 1.388 LOSS 1.926
Epoch: [76][0/2]	Time 0.604 (0.604)	Data 0.005 (0.005)	Loss 0.8970 (0.8970)	ERR 0.947 (0.947)
Training Error: 0.941  Loss: 0.886
Test: [0/1]	Time 0.011 (0.011)	Loss 1.9281 (1.9281)	ERR 1.389 (1.389)
 * ERR 1.389 LOSS 1.928
Epoch: [77][0/2]	Time 0.802 (0.802)	Data 0.008 (0.008)	Loss 0.9463 (0.9463)	ERR 0.973 (0.973)
Training Error: 0.939  Loss: 0.885
Test: [0/1]	Time 0.015 (0.015)	Loss 1.9317 (1.9317)	ERR 1.390 (1.390)
 * ERR 1.390 LOSS 1.932
Epoch: [78][0/2]	Time 0.665 (0.665)	Data 0.008 (0.008)	Loss 0.9184 (0.9184)	ERR 0.958 (0.958)
Training Error: 0.940  Loss: 0.885
Test: [0/1]	Time 0.012 (0.012)	Loss 1.9376 (1.9376)	ERR 1.392 (1.392)
 * ERR 1.392 LOSS 1.938
Epoch: [79][0/2]	Time 0.747 (0.747)	Data 0.007 (0.007)	Loss 0.7731 (0.7731)	ERR 0.879 (0.879)
Training Error: 0.935  Loss: 0.885
Test: [0/1]	Time 0.013 (0.013)	Loss 1.9428 (1.9428)	ERR 1.394 (1.394)
 * ERR 1.394 LOSS 1.943
Epoch: [80][0/2]	Time 0.649 (0.649)	Data 0.008 (0.008)	Loss 0.7524 (0.7524)	ERR 0.867 (0.867)
Training Error: 0.933  Loss: 0.885
Test: [0/1]	Time 0.012 (0.012)	Loss 1.9468 (1.9468)	ERR 1.395 (1.395)
 * ERR 1.395 LOSS 1.947
Epoch: [81][0/2]	Time 0.668 (0.668)	Data 0.008 (0.008)	Loss 0.9556 (0.9556)	ERR 0.978 (0.978)
Training Error: 0.938  Loss: 0.885
Test: [0/1]	Time 0.012 (0.012)	Loss 1.9502 (1.9502)	ERR 1.396 (1.396)
 * ERR 1.396 LOSS 1.950
Epoch: [82][0/2]	Time 0.756 (0.756)	Data 0.006 (0.006)	Loss 0.7902 (0.7902)	ERR 0.889 (0.889)
Training Error: 0.937  Loss: 0.885
Test: [0/1]	Time 0.009 (0.009)	Loss 1.9531 (1.9531)	ERR 1.398 (1.398)
 * ERR 1.398 LOSS 1.953
Epoch: [83][0/2]	Time 0.573 (0.573)	Data 0.005 (0.005)	Loss 0.8033 (0.8033)	ERR 0.896 (0.896)
Training Error: 0.938  Loss: 0.885
Test: [0/1]	Time 0.009 (0.009)	Loss 1.9529 (1.9529)	ERR 1.397 (1.397)
 * ERR 1.397 LOSS 1.953
Epoch: [84][0/2]	Time 0.557 (0.557)	Data 0.005 (0.005)	Loss 0.8535 (0.8535)	ERR 0.924 (0.924)
Training Error: 0.940  Loss: 0.885
Test: [0/1]	Time 0.008 (0.008)	Loss 1.9527 (1.9527)	ERR 1.397 (1.397)
 * ERR 1.397 LOSS 1.953
Epoch: [85][0/2]	Time 0.660 (0.660)	Data 0.005 (0.005)	Loss 0.7319 (0.7319)	ERR 0.855 (0.855)
Training Error: 0.930  Loss: 0.885
Test: [0/1]	Time 0.010 (0.010)	Loss 1.9519 (1.9519)	ERR 1.397 (1.397)
 * ERR 1.397 LOSS 1.952
Epoch: [86][0/2]	Time 0.715 (0.715)	Data 0.006 (0.006)	Loss 0.9655 (0.9655)	ERR 0.983 (0.983)
Training Error: 0.937  Loss: 0.885
Test: [0/1]	Time 0.012 (0.012)	Loss 1.9496 (1.9496)	ERR 1.396 (1.396)
 * ERR 1.396 LOSS 1.950
Epoch: [87][0/2]	Time 0.729 (0.729)	Data 0.006 (0.006)	Loss 0.9641 (0.9641)	ERR 0.982 (0.982)
Training Error: 0.937  Loss: 0.885
Test: [0/1]	Time 0.011 (0.011)	Loss 1.9493 (1.9493)	ERR 1.396 (1.396)
 * ERR 1.396 LOSS 1.949
Epoch: [88][0/2]	Time 0.686 (0.686)	Data 0.008 (0.008)	Loss 0.8780 (0.8780)	ERR 0.937 (0.937)
Training Error: 0.941  Loss: 0.885
Test: [0/1]	Time 0.012 (0.012)	Loss 1.9517 (1.9517)	ERR 1.397 (1.397)
 * ERR 1.397 LOSS 1.952
Epoch: [89][0/2]	Time 0.706 (0.706)	Data 0.006 (0.006)	Loss 0.8238 (0.8238)	ERR 0.908 (0.908)
Training Error: 0.939  Loss: 0.885
Test: [0/1]	Time 0.012 (0.012)	Loss 1.9541 (1.9541)	ERR 1.398 (1.398)
 * ERR 1.398 LOSS 1.954
Epoch: [90][0/2]	Time 0.603 (0.603)	Data 0.006 (0.006)	Loss 0.8458 (0.8458)	ERR 0.920 (0.920)
Training Error: 0.940  Loss: 0.885
Test: [0/1]	Time 0.008 (0.008)	Loss 1.9566 (1.9566)	ERR 1.399 (1.399)
 * ERR 1.399 LOSS 1.957
Epoch: [91][0/2]	Time 0.557 (0.557)	Data 0.005 (0.005)	Loss 0.9169 (0.9169)	ERR 0.958 (0.958)
Training Error: 0.940  Loss: 0.885
Test: [0/1]	Time 0.009 (0.009)	Loss 1.9603 (1.9603)	ERR 1.400 (1.400)
 * ERR 1.400 LOSS 1.960
Epoch: [92][0/2]	Time 0.554 (0.554)	Data 0.005 (0.005)	Loss 0.9736 (0.9736)	ERR 0.987 (0.987)
Training Error: 0.936  Loss: 0.885
Test: [0/1]	Time 0.009 (0.009)	Loss 1.9657 (1.9657)	ERR 1.402 (1.402)
 * ERR 1.402 LOSS 1.966
Epoch: [93][0/2]	Time 0.578 (0.578)	Data 0.006 (0.006)	Loss 0.7883 (0.7883)	ERR 0.888 (0.888)
Training Error: 0.937  Loss: 0.885
Test: [0/1]	Time 0.008 (0.008)	Loss 1.9710 (1.9710)	ERR 1.404 (1.404)
 * ERR 1.404 LOSS 1.971
Epoch: [94][0/2]	Time 0.564 (0.564)	Data 0.005 (0.005)	Loss 0.7475 (0.7475)	ERR 0.865 (0.865)
Training Error: 0.933  Loss: 0.885
Test: [0/1]	Time 0.009 (0.009)	Loss 1.9705 (1.9705)	ERR 1.404 (1.404)
 * ERR 1.404 LOSS 1.971
Epoch: [95][0/2]	Time 0.566 (0.566)	Data 0.004 (0.004)	Loss 0.9043 (0.9043)	ERR 0.951 (0.951)
Training Error: 0.941  Loss: 0.885
Test: [0/1]	Time 0.009 (0.009)	Loss 1.9662 (1.9662)	ERR 1.402 (1.402)
 * ERR 1.402 LOSS 1.966
Epoch: [96][0/2]	Time 0.553 (0.553)	Data 0.005 (0.005)	Loss 0.8298 (0.8298)	ERR 0.911 (0.911)
Training Error: 0.939  Loss: 0.885
Test: [0/1]	Time 0.010 (0.010)	Loss 1.9617 (1.9617)	ERR 1.401 (1.401)
 * ERR 1.401 LOSS 1.962
Epoch: [97][0/2]	Time 0.703 (0.703)	Data 0.005 (0.005)	Loss 0.9896 (0.9896)	ERR 0.995 (0.995)
Training Error: 0.934  Loss: 0.885
Test: [0/1]	Time 0.012 (0.012)	Loss 1.9581 (1.9581)	ERR 1.399 (1.399)
 * ERR 1.399 LOSS 1.958
Epoch: [98][0/2]	Time 0.650 (0.650)	Data 0.005 (0.005)	Loss 0.9859 (0.9859)	ERR 0.993 (0.993)
Training Error: 0.935  Loss: 0.885
Test: [0/1]	Time 0.011 (0.011)	Loss 1.9593 (1.9593)	ERR 1.400 (1.400)
 * ERR 1.400 LOSS 1.959
Epoch: [99][0/2]	Time 0.713 (0.713)	Data 0.006 (0.006)	Loss 0.7102 (0.7102)	ERR 0.843 (0.843)
Training Error: 0.928  Loss: 0.885
Test: [0/1]	Time 0.012 (0.012)	Loss 1.9616 (1.9616)	ERR 1.401 (1.401)
 * ERR 1.401 LOSS 1.962
Epoch: [100][0/2]	Time 0.603 (0.603)	Data 0.007 (0.007)	Loss 0.8539 (0.8539)	ERR 0.924 (0.924)
Training Error: 0.940  Loss: 0.885
Test: [0/1]	Time 0.008 (0.008)	Loss 1.9600 (1.9600)	ERR 1.400 (1.400)
 * ERR 1.400 LOSS 1.960
Epoch: [101][0/2]	Time 0.567 (0.567)	Data 0.005 (0.005)	Loss 0.8793 (0.8793)	ERR 0.938 (0.938)
Training Error: 0.941  Loss: 0.885
Test: [0/1]	Time 0.009 (0.009)	Loss 1.9589 (1.9589)	ERR 1.400 (1.400)
 * ERR 1.400 LOSS 1.959
Epoch: [102][0/2]	Time 0.542 (0.542)	Data 0.004 (0.004)	Loss 0.9062 (0.9062)	ERR 0.952 (0.952)
Training Error: 0.940  Loss: 0.885
Test: [0/1]	Time 0.009 (0.009)	Loss 1.9591 (1.9591)	ERR 1.400 (1.400)
 * ERR 1.400 LOSS 1.959
Epoch: [103][0/2]	Time 0.516 (0.516)	Data 0.003 (0.003)	Loss 0.8960 (0.8960)	ERR 0.947 (0.947)
Training Error: 0.941  Loss: 0.885
Test: [0/1]	Time 0.008 (0.008)	Loss 1.9600 (1.9600)	ERR 1.400 (1.400)
 * ERR 1.400 LOSS 1.960
Epoch: [104][0/2]	Time 0.540 (0.540)	Data 0.005 (0.005)	Loss 0.8162 (0.8162)	ERR 0.903 (0.903)
Training Error: 0.938  Loss: 0.885
Test: [0/1]	Time 0.008 (0.008)	Loss 1.9609 (1.9609)	ERR 1.400 (1.400)
 * ERR 1.400 LOSS 1.961
Epoch: [105][0/2]	Time 0.527 (0.527)	Data 0.005 (0.005)	Loss 0.8243 (0.8243)	ERR 0.908 (0.908)
Training Error: 0.939  Loss: 0.885
Test: [0/1]	Time 0.009 (0.009)	Loss 1.9612 (1.9612)	ERR 1.400 (1.400)
 * ERR 1.400 LOSS 1.961
Epoch: [106][0/2]	Time 0.558 (0.558)	Data 0.004 (0.004)	Loss 0.7889 (0.7889)	ERR 0.888 (0.888)
Training Error: 0.936  Loss: 0.885
Test: [0/1]	Time 0.009 (0.009)	Loss 1.9598 (1.9598)	ERR 1.400 (1.400)
 * ERR 1.400 LOSS 1.960
Epoch: [107][0/2]	Time 0.525 (0.525)	Data 0.004 (0.004)	Loss 0.8269 (0.8269)	ERR 0.909 (0.909)
Training Error: 0.939  Loss: 0.885
Test: [0/1]	Time 0.009 (0.009)	Loss 1.9563 (1.9563)	ERR 1.399 (1.399)
 * ERR 1.399 LOSS 1.956
Epoch: [108][0/2]	Time 0.559 (0.559)	Data 0.005 (0.005)	Loss 0.8576 (0.8576)	ERR 0.926 (0.926)
Training Error: 0.940  Loss: 0.885
Test: [0/1]	Time 0.009 (0.009)	Loss 1.9528 (1.9528)	ERR 1.397 (1.397)
 * ERR 1.397 LOSS 1.953
Epoch: [109][0/2]	Time 0.568 (0.568)	Data 0.004 (0.004)	Loss 0.8503 (0.8503)	ERR 0.922 (0.922)
Training Error: 0.940  Loss: 0.885
Test: [0/1]	Time 0.008 (0.008)	Loss 1.9477 (1.9477)	ERR 1.396 (1.396)
 * ERR 1.396 LOSS 1.948
Epoch: [110][0/2]	Time 0.558 (0.558)	Data 0.005 (0.005)	Loss 0.8870 (0.8870)	ERR 0.942 (0.942)
Training Error: 0.941  Loss: 0.885
Test: [0/1]	Time 0.009 (0.009)	Loss 1.9420 (1.9420)	ERR 1.394 (1.394)
 * ERR 1.394 LOSS 1.942
Epoch: [111][0/2]	Time 0.510 (0.510)	Data 0.004 (0.004)	Loss 0.8281 (0.8281)	ERR 0.910 (0.910)
Training Error: 0.939  Loss: 0.885
Test: [0/1]	Time 0.008 (0.008)	Loss 1.9382 (1.9382)	ERR 1.392 (1.392)
 * ERR 1.392 LOSS 1.938
Epoch: [112][0/2]	Time 0.540 (0.540)	Data 0.006 (0.006)	Loss 0.9277 (0.9277)	ERR 0.963 (0.963)
Training Error: 0.940  Loss: 0.885
Test: [0/1]	Time 0.009 (0.009)	Loss 1.9357 (1.9357)	ERR 1.391 (1.391)
 * ERR 1.391 LOSS 1.936
Epoch: [113][0/2]	Time 0.546 (0.546)	Data 0.004 (0.004)	Loss 0.8901 (0.8901)	ERR 0.943 (0.943)
Training Error: 0.941  Loss: 0.885
Test: [0/1]	Time 0.008 (0.008)	Loss 1.9342 (1.9342)	ERR 1.391 (1.391)
 * ERR 1.391 LOSS 1.934
Epoch: [114][0/2]	Time 0.539 (0.539)	Data 0.004 (0.004)	Loss 0.9183 (0.9183)	ERR 0.958 (0.958)
Training Error: 0.940  Loss: 0.885
Test: [0/1]	Time 0.008 (0.008)	Loss 1.9349 (1.9349)	ERR 1.391 (1.391)
 * ERR 1.391 LOSS 1.935
Epoch: [115][0/2]	Time 0.577 (0.577)	Data 0.005 (0.005)	Loss 0.9035 (0.9035)	ERR 0.951 (0.951)
Training Error: 0.941  Loss: 0.885
Test: [0/1]	Time 0.008 (0.008)	Loss 1.9380 (1.9380)	ERR 1.392 (1.392)
 * ERR 1.392 LOSS 1.938
Epoch: [116][0/2]	Time 0.526 (0.526)	Data 0.005 (0.005)	Loss 0.9550 (0.9550)	ERR 0.977 (0.977)
Training Error: 0.938  Loss: 0.885
Test: [0/1]	Time 0.010 (0.010)	Loss 1.9426 (1.9426)	ERR 1.394 (1.394)
 * ERR 1.394 LOSS 1.943
Epoch: [117][0/2]	Time 0.534 (0.534)	Data 0.005 (0.005)	Loss 0.8232 (0.8232)	ERR 0.907 (0.907)
Training Error: 0.939  Loss: 0.885
Test: [0/1]	Time 0.010 (0.010)	Loss 1.9480 (1.9480)	ERR 1.396 (1.396)
 * ERR 1.396 LOSS 1.948
Epoch: [118][0/2]	Time 0.452 (0.452)	Data 0.004 (0.004)	Loss 0.8880 (0.8880)	ERR 0.942 (0.942)
Training Error: 0.941  Loss: 0.885
Test: [0/1]	Time 0.008 (0.008)	Loss 1.9501 (1.9501)	ERR 1.396 (1.396)
 * ERR 1.396 LOSS 1.950
Epoch: [119][0/2]	Time 0.454 (0.454)	Data 0.004 (0.004)	Loss 0.8625 (0.8625)	ERR 0.929 (0.929)
Training Error: 0.940  Loss: 0.885
Test: [0/1]	Time 0.009 (0.009)	Loss 1.9509 (1.9509)	ERR 1.397 (1.397)
 * ERR 1.397 LOSS 1.951
Epoch: [120][0/2]	Time 0.464 (0.464)	Data 0.004 (0.004)	Loss 0.8899 (0.8899)	ERR 0.943 (0.943)
Training Error: 0.941  Loss: 0.885
Test: [0/1]	Time 0.008 (0.008)	Loss 1.9513 (1.9513)	ERR 1.397 (1.397)
 * ERR 1.397 LOSS 1.951
Epoch: [121][0/2]	Time 0.473 (0.473)	Data 0.005 (0.005)	Loss 0.8937 (0.8937)	ERR 0.945 (0.945)
Training Error: 0.941  Loss: 0.885
Test: [0/1]	Time 0.009 (0.009)	Loss 1.9513 (1.9513)	ERR 1.397 (1.397)
 * ERR 1.397 LOSS 1.951
Epoch: [122][0/2]	Time 0.576 (0.576)	Data 0.004 (0.004)	Loss 0.9173 (0.9173)	ERR 0.958 (0.958)
Training Error: 0.940  Loss: 0.885
Test: [0/1]	Time 0.013 (0.013)	Loss 1.9504 (1.9504)	ERR 1.397 (1.397)
 * ERR 1.397 LOSS 1.950
Epoch: [123][0/2]	Time 0.719 (0.719)	Data 0.015 (0.015)	Loss 0.9194 (0.9194)	ERR 0.959 (0.959)
Training Error: 0.940  Loss: 0.885
Test: [0/1]	Time 0.011 (0.011)	Loss 1.9503 (1.9503)	ERR 1.397 (1.397)
 * ERR 1.397 LOSS 1.950
Epoch: [124][0/2]	Time 0.618 (0.618)	Data 0.007 (0.007)	Loss 0.8999 (0.8999)	ERR 0.949 (0.949)
Training Error: 0.940  Loss: 0.885
Test: [0/1]	Time 0.011 (0.011)	Loss 1.9518 (1.9518)	ERR 1.397 (1.397)
 * ERR 1.397 LOSS 1.952
Epoch: [125][0/2]	Time 0.720 (0.720)	Data 0.005 (0.005)	Loss 1.0133 (1.0133)	ERR 1.007 (1.007)
Training Error: 0.930  Loss: 0.885
Test: [0/1]	Time 0.013 (0.013)	Loss 1.9562 (1.9562)	ERR 1.399 (1.399)
 * ERR 1.399 LOSS 1.956
Epoch: [126][0/2]	Time 0.663 (0.663)	Data 0.006 (0.006)	Loss 1.0337 (1.0337)	ERR 1.017 (1.017)
Training Error: 0.925  Loss: 0.884
Test: [0/1]	Time 0.011 (0.011)	Loss 1.9656 (1.9656)	ERR 1.402 (1.402)
 * ERR 1.402 LOSS 1.966
Epoch: [127][0/2]	Time 0.658 (0.658)	Data 0.006 (0.006)	Loss 0.9400 (0.9400)	ERR 0.970 (0.970)
Training Error: 0.939  Loss: 0.884
Test: [0/1]	Time 0.009 (0.009)	Loss 1.9784 (1.9784)	ERR 1.407 (1.407)
 * ERR 1.407 LOSS 1.978
Epoch: [128][0/2]	Time 0.537 (0.537)	Data 0.005 (0.005)	Loss 0.8579 (0.8579)	ERR 0.926 (0.926)
Training Error: 0.941  Loss: 0.886
Test: [0/1]	Time 0.009 (0.009)	Loss 1.9891 (1.9891)	ERR 1.410 (1.410)
 * ERR 1.410 LOSS 1.989
Epoch: [129][0/2]	Time 0.554 (0.554)	Data 0.004 (0.004)	Loss 0.7830 (0.7830)	ERR 0.885 (0.885)
Training Error: 0.937  Loss: 0.886
Test: [0/1]	Time 0.010 (0.010)	Loss 1.9938 (1.9938)	ERR 1.412 (1.412)
 * ERR 1.412 LOSS 1.994
Epoch: [130][0/2]	Time 0.552 (0.552)	Data 0.004 (0.004)	Loss 0.9570 (0.9570)	ERR 0.978 (0.978)
Training Error: 0.939  Loss: 0.886
Test: [0/1]	Time 0.009 (0.009)	Loss 1.9937 (1.9937)	ERR 1.412 (1.412)
 * ERR 1.412 LOSS 1.994
Epoch: [131][0/2]	Time 0.553 (0.553)	Data 0.005 (0.005)	Loss 0.9150 (0.9150)	ERR 0.957 (0.957)
Training Error: 0.941  Loss: 0.886
Test: [0/1]	Time 0.008 (0.008)	Loss 1.9919 (1.9919)	ERR 1.411 (1.411)
 * ERR 1.411 LOSS 1.992
Epoch: [132][0/2]	Time 0.556 (0.556)	Data 0.005 (0.005)	Loss 0.9877 (0.9877)	ERR 0.994 (0.994)
Training Error: 0.935  Loss: 0.886
Test: [0/1]	Time 0.008 (0.008)	Loss 1.9893 (1.9893)	ERR 1.410 (1.410)
 * ERR 1.410 LOSS 1.989
Epoch: [133][0/2]	Time 0.542 (0.542)	Data 0.004 (0.004)	Loss 0.8443 (0.8443)	ERR 0.919 (0.919)
Training Error: 0.940  Loss: 0.886
Test: [0/1]	Time 0.008 (0.008)	Loss 1.9877 (1.9877)	ERR 1.410 (1.410)
 * ERR 1.410 LOSS 1.988
Epoch: [134][0/2]	Time 0.575 (0.575)	Data 0.005 (0.005)	Loss 0.9062 (0.9062)	ERR 0.952 (0.952)
Training Error: 0.941  Loss: 0.886
Test: [0/1]	Time 0.008 (0.008)	Loss 1.9835 (1.9835)	ERR 1.408 (1.408)
 * ERR 1.408 LOSS 1.983
Epoch: [135][0/2]	Time 0.562 (0.562)	Data 0.005 (0.005)	Loss 0.9020 (0.9020)	ERR 0.950 (0.950)
Training Error: 0.941  Loss: 0.885
Test: [0/1]	Time 0.010 (0.010)	Loss 1.9774 (1.9774)	ERR 1.406 (1.406)
 * ERR 1.406 LOSS 1.977
Epoch: [136][0/2]	Time 0.574 (0.574)	Data 0.004 (0.004)	Loss 0.9357 (0.9357)	ERR 0.967 (0.967)
Training Error: 0.940  Loss: 0.885
Test: [0/1]	Time 0.010 (0.010)	Loss 1.9722 (1.9722)	ERR 1.404 (1.404)
 * ERR 1.404 LOSS 1.972
Epoch: [137][0/2]	Time 0.562 (0.562)	Data 0.005 (0.005)	Loss 1.0410 (1.0410)	ERR 1.020 (1.020)
Training Error: 0.924  Loss: 0.885
Test: [0/1]	Time 0.008 (0.008)	Loss 1.9714 (1.9714)	ERR 1.404 (1.404)
 * ERR 1.404 LOSS 1.971
Epoch: [138][0/2]	Time 0.570 (0.570)	Data 0.004 (0.004)	Loss 0.9485 (0.9485)	ERR 0.974 (0.974)
Training Error: 0.938  Loss: 0.885
Test: [0/1]	Time 0.011 (0.011)	Loss 1.9755 (1.9755)	ERR 1.406 (1.406)
 * ERR 1.406 LOSS 1.976
Epoch: [139][0/2]	Time 0.549 (0.549)	Data 0.005 (0.005)	Loss 1.0630 (1.0630)	ERR 1.031 (1.031)
Training Error: 0.917  Loss: 0.885
Test: [0/1]	Time 0.009 (0.009)	Loss 1.9824 (1.9824)	ERR 1.408 (1.408)
 * ERR 1.408 LOSS 1.982
Epoch: [140][0/2]	Time 0.568 (0.568)	Data 0.004 (0.004)	Loss 0.9267 (0.9267)	ERR 0.963 (0.963)
Training Error: 0.940  Loss: 0.886
Test: [0/1]	Time 0.009 (0.009)	Loss 1.9920 (1.9920)	ERR 1.411 (1.411)
 * ERR 1.411 LOSS 1.992
Epoch: [141][0/2]	Time 0.554 (0.554)	Data 0.004 (0.004)	Loss 0.8817 (0.8817)	ERR 0.939 (0.939)
Training Error: 0.941  Loss: 0.886
Test: [0/1]	Time 0.008 (0.008)	Loss 1.9972 (1.9972)	ERR 1.413 (1.413)
 * ERR 1.413 LOSS 1.997
Epoch: [142][0/2]	Time 0.558 (0.558)	Data 0.005 (0.005)	Loss 0.7887 (0.7887)	ERR 0.888 (0.888)
Training Error: 0.937  Loss: 0.887
Test: [0/1]	Time 0.008 (0.008)	Loss 1.9979 (1.9979)	ERR 1.413 (1.413)
 * ERR 1.413 LOSS 1.998
Epoch: [143][0/2]	Time 0.558 (0.558)	Data 0.005 (0.005)	Loss 0.7267 (0.7267)	ERR 0.852 (0.852)
Training Error: 0.931  Loss: 0.887
Test: [0/1]	Time 0.009 (0.009)	Loss 1.9928 (1.9928)	ERR 1.412 (1.412)
 * ERR 1.412 LOSS 1.993
Epoch: [144][0/2]	Time 0.567 (0.567)	Data 0.005 (0.005)	Loss 0.8822 (0.8822)	ERR 0.939 (0.939)
Training Error: 0.941  Loss: 0.886
Test: [0/1]	Time 0.009 (0.009)	Loss 1.9826 (1.9826)	ERR 1.408 (1.408)
 * ERR 1.408 LOSS 1.983
Epoch: [145][0/2]	Time 0.548 (0.548)	Data 0.006 (0.006)	Loss 0.8987 (0.8987)	ERR 0.948 (0.948)
Training Error: 0.941  Loss: 0.885
Test: [0/1]	Time 0.008 (0.008)	Loss 1.9735 (1.9735)	ERR 1.405 (1.405)
 * ERR 1.405 LOSS 1.973
Epoch: [146][0/2]	Time 0.537 (0.537)	Data 0.004 (0.004)	Loss 0.8667 (0.8667)	ERR 0.931 (0.931)
Training Error: 0.941  Loss: 0.885
Test: [0/1]	Time 0.008 (0.008)	Loss 1.9653 (1.9653)	ERR 1.402 (1.402)
 * ERR 1.402 LOSS 1.965
Epoch: [147][0/2]	Time 0.525 (0.525)	Data 0.003 (0.003)	Loss 0.8869 (0.8869)	ERR 0.942 (0.942)
Training Error: 0.941  Loss: 0.885
Test: [0/1]	Time 0.009 (0.009)	Loss 1.9588 (1.9588)	ERR 1.400 (1.400)
 * ERR 1.400 LOSS 1.959
Epoch: [148][0/2]	Time 0.527 (0.527)	Data 0.004 (0.004)	Loss 0.7596 (0.7596)	ERR 0.872 (0.872)
Training Error: 0.934  Loss: 0.885
Test: [0/1]	Time 0.009 (0.009)	Loss 1.9527 (1.9527)	ERR 1.397 (1.397)
 * ERR 1.397 LOSS 1.953
Epoch: [149][0/2]	Time 0.563 (0.563)	Data 0.005 (0.005)	Loss 0.8285 (0.8285)	ERR 0.910 (0.910)
Training Error: 0.939  Loss: 0.885
Test: [0/1]	Time 0.008 (0.008)	Loss 1.9451 (1.9451)	ERR 1.395 (1.395)
 * ERR 1.395 LOSS 1.945
Epoch: [150][0/2]	Time 0.566 (0.566)	Data 0.004 (0.004)	Loss 0.8729 (0.8729)	ERR 0.934 (0.934)
Training Error: 0.941  Loss: 0.885
Test: [0/1]	Time 0.008 (0.008)	Loss 1.9378 (1.9378)	ERR 1.392 (1.392)
 * ERR 1.392 LOSS 1.938
Epoch: [151][0/2]	Time 0.579 (0.579)	Data 0.005 (0.005)	Loss 0.7094 (0.7094)	ERR 0.842 (0.842)
Training Error: 0.928  Loss: 0.885
Test: [0/1]	Time 0.008 (0.008)	Loss 1.9301 (1.9301)	ERR 1.389 (1.389)
 * ERR 1.389 LOSS 1.930
Epoch: [152][0/2]	Time 0.561 (0.561)	Data 0.006 (0.006)	Loss 0.9217 (0.9217)	ERR 0.960 (0.960)
Training Error: 0.940  Loss: 0.886
Test: [0/1]	Time 0.008 (0.008)	Loss 1.9226 (1.9226)	ERR 1.387 (1.387)
 * ERR 1.387 LOSS 1.923
Epoch: [153][0/2]	Time 0.559 (0.559)	Data 0.005 (0.005)	Loss 0.9524 (0.9524)	ERR 0.976 (0.976)
Training Error: 0.939  Loss: 0.886
Test: [0/1]	Time 0.009 (0.009)	Loss 1.9214 (1.9214)	ERR 1.386 (1.386)
 * ERR 1.386 LOSS 1.921
Epoch: [154][0/2]	Time 0.568 (0.568)	Data 0.006 (0.006)	Loss 0.8001 (0.8001)	ERR 0.894 (0.894)
Training Error: 0.938  Loss: 0.886
Test: [0/1]	Time 0.009 (0.009)	Loss 1.9232 (1.9232)	ERR 1.387 (1.387)
 * ERR 1.387 LOSS 1.923
Epoch: [155][0/2]	Time 0.564 (0.564)	Data 0.005 (0.005)	Loss 0.9802 (0.9802)	ERR 0.990 (0.990)
Training Error: 0.936  Loss: 0.886
Test: [0/1]	Time 0.010 (0.010)	Loss 1.9260 (1.9260)	ERR 1.388 (1.388)
 * ERR 1.388 LOSS 1.926
Epoch: [156][0/2]	Time 0.563 (0.563)	Data 0.004 (0.004)	Loss 0.8900 (0.8900)	ERR 0.943 (0.943)
Training Error: 0.941  Loss: 0.885
Test: [0/1]	Time 0.008 (0.008)	Loss 1.9336 (1.9336)	ERR 1.391 (1.391)
 * ERR 1.391 LOSS 1.934
Epoch: [157][0/2]	Time 0.529 (0.529)	Data 0.005 (0.005)	Loss 0.9162 (0.9162)	ERR 0.957 (0.957)
Training Error: 0.940  Loss: 0.885
Test: [0/1]	Time 0.008 (0.008)	Loss 1.9424 (1.9424)	ERR 1.394 (1.394)
 * ERR 1.394 LOSS 1.942
Epoch: [158][0/2]	Time 0.621 (0.621)	Data 0.005 (0.005)	Loss 0.7788 (0.7788)	ERR 0.883 (0.883)
Training Error: 0.936  Loss: 0.885
Test: [0/1]	Time 0.015 (0.015)	Loss 1.9494 (1.9494)	ERR 1.396 (1.396)
 * ERR 1.396 LOSS 1.949
Epoch: [159][0/2]	Time 0.676 (0.676)	Data 0.007 (0.007)	Loss 0.9353 (0.9353)	ERR 0.967 (0.967)
Training Error: 0.939  Loss: 0.885
Test: [0/1]	Time 0.012 (0.012)	Loss 1.9531 (1.9531)	ERR 1.398 (1.398)
 * ERR 1.398 LOSS 1.953
Epoch: [160][0/2]	Time 0.649 (0.649)	Data 0.006 (0.006)	Loss 0.8559 (0.8559)	ERR 0.925 (0.925)
Training Error: 0.940  Loss: 0.885
Test: [0/1]	Time 0.011 (0.011)	Loss 1.9578 (1.9578)	ERR 1.399 (1.399)
 * ERR 1.399 LOSS 1.958
Epoch: [161][0/2]	Time 0.619 (0.619)	Data 0.004 (0.004)	Loss 0.9332 (0.9332)	ERR 0.966 (0.966)
Training Error: 0.939  Loss: 0.885
Test: [0/1]	Time 0.026 (0.026)	Loss 1.9633 (1.9633)	ERR 1.401 (1.401)
 * ERR 1.401 LOSS 1.963
Epoch: [162][0/2]	Time 0.555 (0.555)	Data 0.012 (0.012)	Loss 0.8725 (0.8725)	ERR 0.934 (0.934)
Training Error: 0.941  Loss: 0.885
Test: [0/1]	Time 0.008 (0.008)	Loss 1.9693 (1.9693)	ERR 1.403 (1.403)
 * ERR 1.403 LOSS 1.969
Epoch: [163][0/2]	Time 0.508 (0.508)	Data 0.004 (0.004)	Loss 0.8984 (0.8984)	ERR 0.948 (0.948)
Training Error: 0.941  Loss: 0.885
Test: [0/1]	Time 0.008 (0.008)	Loss 1.9748 (1.9748)	ERR 1.405 (1.405)
 * ERR 1.405 LOSS 1.975
Epoch: [164][0/2]	Time 0.504 (0.504)	Data 0.004 (0.004)	Loss 0.8866 (0.8866)	ERR 0.942 (0.942)
Training Error: 0.941  Loss: 0.885
Test: [0/1]	Time 0.008 (0.008)	Loss 1.9786 (1.9786)	ERR 1.407 (1.407)
 * ERR 1.407 LOSS 1.979
Epoch: [165][0/2]	Time 0.525 (0.525)	Data 0.004 (0.004)	Loss 0.9363 (0.9363)	ERR 0.968 (0.968)
Training Error: 0.939  Loss: 0.885
Test: [0/1]	Time 0.008 (0.008)	Loss 1.9798 (1.9798)	ERR 1.407 (1.407)
 * ERR 1.407 LOSS 1.980
Epoch: [166][0/2]	Time 0.518 (0.518)	Data 0.004 (0.004)	Loss 0.8230 (0.8230)	ERR 0.907 (0.907)
Training Error: 0.939  Loss: 0.885
Test: [0/1]	Time 0.008 (0.008)	Loss 1.9788 (1.9788)	ERR 1.407 (1.407)
 * ERR 1.407 LOSS 1.979
Epoch: [167][0/2]	Time 0.480 (0.480)	Data 0.004 (0.004)	Loss 0.9191 (0.9191)	ERR 0.959 (0.959)
Training Error: 0.940  Loss: 0.885
Test: [0/1]	Time 0.008 (0.008)	Loss 1.9766 (1.9766)	ERR 1.406 (1.406)
 * ERR 1.406 LOSS 1.977
Epoch: [168][0/2]	Time 0.483 (0.483)	Data 0.004 (0.004)	Loss 0.7158 (0.7158)	ERR 0.846 (0.846)
Training Error: 0.929  Loss: 0.885
Test: [0/1]	Time 0.008 (0.008)	Loss 1.9744 (1.9744)	ERR 1.405 (1.405)
 * ERR 1.405 LOSS 1.974
Epoch: [169][0/2]	Time 0.479 (0.479)	Data 0.004 (0.004)	Loss 1.0454 (1.0454)	ERR 1.022 (1.022)
Training Error: 0.923  Loss: 0.886
Test: [0/1]	Time 0.008 (0.008)	Loss 1.9707 (1.9707)	ERR 1.404 (1.404)
 * ERR 1.404 LOSS 1.971
Epoch: [170][0/2]	Time 0.638 (0.638)	Data 0.004 (0.004)	Loss 0.7943 (0.7943)	ERR 0.891 (0.891)
Training Error: 0.937  Loss: 0.885
Test: [0/1]	Time 0.011 (0.011)	Loss 1.9695 (1.9695)	ERR 1.403 (1.403)
 * ERR 1.403 LOSS 1.970
Epoch: [171][0/2]	Time 0.676 (0.676)	Data 0.006 (0.006)	Loss 0.7800 (0.7800)	ERR 0.883 (0.883)
Training Error: 0.936  Loss: 0.885
Test: [0/1]	Time 0.012 (0.012)	Loss 1.9641 (1.9641)	ERR 1.401 (1.401)
 * ERR 1.401 LOSS 1.964
Epoch: [172][0/2]	Time 0.609 (0.609)	Data 0.006 (0.006)	Loss 0.9242 (0.9242)	ERR 0.961 (0.961)
Training Error: 0.940  Loss: 0.885
Test: [0/1]	Time 0.011 (0.011)	Loss 1.9574 (1.9574)	ERR 1.399 (1.399)
 * ERR 1.399 LOSS 1.957
Epoch: [173][0/2]	Time 0.633 (0.633)	Data 0.006 (0.006)	Loss 0.9998 (0.9998)	ERR 1.000 (1.000)
Training Error: 0.932  Loss: 0.885
Test: [0/1]	Time 0.008 (0.008)	Loss 1.9550 (1.9550)	ERR 1.398 (1.398)
 * ERR 1.398 LOSS 1.955
Epoch: [174][0/2]	Time 0.531 (0.531)	Data 0.005 (0.005)	Loss 0.8350 (0.8350)	ERR 0.914 (0.914)
Training Error: 0.939  Loss: 0.885
Test: [0/1]	Time 0.009 (0.009)	Loss 1.9548 (1.9548)	ERR 1.398 (1.398)
 * ERR 1.398 LOSS 1.955
Epoch: [175][0/2]	Time 0.587 (0.587)	Data 0.005 (0.005)	Loss 0.9217 (0.9217)	ERR 0.960 (0.960)
Training Error: 0.940  Loss: 0.885
Test: [0/1]	Time 0.008 (0.008)	Loss 1.9549 (1.9549)	ERR 1.398 (1.398)
 * ERR 1.398 LOSS 1.955
Epoch: [176][0/2]	Time 0.582 (0.582)	Data 0.005 (0.005)	Loss 0.7786 (0.7786)	ERR 0.882 (0.882)
Training Error: 0.936  Loss: 0.885
Test: [0/1]	Time 0.009 (0.009)	Loss 1.9537 (1.9537)	ERR 1.398 (1.398)
 * ERR 1.398 LOSS 1.954
Epoch: [177][0/2]	Time 0.566 (0.566)	Data 0.004 (0.004)	Loss 0.8952 (0.8952)	ERR 0.946 (0.946)
Training Error: 0.940  Loss: 0.885
Test: [0/1]	Time 0.010 (0.010)	Loss 1.9492 (1.9492)	ERR 1.396 (1.396)
 * ERR 1.396 LOSS 1.949
Epoch: [178][0/2]	Time 0.578 (0.578)	Data 0.005 (0.005)	Loss 0.9905 (0.9905)	ERR 0.995 (0.995)
Training Error: 0.934  Loss: 0.885
Test: [0/1]	Time 0.011 (0.011)	Loss 1.9465 (1.9465)	ERR 1.395 (1.395)
 * ERR 1.395 LOSS 1.946
Epoch: [179][0/2]	Time 0.549 (0.549)	Data 0.006 (0.006)	Loss 0.9145 (0.9145)	ERR 0.956 (0.956)
Training Error: 0.940  Loss: 0.885
Test: [0/1]	Time 0.008 (0.008)	Loss 1.9463 (1.9463)	ERR 1.395 (1.395)
 * ERR 1.395 LOSS 1.946
Epoch: [180][0/2]	Time 0.543 (0.543)	Data 0.004 (0.004)	Loss 0.8411 (0.8411)	ERR 0.917 (0.917)
Training Error: 0.940  Loss: 0.885
Test: [0/1]	Time 0.018 (0.018)	Loss 1.9454 (1.9454)	ERR 1.395 (1.395)
 * ERR 1.395 LOSS 1.945
Epoch: [181][0/2]	Time 0.574 (0.574)	Data 0.005 (0.005)	Loss 0.8943 (0.8943)	ERR 0.946 (0.946)
Training Error: 0.941  Loss: 0.885
Test: [0/1]	Time 0.010 (0.010)	Loss 1.9439 (1.9439)	ERR 1.394 (1.394)
 * ERR 1.394 LOSS 1.944
Epoch: [182][0/2]	Time 0.553 (0.553)	Data 0.005 (0.005)	Loss 0.8782 (0.8782)	ERR 0.937 (0.937)
Training Error: 0.941  Loss: 0.885
Test: [0/1]	Time 0.010 (0.010)	Loss 1.9417 (1.9417)	ERR 1.393 (1.393)
 * ERR 1.393 LOSS 1.942
Epoch: [183][0/2]	Time 0.538 (0.538)	Data 0.004 (0.004)	Loss 0.8477 (0.8477)	ERR 0.921 (0.921)
Training Error: 0.940  Loss: 0.885
Test: [0/1]	Time 0.008 (0.008)	Loss 1.9374 (1.9374)	ERR 1.392 (1.392)
 * ERR 1.392 LOSS 1.937
Epoch: [184][0/2]	Time 0.589 (0.589)	Data 0.004 (0.004)	Loss 0.7937 (0.7937)	ERR 0.891 (0.891)
Training Error: 0.937  Loss: 0.885
Test: [0/1]	Time 0.009 (0.009)	Loss 1.9321 (1.9321)	ERR 1.390 (1.390)
 * ERR 1.390 LOSS 1.932
Epoch: [185][0/2]	Time 0.563 (0.563)	Data 0.005 (0.005)	Loss 0.9620 (0.9620)	ERR 0.981 (0.981)
Training Error: 0.938  Loss: 0.885
Test: [0/1]	Time 0.008 (0.008)	Loss 1.9267 (1.9267)	ERR 1.388 (1.388)
 * ERR 1.388 LOSS 1.927
Epoch: [186][0/2]	Time 0.538 (0.538)	Data 0.005 (0.005)	Loss 0.9403 (0.9403)	ERR 0.970 (0.970)
Training Error: 0.939  Loss: 0.886
Test: [0/1]	Time 0.008 (0.008)	Loss 1.9261 (1.9261)	ERR 1.388 (1.388)
 * ERR 1.388 LOSS 1.926
Epoch: [187][0/2]	Time 0.569 (0.569)	Data 0.004 (0.004)	Loss 0.9789 (0.9789)	ERR 0.989 (0.989)
Training Error: 0.936  Loss: 0.886
Test: [0/1]	Time 0.009 (0.009)	Loss 1.9289 (1.9289)	ERR 1.389 (1.389)
 * ERR 1.389 LOSS 1.929
Epoch: [188][0/2]	Time 0.582 (0.582)	Data 0.005 (0.005)	Loss 0.7806 (0.7806)	ERR 0.883 (0.883)
Training Error: 0.936  Loss: 0.885
Test: [0/1]	Time 0.009 (0.009)	Loss 1.9323 (1.9323)	ERR 1.390 (1.390)
 * ERR 1.390 LOSS 1.932
Epoch: [189][0/2]	Time 0.514 (0.514)	Data 0.004 (0.004)	Loss 0.8984 (0.8984)	ERR 0.948 (0.948)
Training Error: 0.941  Loss: 0.885
Test: [0/1]	Time 0.008 (0.008)	Loss 1.9350 (1.9350)	ERR 1.391 (1.391)
 * ERR 1.391 LOSS 1.935
Epoch: [190][0/2]	Time 0.534 (0.534)	Data 0.005 (0.005)	Loss 0.9369 (0.9369)	ERR 0.968 (0.968)
Training Error: 0.939  Loss: 0.885
Test: [0/1]	Time 0.009 (0.009)	Loss 1.9398 (1.9398)	ERR 1.393 (1.393)
 * ERR 1.393 LOSS 1.940
Epoch: [191][0/2]	Time 0.559 (0.559)	Data 0.004 (0.004)	Loss 0.9781 (0.9781)	ERR 0.989 (0.989)
Training Error: 0.935  Loss: 0.885
Test: [0/1]	Time 0.008 (0.008)	Loss 1.9495 (1.9495)	ERR 1.396 (1.396)
 * ERR 1.396 LOSS 1.950
Epoch: [192][0/2]	Time 0.573 (0.573)	Data 0.006 (0.006)	Loss 0.9202 (0.9202)	ERR 0.959 (0.959)
Training Error: 0.940  Loss: 0.884
Test: [0/1]	Time 0.011 (0.011)	Loss 1.9629 (1.9629)	ERR 1.401 (1.401)
 * ERR 1.401 LOSS 1.963
Epoch: [193][0/2]	Time 0.645 (0.645)	Data 0.005 (0.005)	Loss 0.8070 (0.8070)	ERR 0.898 (0.898)
Training Error: 0.938  Loss: 0.885
Test: [0/1]	Time 0.010 (0.010)	Loss 1.9741 (1.9741)	ERR 1.405 (1.405)
 * ERR 1.405 LOSS 1.974
Epoch: [194][0/2]	Time 0.636 (0.636)	Data 0.005 (0.005)	Loss 0.7825 (0.7825)	ERR 0.885 (0.885)
Training Error: 0.936  Loss: 0.886
Test: [0/1]	Time 0.029 (0.029)	Loss 1.9775 (1.9775)	ERR 1.406 (1.406)
 * ERR 1.406 LOSS 1.978
Epoch: [195][0/2]	Time 0.688 (0.688)	Data 0.009 (0.009)	Loss 0.8553 (0.8553)	ERR 0.925 (0.925)
Training Error: 0.940  Loss: 0.885
Test: [0/1]	Time 0.009 (0.009)	Loss 1.9743 (1.9743)	ERR 1.405 (1.405)
 * ERR 1.405 LOSS 1.974
Epoch: [196][0/2]	Time 0.561 (0.561)	Data 0.005 (0.005)	Loss 0.6947 (0.6947)	ERR 0.833 (0.833)
Training Error: 0.925  Loss: 0.885
Test: [0/1]	Time 0.008 (0.008)	Loss 1.9676 (1.9676)	ERR 1.403 (1.403)
 * ERR 1.403 LOSS 1.968
Epoch: [197][0/2]	Time 0.551 (0.551)	Data 0.004 (0.004)	Loss 0.8262 (0.8262)	ERR 0.909 (0.909)
Training Error: 0.939  Loss: 0.885
Test: [0/1]	Time 0.008 (0.008)	Loss 1.9564 (1.9564)	ERR 1.399 (1.399)
 * ERR 1.399 LOSS 1.956
Epoch: [198][0/2]	Time 0.533 (0.533)	Data 0.005 (0.005)	Loss 0.8761 (0.8761)	ERR 0.936 (0.936)
Training Error: 0.940  Loss: 0.884
Test: [0/1]	Time 0.009 (0.009)	Loss 1.9456 (1.9456)	ERR 1.395 (1.395)
 * ERR 1.395 LOSS 1.946
Epoch: [199][0/2]	Time 0.509 (0.509)	Data 0.004 (0.004)	Loss 0.9410 (0.9410)	ERR 0.970 (0.970)
Training Error: 0.939  Loss: 0.885
Test: [0/1]	Time 0.008 (0.008)	Loss 1.9378 (1.9378)	ERR 1.392 (1.392)
 * ERR 1.392 LOSS 1.938
---------Evaluate Model on Test Set---------------
Test: [0/1]	Time 0.012 (0.012)	Loss 1.3586 (1.3586)	ERR 1.166 (1.166)
Test error per property: 1.1655893
Test loss per property: 1.3585986
 ** ERR 1.166 LOSS 1.359
Best Error is:  1.273508071899414
2021-06-19 06:26:04.368067
Time taken  143.557776927948
