Length of dataset:  100
2021-06-12 21:00:45.463535
Cuda enabled:  False
{'root_dir': 'data/sample/', 'save_dir': 'data/sample/results_2/0/', 'disable_cuda': False, 'workers': 0, 'epochs': 3, 'start_epoch': 0, 'batch_size': 10, 'lr': 0.01, 'lr_milestones': [200, 400, 600, 800], 'momentum': 0.9, 'weight_decay': 0, 'print_freq': 10, 'resume': '', 'train_size': 60, 'val_size': 20, 'test_size': 20, 'optimizer': 'Adam', 'atom_fea_len': 64, 'h_fea_len': 32, 'n_conv': 1, 'n_hp': 1, 'scheduler': 'MultiStepLR', 'metric': 'mae', 'seed': 887, 'weights': None, 'dropout': 0, 'cuda': False}
Loading datasets...
Predicting  2  properties!!
Epoch: [0][0/6]	Time 0.128 (0.128)	Data 0.001 (0.001)	Loss 1.8144 (1.8144)	ERR 1.573 (1.573)
Training Error: 1.202  Loss: 1.094
Test: [0/2]	Time 0.015 (0.015)	Loss 0.4421 (0.4421)	ERR 0.753 (0.753)
 * ERR 0.793 LOSS 0.486
Saving best parameters...
Epoch: [1][0/6]	Time 0.094 (0.094)	Data 0.001 (0.001)	Loss 0.5921 (0.5921)	ERR 0.814 (0.814)
Training Error: 0.949  Loss: 0.742
Test: [0/2]	Time 0.014 (0.014)	Loss 0.9309 (0.9309)	ERR 0.945 (0.945)
 * ERR 1.104 LOSS 1.087
Epoch: [2][0/6]	Time 0.088 (0.088)	Data 0.001 (0.001)	Loss 0.6012 (0.6012)	ERR 0.818 (0.818)
Training Error: 0.895  Loss: 0.666
Test: [0/2]	Time 0.019 (0.019)	Loss 1.1276 (1.1276)	ERR 1.102 (1.102)
 * ERR 1.158 LOSS 1.110
---------Evaluate Model on Test Set---------------
Test: [0/2]	Time 0.010 (0.010)	Loss 0.6318 (0.6318)	ERR 0.911 (0.911)
Test error per property: [0.50460786 1.2954543 ]
Test loss per property: [0.36484328 0.75598246]
 ** ERR 0.900 LOSS 0.560
Best Error is:  0.7927911281585693
2021-06-12 21:00:52.681595
Time taken  7.21806001663208
Length of dataset:  100
2021-06-12 21:04:39.648694
Cuda enabled:  False
{'root_dir': 'data/sample/', 'save_dir': 'data/sample/results_2/0/', 'disable_cuda': False, 'workers': 0, 'epochs': 3, 'start_epoch': 0, 'batch_size': 10, 'lr': 0.01, 'lr_milestones': [200, 400, 600, 800], 'momentum': 0.9, 'weight_decay': 0, 'print_freq': 10, 'resume': '', 'train_size': 60, 'val_size': 20, 'test_size': 20, 'optimizer': 'Adam', 'atom_fea_len': 64, 'h_fea_len': 32, 'n_conv': 1, 'n_hp': 1, 'scheduler': 'MultiStepLR', 'metric': 'mae', 'seed': 887, 'weights': None, 'dropout': 0, 'cuda': False}
Loading datasets...
Predicting  2  properties!!
Epoch: [0][0/6]	Time 0.205 (0.205)	Data 0.003 (0.003)	Loss 1.1769 (1.1769)	ERR 1.359 (1.359)
Training Error: 1.250  Loss: 1.219
Test: [0/2]	Time 0.010 (0.010)	Loss 0.7734 (0.7734)	ERR 1.050 (1.050)
 * ERR 0.891 LOSS 0.619
Saving best parameters...
Epoch: [1][0/6]	Time 0.047 (0.047)	Data 0.001 (0.001)	Loss 0.6514 (0.6514)	ERR 0.984 (0.984)
Training Error: 0.947  Loss: 0.688
Test: [0/2]	Time 0.017 (0.017)	Loss 1.1825 (1.1825)	ERR 1.143 (1.143)
 * ERR 1.113 LOSS 1.208
Epoch: [2][0/6]	Time 0.045 (0.045)	Data 0.000 (0.000)	Loss 0.5959 (0.5959)	ERR 0.841 (0.841)
Training Error: 0.838  Loss: 0.605
Test: [0/2]	Time 0.014 (0.014)	Loss 0.4603 (0.4603)	ERR 0.748 (0.748)
 * ERR 0.944 LOSS 0.700
---------Evaluate Model on Test Set---------------
Test: [0/2]	Time 0.014 (0.014)	Loss 0.7245 (0.7245)	ERR 1.030 (1.030)
Test error per property: [0.5223662 1.5938947]
Test loss per property: [0.33879846 1.1318367 ]
 ** ERR 1.058 LOSS 0.735
Best Error is:  0.8910062909126282
2021-06-12 21:04:45.778553
Time taken  6.129852294921875
Length of dataset:  100
2021-06-12 21:06:11.855004
Cuda enabled:  False
{'root_dir': 'data/sample/', 'save_dir': 'data/sample/results_2/0/', 'disable_cuda': False, 'workers': 0, 'epochs': 3, 'start_epoch': 0, 'batch_size': 10, 'lr': 0.01, 'lr_milestones': [200, 400, 600, 800], 'momentum': 0.9, 'weight_decay': 0, 'print_freq': 10, 'resume': '', 'train_size': 60, 'val_size': 20, 'test_size': 20, 'optimizer': 'Adam', 'atom_fea_len': 64, 'h_fea_len': 32, 'n_conv': 1, 'n_hp': 1, 'scheduler': 'MultiStepLR', 'metric': 'mae', 'seed': 887, 'weights': None, 'dropout': 0, 'cuda': False}
Loading datasets...
Predicting  2  properties!!
Epoch: [0][0/6]	Time 0.222 (0.222)	Data 0.001 (0.001)	Loss 0.5983 (0.5983)	ERR 0.831 (0.831)
Training Error: 1.325  Loss: 1.491
Test: [0/2]	Time 0.035 (0.035)	Loss 1.4415 (1.4415)	ERR 1.412 (1.412)
 * ERR 1.210 LOSS 1.101
Saving best parameters...
Epoch: [1][0/6]	Time 0.118 (0.118)	Data 0.001 (0.001)	Loss 1.8303 (1.8303)	ERR 1.622 (1.622)
Training Error: 1.209  Loss: 1.157
Test: [0/2]	Time 0.032 (0.032)	Loss 0.6050 (0.6050)	ERR 0.876 (0.876)
 * ERR 0.921 LOSS 0.632
Saving best parameters...
Epoch: [2][0/6]	Time 0.078 (0.078)	Data 0.001 (0.001)	Loss 0.3393 (0.3393)	ERR 0.676 (0.676)
Training Error: 1.003  Loss: 0.806
Test: [0/2]	Time 0.034 (0.034)	Loss 0.3920 (0.3920)	ERR 0.737 (0.737)
 * ERR 0.838 LOSS 0.514
Saving best parameters...
---------Evaluate Model on Test Set---------------
Test: [0/2]	Time 0.009 (0.009)	Loss 0.2902 (0.2902)	ERR 0.603 (0.603)
Test error per property: [0.60296637 1.0563017 ]
Test loss per property: [0.6679487 0.6126728]
 ** ERR 0.830 LOSS 0.640
Best Error is:  0.8381708264350891
2021-06-12 21:06:19.356069
Time taken  7.50106406211853
